28.01.2020 10:46:12 : Дешифрование пароля успешно завершено
28.01.2020 10:46:18 : Хеш-последовательность успешно получена
28.01.2020 11:14:19 : Дешифрование пароля успешно завершено
28.01.2020 11:14:26 : Хеш-последовательность успешно получена
28.01.2020 11:17:30 : Дешифрование пароля успешно завершено
28.01.2020 11:17:35 : Хеш-последовательность успешно получена
28.01.2020 12:58:59 : Дешифрование пароля успешно завершено
28.01.2020 17:03:10 : Дешифрование пароля успешно завершено
28.01.2020 17:03:15 : Хеш-последовательность успешно получена
28.01.2020 17:03:37 : Дешифрование пароля успешно завершено
28.01.2020 17:03:42 : Хеш-последовательность успешно получена
28.01.2020 17:03:42 : Дешифрование пароля успешно завершено
28.01.2020 17:04:17 : Дешифрование пароля успешно завершено
28.01.2020 17:04:30 : Хеш-последовательность успешно получена
28.01.2020 17:25:44 : Дешифрование пароля успешно завершено
28.01.2020 17:26:22 : Дешифрование пароля успешно завершено
28.01.2020 17:26:27 : Хеш-последовательность успешно получена
28.01.2020 17:26:32 : System.ArgumentOutOfRangeException: Индекс за пределами диапазона. Индекс должен быть положительным числом, а его размер не должен превышать размер коллекции.
Имя параметра: index
   в System.ThrowHelper.ThrowArgumentOutOfRangeException(ExceptionArgument argument, ExceptionResource resource)
   в System.Collections.Generic.List`1.get_Item(Int32 index)
   в SZMK.ByteScout.get_Item(Int32 Index) в C:\Users\thedr\Desktop\Works\SZMK\SZMK\SZMK\ByteScout.cs:строка 39
   в SZMK.ARArhive_F.AddOrder() в C:\Users\thedr\Desktop\Works\SZMK\SZMK\SZMK\ARArhive_F.cs:строка 150
