26.03.2020 0:45:44 : Дешифрование пароля успешно завершено
26.03.2020 0:48:34 : Дешифрование пароля успешно завершено
26.03.2020 0:49:08 : Дешифрование пароля успешно завершено
26.03.2020 0:52:11 : Дешифрование пароля успешно завершено
26.03.2020 0:52:54 : Дешифрование пароля успешно завершено
26.03.2020 0:52:58 : Хеш-последовательность успешно получена
26.03.2020 0:54:07 : Дешифрование пароля успешно завершено
26.03.2020 0:54:37 : Дешифрование пароля успешно завершено
26.03.2020 0:55:13 : Дешифрование пароля успешно завершено
26.03.2020 0:55:17 : Хеш-последовательность успешно получена
26.03.2020 0:55:38 : Дешифрование пароля успешно завершено
26.03.2020 0:55:43 : Хеш-последовательность успешно получена
26.03.2020 1:08:07 : Дешифрование пароля успешно завершено
26.03.2020 1:08:15 : Хеш-последовательность успешно получена
26.03.2020 1:08:16 : Дешифрование пароля успешно завершено
26.03.2020 1:14:02 : Дешифрование пароля успешно завершено
26.03.2020 1:14:11 : Хеш-последовательность успешно получена
26.03.2020 1:14:12 : Хеш-последовательность успешно получена
26.03.2020 1:14:12 : Дешифрование пароля успешно завершено
26.03.2020 1:14:42 : Дешифрование пароля успешно завершено
26.03.2020 1:15:40 : Хеш-последовательность успешно получена
26.03.2020 1:15:44 : Хеш-последовательность успешно получена
26.03.2020 1:16:44 : Дешифрование пароля успешно завершено
26.03.2020 1:16:51 : Хеш-последовательность успешно получена
26.03.2020 1:16:55 : Дешифрование пароля успешно завершено
26.03.2020 1:18:45 : Дешифрование пароля успешно завершено
26.03.2020 1:18:52 : Хеш-последовательность успешно получена
26.03.2020 1:18:52 : Дешифрование пароля успешно завершено
26.03.2020 1:19:38 : Дешифрование пароля успешно завершено
26.03.2020 1:19:41 : Дешифрование пароля успешно завершено
26.03.2020 1:19:47 : Хеш-последовательность успешно получена
26.03.2020 1:19:47 : Дешифрование пароля успешно завершено
26.03.2020 1:21:24 : Дешифрование пароля успешно завершено
26.03.2020 1:21:32 : Хеш-последовательность успешно получена
26.03.2020 1:26:45 : Дешифрование пароля успешно завершено
26.03.2020 1:26:51 : Хеш-последовательность успешно получена
26.03.2020 1:33:15 : Дешифрование пароля успешно завершено
26.03.2020 1:33:21 : Хеш-последовательность успешно получена
26.03.2020 1:37:07 : Дешифрование пароля успешно завершено
26.03.2020 1:37:12 : Хеш-последовательность успешно получена
26.03.2020 1:51:11 : Дешифрование пароля успешно завершено
26.03.2020 1:51:15 : Хеш-последовательность успешно получена
26.03.2020 1:51:16 : System.Exception: System.InvalidCastException: Column is null
   в Npgsql.NpgsqlDataReader.GetFieldValue[T](Int32 ordinal) в C:\projects\npgsql\src\Npgsql\NpgsqlDataReader.cs:строка 1344
   в Npgsql.NpgsqlDataReader.GetString(Int32 ordinal) в C:\projects\npgsql\src\Npgsql\NpgsqlDataReader.cs:строка 903
   в SZMK.Request.GetAllOrders() в C:\Users\thedr\Desktop\Works\SZMK\SZMK\SZMK\Request.cs:строка 1010
   в SZMK.Request.GetAllOrders() в C:\Users\thedr\Desktop\Works\SZMK\SZMK\SZMK\Request.cs:строка 1027
   в SZMK.PDO_F.RefreshOrder() в C:\Users\thedr\Desktop\Works\SZMK\SZMK\SZMK\PDO_F.cs:строка 750
26.03.2020 1:51:22 : Дешифрование пароля успешно завершено
26.03.2020 1:53:29 : Дешифрование пароля успешно завершено
26.03.2020 1:53:36 : Хеш-последовательность успешно получена
26.03.2020 1:53:37 : System.Exception: System.InvalidCastException: Column is null
   в Npgsql.NpgsqlDataReader.GetFieldValue[T](Int32 ordinal) в C:\projects\npgsql\src\Npgsql\NpgsqlDataReader.cs:строка 1344
   в Npgsql.NpgsqlDataReader.GetString(Int32 ordinal) в C:\projects\npgsql\src\Npgsql\NpgsqlDataReader.cs:строка 903
   в SZMK.Request.GetAllOrders() в C:\Users\thedr\Desktop\Works\SZMK\SZMK\SZMK\Request.cs:строка 1010
   в SZMK.Request.GetAllOrders() в C:\Users\thedr\Desktop\Works\SZMK\SZMK\SZMK\Request.cs:строка 1031
   в SZMK.PDO_F.RefreshOrder() в C:\Users\thedr\Desktop\Works\SZMK\SZMK\SZMK\PDO_F.cs:строка 750
26.03.2020 1:53:43 : Дешифрование пароля успешно завершено
26.03.2020 1:53:50 : Хеш-последовательность успешно получена
26.03.2020 1:53:50 : System.Exception: System.InvalidCastException: Column is null
   в Npgsql.NpgsqlDataReader.GetFieldValue[T](Int32 ordinal) в C:\projects\npgsql\src\Npgsql\NpgsqlDataReader.cs:строка 1344
   в Npgsql.NpgsqlDataReader.GetString(Int32 ordinal) в C:\projects\npgsql\src\Npgsql\NpgsqlDataReader.cs:строка 903
   в SZMK.Request.GetAllOrders() в C:\Users\thedr\Desktop\Works\SZMK\SZMK\SZMK\Request.cs:строка 1010
   в SZMK.Request.GetAllOrders() в C:\Users\thedr\Desktop\Works\SZMK\SZMK\SZMK\Request.cs:строка 1031
   в SZMK.PDO_F.RefreshOrder() в C:\Users\thedr\Desktop\Works\SZMK\SZMK\SZMK\PDO_F.cs:строка 750
26.03.2020 1:53:58 : Дешифрование пароля успешно завершено
26.03.2020 1:54:03 : Хеш-последовательность успешно получена
26.03.2020 1:57:11 : Дешифрование пароля успешно завершено
26.03.2020 1:57:15 : Хеш-последовательность успешно получена
26.03.2020 2:15:41 : Дешифрование пароля успешно завершено
26.03.2020 2:15:45 : Хеш-последовательность успешно получена
26.03.2020 2:17:36 : Дешифрование пароля успешно завершено
26.03.2020 2:17:40 : Хеш-последовательность успешно получена
26.03.2020 2:19:20 : Дешифрование пароля успешно завершено
26.03.2020 2:19:25 : Хеш-последовательность успешно получена
26.03.2020 2:21:33 : Дешифрование пароля успешно завершено
26.03.2020 2:21:39 : Хеш-последовательность успешно получена
