29.12.2019 0:33:56 : Дешифрование пароля успешно завершено
29.12.2019 0:34:02 : Хеш-последовательность успешно получена
29.12.2019 0:36:44 : Дешифрование пароля успешно завершено
29.12.2019 0:36:48 : Хеш-последовательность успешно получена
29.12.2019 0:36:57 : Дешифрование пароля успешно завершено
29.12.2019 0:37:03 : Хеш-последовательность успешно получена
29.12.2019 0:41:21 : Дешифрование пароля успешно завершено
29.12.2019 0:41:26 : Хеш-последовательность успешно получена
29.12.2019 0:41:32 : Шифрование пароля успешно завершено
29.12.2019 0:42:10 : Дешифрование пароля успешно завершено
29.12.2019 0:42:18 : Хеш-последовательность успешно получена
29.12.2019 0:42:18 : Дешифрование пароля успешно завершено
29.12.2019 0:43:14 : Дешифрование пароля успешно завершено
29.12.2019 0:43:21 : Хеш-последовательность успешно получена
29.12.2019 0:43:21 : Дешифрование пароля успешно завершено
29.12.2019 0:44:55 : Дешифрование пароля успешно завершено
29.12.2019 0:45:00 : Хеш-последовательность успешно получена
29.12.2019 0:45:00 : Дешифрование пароля успешно завершено
29.12.2019 1:01:26 : Дешифрование пароля успешно завершено
29.12.2019 1:01:35 : Хеш-последовательность успешно получена
29.12.2019 1:01:35 : Дешифрование пароля успешно завершено
29.12.2019 1:09:21 : Дешифрование пароля успешно завершено
29.12.2019 1:10:57 : Дешифрование пароля успешно завершено
29.12.2019 1:11:04 : Хеш-последовательность успешно получена
29.12.2019 1:11:04 : Дешифрование пароля успешно завершено
29.12.2019 1:28:36 : Дешифрование пароля успешно завершено
29.12.2019 1:33:20 : Дешифрование пароля успешно завершено
29.12.2019 1:33:26 : Хеш-последовательность успешно получена
29.12.2019 1:33:27 : Хеш-последовательность успешно получена
29.12.2019 1:33:28 : Хеш-последовательность успешно получена
29.12.2019 1:33:28 : Хеш-последовательность успешно получена
29.12.2019 1:33:28 : Хеш-последовательность успешно получена
29.12.2019 1:33:28 : Хеш-последовательность успешно получена
29.12.2019 1:33:28 : Хеш-последовательность успешно получена
29.12.2019 1:33:29 : Хеш-последовательность успешно получена
29.12.2019 1:33:29 : Хеш-последовательность успешно получена
29.12.2019 1:33:29 : Хеш-последовательность успешно получена
29.12.2019 1:33:29 : Хеш-последовательность успешно получена
29.12.2019 1:33:29 : Хеш-последовательность успешно получена
29.12.2019 1:33:30 : Хеш-последовательность успешно получена
29.12.2019 1:33:30 : Хеш-последовательность успешно получена
29.12.2019 1:33:30 : Хеш-последовательность успешно получена
29.12.2019 1:33:30 : Хеш-последовательность успешно получена
29.12.2019 1:33:30 : Хеш-последовательность успешно получена
29.12.2019 1:33:30 : Хеш-последовательность успешно получена
29.12.2019 1:33:31 : Хеш-последовательность успешно получена
29.12.2019 1:33:31 : Хеш-последовательность успешно получена
29.12.2019 1:33:31 : Хеш-последовательность успешно получена
29.12.2019 1:33:31 : Хеш-последовательность успешно получена
29.12.2019 1:33:31 : Хеш-последовательность успешно получена
29.12.2019 1:33:31 : Хеш-последовательность успешно получена
29.12.2019 1:33:55 : Дешифрование пароля успешно завершено
29.12.2019 1:34:16 : Хеш-последовательность успешно получена
29.12.2019 1:35:22 : Дешифрование пароля успешно завершено
29.12.2019 1:35:31 : Хеш-последовательность успешно получена
29.12.2019 1:35:37 : Хеш-последовательность успешно получена
29.12.2019 1:36:19 : Дешифрование пароля успешно завершено
29.12.2019 1:36:25 : Хеш-последовательность успешно получена
29.12.2019 1:36:46 : Дешифрование пароля успешно завершено
29.12.2019 1:36:52 : Хеш-последовательность успешно получена
29.12.2019 1:37:40 : Дешифрование пароля успешно завершено
29.12.2019 1:37:45 : Хеш-последовательность успешно получена
29.12.2019 1:39:26 : Хеш-последовательность успешно получена
29.12.2019 1:39:44 : Хеш-последовательность успешно получена
29.12.2019 1:39:44 : Дешифрование пароля успешно завершено
29.12.2019 1:40:03 : Дешифрование пароля успешно завершено
29.12.2019 1:40:06 : Шифрование пароля успешно завершено
29.12.2019 1:40:06 : Шифрование пароля успешно завершено
29.12.2019 1:40:06 : Шифрование пароля успешно завершено
29.12.2019 1:40:06 : Шифрование пароля успешно завершено
29.12.2019 1:40:06 : Шифрование пароля успешно завершено
29.12.2019 1:40:06 : Шифрование пароля успешно завершено
29.12.2019 1:40:09 : Шифрование пароля успешно завершено
29.12.2019 1:40:09 : Шифрование пароля успешно завершено
29.12.2019 1:40:09 : Шифрование пароля успешно завершено
29.12.2019 1:40:09 : Шифрование пароля успешно завершено
29.12.2019 1:40:09 : Шифрование пароля успешно завершено
29.12.2019 1:40:09 : Шифрование пароля успешно завершено
29.12.2019 1:40:13 : Дешифрование пароля успешно завершено
29.12.2019 1:41:06 : Шифрование пароля успешно завершено
29.12.2019 1:41:07 : Шифрование пароля успешно завершено
29.12.2019 1:41:07 : Шифрование пароля успешно завершено
29.12.2019 1:41:07 : Шифрование пароля успешно завершено
29.12.2019 1:41:07 : Шифрование пароля успешно завершено
29.12.2019 1:41:44 : Шифрование пароля успешно завершено
29.12.2019 1:42:33 : Шифрование пароля успешно завершено
29.12.2019 1:42:33 : Шифрование пароля успешно завершено
29.12.2019 1:42:33 : Шифрование пароля успешно завершено
29.12.2019 1:42:33 : Шифрование пароля успешно завершено
29.12.2019 1:42:33 : Шифрование пароля успешно завершено
29.12.2019 1:42:43 : Шифрование пароля успешно завершено
29.12.2019 1:43:29 : Шифрование пароля успешно завершено
29.12.2019 1:43:29 : Шифрование пароля успешно завершено
29.12.2019 1:43:29 : Шифрование пароля успешно завершено
29.12.2019 1:43:29 : Шифрование пароля успешно завершено
29.12.2019 1:43:29 : Шифрование пароля успешно завершено
29.12.2019 1:43:37 : Шифрование пароля успешно завершено
29.12.2019 1:43:59 : Дешифрование пароля успешно завершено
29.12.2019 1:44:04 : Хеш-последовательность успешно получена
29.12.2019 1:44:09 : Дешифрование пароля успешно завершено
29.12.2019 1:44:14 : Хеш-последовательность успешно получена
29.12.2019 1:44:14 : Дешифрование пароля успешно завершено
29.12.2019 1:44:19 : Дешифрование пароля успешно завершено
29.12.2019 1:44:20 : Шифрование пароля успешно завершено
29.12.2019 1:44:20 : Шифрование пароля успешно завершено
29.12.2019 1:44:20 : Шифрование пароля успешно завершено
29.12.2019 1:44:20 : Шифрование пароля успешно завершено
29.12.2019 1:44:20 : Шифрование пароля успешно завершено
29.12.2019 1:44:20 : Шифрование пароля успешно завершено
29.12.2019 1:44:21 : Шифрование пароля успешно завершено
29.12.2019 1:44:21 : Шифрование пароля успешно завершено
29.12.2019 1:44:21 : Шифрование пароля успешно завершено
29.12.2019 1:44:21 : Шифрование пароля успешно завершено
29.12.2019 1:44:21 : Шифрование пароля успешно завершено
29.12.2019 1:44:21 : Шифрование пароля успешно завершено
29.12.2019 1:44:24 : Шифрование пароля успешно завершено
29.12.2019 1:44:24 : Шифрование пароля успешно завершено
29.12.2019 1:44:24 : Шифрование пароля успешно завершено
29.12.2019 1:44:24 : Шифрование пароля успешно завершено
29.12.2019 1:44:24 : Шифрование пароля успешно завершено
29.12.2019 1:44:24 : Шифрование пароля успешно завершено
29.12.2019 1:44:26 : Дешифрование пароля успешно завершено
29.12.2019 1:44:29 : Шифрование пароля успешно завершено
29.12.2019 1:44:29 : Шифрование пароля успешно завершено
29.12.2019 1:44:29 : Шифрование пароля успешно завершено
29.12.2019 1:44:29 : Шифрование пароля успешно завершено
29.12.2019 1:44:29 : Шифрование пароля успешно завершено
29.12.2019 1:44:29 : Шифрование пароля успешно завершено
29.12.2019 1:45:29 : Дешифрование пароля успешно завершено
29.12.2019 1:45:34 : Хеш-последовательность успешно получена
29.12.2019 1:45:34 : Дешифрование пароля успешно завершено
29.12.2019 1:46:23 : Дешифрование пароля успешно завершено
29.12.2019 1:46:27 : Хеш-последовательность успешно получена
29.12.2019 1:46:27 : Дешифрование пароля успешно завершено
29.12.2019 1:49:02 : Дешифрование пароля успешно завершено
29.12.2019 1:49:11 : Хеш-последовательность успешно получена
29.12.2019 1:49:12 : Хеш-последовательность успешно получена
29.12.2019 1:49:13 : Дешифрование пароля успешно завершено
29.12.2019 1:50:55 : Дешифрование пароля успешно завершено
29.12.2019 1:51:01 : Хеш-последовательность успешно получена
29.12.2019 1:51:02 : Хеш-последовательность успешно получена
29.12.2019 1:51:02 : Дешифрование пароля успешно завершено
29.12.2019 1:51:31 : Дешифрование пароля успешно завершено
29.12.2019 1:51:35 : Хеш-последовательность успешно получена
29.12.2019 1:51:37 : Хеш-последовательность успешно получена
29.12.2019 1:51:37 : Дешифрование пароля успешно завершено
29.12.2019 1:52:04 : Дешифрование пароля успешно завершено
29.12.2019 1:52:15 : Хеш-последовательность успешно получена
29.12.2019 1:52:25 : Дешифрование пароля успешно завершено
29.12.2019 1:52:29 : Хеш-последовательность успешно получена
29.12.2019 1:52:30 : Дешифрование пароля успешно завершено
29.12.2019 1:53:23 : Дешифрование пароля успешно завершено
29.12.2019 1:53:27 : Хеш-последовательность успешно получена
29.12.2019 1:53:28 : Хеш-последовательность успешно получена
29.12.2019 1:53:28 : Дешифрование пароля успешно завершено
29.12.2019 1:53:42 : Дешифрование пароля успешно завершено
29.12.2019 1:53:46 : Хеш-последовательность успешно получена
29.12.2019 1:56:43 : Дешифрование пароля успешно завершено
29.12.2019 1:56:48 : Хеш-последовательность успешно получена
29.12.2019 2:14:03 : Дешифрование пароля успешно завершено
29.12.2019 2:14:33 : Дешифрование пароля успешно завершено
29.12.2019 2:14:38 : Хеш-последовательность успешно получена
29.12.2019 2:14:40 : Хеш-последовательность успешно получена
29.12.2019 2:14:40 : Дешифрование пароля успешно завершено
29.12.2019 2:14:53 : Дешифрование пароля успешно завершено
29.12.2019 2:16:11 : Дешифрование пароля успешно завершено
29.12.2019 2:16:17 : Хеш-последовательность успешно получена
29.12.2019 2:16:17 : Дешифрование пароля успешно завершено
29.12.2019 2:18:59 : Дешифрование пароля успешно завершено
29.12.2019 2:19:03 : Хеш-последовательность успешно получена
29.12.2019 2:19:05 : Хеш-последовательность успешно получена
29.12.2019 2:19:05 : Дешифрование пароля успешно завершено
29.12.2019 2:21:09 : Дешифрование пароля успешно завершено
29.12.2019 2:21:15 : Хеш-последовательность успешно получена
29.12.2019 2:21:17 : Хеш-последовательность успешно получена
29.12.2019 2:21:17 : Дешифрование пароля успешно завершено
29.12.2019 2:24:24 : Дешифрование пароля успешно завершено
29.12.2019 2:24:28 : Хеш-последовательность успешно получена
29.12.2019 2:24:28 : Дешифрование пароля успешно завершено
29.12.2019 2:26:35 : Дешифрование пароля успешно завершено
29.12.2019 2:26:39 : Хеш-последовательность успешно получена
29.12.2019 2:26:41 : Хеш-последовательность успешно получена
29.12.2019 2:26:41 : Дешифрование пароля успешно завершено
29.12.2019 2:27:33 : Дешифрование пароля успешно завершено
29.12.2019 2:27:37 : Хеш-последовательность успешно получена
29.12.2019 2:27:37 : Дешифрование пароля успешно завершено
29.12.2019 2:27:45 : Шифрование пароля успешно завершено
29.12.2019 2:27:55 : Шифрование пароля успешно завершено
29.12.2019 2:28:20 : Дешифрование пароля успешно завершено
29.12.2019 2:28:25 : Хеш-последовательность успешно получена
29.12.2019 2:28:25 : Дешифрование пароля успешно завершено
29.12.2019 2:28:34 : Шифрование пароля успешно завершено
29.12.2019 2:28:40 : Шифрование пароля успешно завершено
29.12.2019 2:33:41 : Дешифрование пароля успешно завершено
29.12.2019 2:33:47 : Хеш-последовательность успешно получена
29.12.2019 2:33:48 : Дешифрование пароля успешно завершено
29.12.2019 2:35:06 : Шифрование пароля успешно завершено
29.12.2019 2:35:59 : Шифрование пароля успешно завершено
29.12.2019 2:36:37 : Шифрование пароля успешно завершено
29.12.2019 2:36:54 : Шифрование пароля успешно завершено
29.12.2019 2:37:14 : Дешифрование пароля успешно завершено
29.12.2019 2:37:21 : Хеш-последовательность успешно получена
29.12.2019 2:37:21 : Дешифрование пароля успешно завершено
29.12.2019 2:37:28 : Шифрование пароля успешно завершено
29.12.2019 3:00:40 : Дешифрование пароля успешно завершено
29.12.2019 3:00:45 : Хеш-последовательность успешно получена
29.12.2019 3:00:45 : Дешифрование пароля успешно завершено
29.12.2019 3:00:59 : Шифрование пароля успешно завершено
29.12.2019 3:49:12 : Дешифрование пароля успешно завершено
29.12.2019 3:49:19 : Хеш-последовательность успешно получена
29.12.2019 3:50:02 : Дешифрование пароля успешно завершено
29.12.2019 3:50:07 : Хеш-последовательность успешно получена
29.12.2019 3:50:49 : Дешифрование пароля успешно завершено
29.12.2019 3:50:55 : Хеш-последовательность успешно получена
29.12.2019 11:52:48 : Дешифрование пароля успешно завершено
29.12.2019 11:53:02 : Хеш-последовательность успешно получена
29.12.2019 11:53:02 : Дешифрование пароля успешно завершено
29.12.2019 11:54:39 : Дешифрование пароля успешно завершено
29.12.2019 11:54:45 : Хеш-последовательность успешно получена
29.12.2019 11:54:45 : Дешифрование пароля успешно завершено
29.12.2019 12:00:15 : Дешифрование пароля успешно завершено
29.12.2019 12:00:39 : Хеш-последовательность успешно получена
29.12.2019 12:00:39 : Дешифрование пароля успешно завершено
29.12.2019 12:08:41 : Дешифрование пароля успешно завершено
29.12.2019 12:08:47 : Хеш-последовательность успешно получена
29.12.2019 12:08:47 : Дешифрование пароля успешно завершено
29.12.2019 12:19:51 : Дешифрование пароля успешно завершено
29.12.2019 12:19:57 : Хеш-последовательность успешно получена
29.12.2019 12:19:57 : Дешифрование пароля успешно завершено
29.12.2019 12:20:52 : Дешифрование пароля успешно завершено
29.12.2019 12:20:58 : Хеш-последовательность успешно получена
29.12.2019 12:20:58 : Дешифрование пароля успешно завершено
29.12.2019 12:22:06 : Дешифрование пароля успешно завершено
29.12.2019 12:22:12 : Хеш-последовательность успешно получена
29.12.2019 12:22:12 : Дешифрование пароля успешно завершено
29.12.2019 12:22:57 : Дешифрование пароля успешно завершено
29.12.2019 12:23:03 : Хеш-последовательность успешно получена
29.12.2019 12:23:03 : Дешифрование пароля успешно завершено
29.12.2019 12:24:27 : Дешифрование пароля успешно завершено
29.12.2019 12:24:33 : Хеш-последовательность успешно получена
29.12.2019 12:24:33 : Дешифрование пароля успешно завершено
29.12.2019 12:25:24 : Дешифрование пароля успешно завершено
29.12.2019 12:25:30 : Хеш-последовательность успешно получена
29.12.2019 12:25:30 : Дешифрование пароля успешно завершено
29.12.2019 12:26:04 : Дешифрование пароля успешно завершено
29.12.2019 12:26:10 : Хеш-последовательность успешно получена
29.12.2019 12:26:10 : Дешифрование пароля успешно завершено
29.12.2019 12:31:16 : Дешифрование пароля успешно завершено
29.12.2019 12:31:22 : Хеш-последовательность успешно получена
29.12.2019 12:31:22 : Дешифрование пароля успешно завершено
29.12.2019 12:31:38 : Дешифрование пароля успешно завершено
29.12.2019 12:31:45 : Хеш-последовательность успешно получена
29.12.2019 12:31:45 : Дешифрование пароля успешно завершено
29.12.2019 12:32:25 : Дешифрование пароля успешно завершено
29.12.2019 12:32:31 : Хеш-последовательность успешно получена
29.12.2019 12:32:31 : Дешифрование пароля успешно завершено
29.12.2019 12:33:00 : Дешифрование пароля успешно завершено
29.12.2019 12:33:06 : Хеш-последовательность успешно получена
29.12.2019 12:33:06 : Дешифрование пароля успешно завершено
29.12.2019 12:34:07 : Дешифрование пароля успешно завершено
29.12.2019 12:34:13 : Хеш-последовательность успешно получена
29.12.2019 12:34:14 : Дешифрование пароля успешно завершено
29.12.2019 12:35:53 : Дешифрование пароля успешно завершено
29.12.2019 12:36:00 : Хеш-последовательность успешно получена
29.12.2019 12:36:00 : Дешифрование пароля успешно завершено
29.12.2019 12:36:37 : Дешифрование пароля успешно завершено
29.12.2019 12:36:43 : Хеш-последовательность успешно получена
29.12.2019 12:36:43 : Дешифрование пароля успешно завершено
29.12.2019 12:38:11 : Дешифрование пароля успешно завершено
29.12.2019 12:38:19 : Хеш-последовательность успешно получена
29.12.2019 12:38:19 : Дешифрование пароля успешно завершено
29.12.2019 12:38:59 : Дешифрование пароля успешно завершено
29.12.2019 12:39:05 : Хеш-последовательность успешно получена
29.12.2019 12:39:05 : Дешифрование пароля успешно завершено
29.12.2019 12:40:50 : Дешифрование пароля успешно завершено
29.12.2019 12:40:56 : Хеш-последовательность успешно получена
29.12.2019 12:40:56 : Дешифрование пароля успешно завершено
29.12.2019 12:43:27 : Дешифрование пароля успешно завершено
29.12.2019 12:43:33 : Хеш-последовательность успешно получена
29.12.2019 12:43:33 : Дешифрование пароля успешно завершено
29.12.2019 12:58:03 : Дешифрование пароля успешно завершено
29.12.2019 12:58:10 : Хеш-последовательность успешно получена
29.12.2019 12:58:10 : Дешифрование пароля успешно завершено
29.12.2019 13:07:57 : Дешифрование пароля успешно завершено
29.12.2019 13:08:03 : Хеш-последовательность успешно получена
29.12.2019 13:08:03 : Дешифрование пароля успешно завершено
29.12.2019 13:08:13 : Получено пустое значение параметра поиска
29.12.2019 13:12:32 : Дешифрование пароля успешно завершено
29.12.2019 13:12:40 : Хеш-последовательность успешно получена
29.12.2019 13:12:40 : Дешифрование пароля успешно завершено
29.12.2019 13:16:15 : Дешифрование пароля успешно завершено
29.12.2019 13:16:22 : Хеш-последовательность успешно получена
29.12.2019 13:16:23 : Дешифрование пароля успешно завершено
29.12.2019 13:27:13 : Дешифрование пароля успешно завершено
29.12.2019 13:29:06 : Дешифрование пароля успешно завершено
29.12.2019 13:29:34 : Дешифрование пароля успешно завершено
29.12.2019 13:29:46 : Хеш-последовательность успешно получена
29.12.2019 13:29:49 : Хеш-последовательность успешно получена
29.12.2019 13:29:50 : Хеш-последовательность успешно получена
29.12.2019 13:29:52 : Хеш-последовательность успешно получена
29.12.2019 13:30:09 : Дешифрование пароля успешно завершено
29.12.2019 13:30:53 : Дешифрование пароля успешно завершено
29.12.2019 13:31:31 : Дешифрование пароля успешно завершено
29.12.2019 13:33:42 : Дешифрование пароля успешно завершено
29.12.2019 13:34:08 : Дешифрование пароля успешно завершено
29.12.2019 13:34:48 : Дешифрование пароля успешно завершено
29.12.2019 13:36:09 : Дешифрование пароля успешно завершено
29.12.2019 13:36:58 : Дешифрование пароля успешно завершено
29.12.2019 13:39:57 : Дешифрование пароля успешно завершено
29.12.2019 13:40:53 : Дешифрование пароля успешно завершено
29.12.2019 13:41:13 : Дешифрование пароля успешно завершено
29.12.2019 13:42:34 : Дешифрование пароля успешно завершено
29.12.2019 13:44:04 : Дешифрование пароля успешно завершено
29.12.2019 13:44:37 : Дешифрование пароля успешно завершено
29.12.2019 13:45:21 : Дешифрование пароля успешно завершено
29.12.2019 13:46:02 : Дешифрование пароля успешно завершено
29.12.2019 13:46:34 : Дешифрование пароля успешно завершено
29.12.2019 13:47:05 : Хеш-последовательность успешно получена
29.12.2019 13:47:05 : Дешифрование пароля успешно завершено
29.12.2019 13:47:58 : Дешифрование пароля успешно завершено
29.12.2019 13:48:12 : Хеш-последовательность успешно получена
29.12.2019 13:48:18 : Хеш-последовательность успешно получена
29.12.2019 13:48:18 : Дешифрование пароля успешно завершено
29.12.2019 13:49:25 : Дешифрование пароля успешно завершено
29.12.2019 13:49:51 : Хеш-последовательность успешно получена
29.12.2019 13:49:51 : Дешифрование пароля успешно завершено
29.12.2019 13:49:58 : Дешифрование пароля успешно завершено
29.12.2019 13:50:27 : Хеш-последовательность успешно получена
29.12.2019 13:50:27 : Дешифрование пароля успешно завершено
29.12.2019 13:50:50 : Дешифрование пароля успешно завершено
29.12.2019 14:00:01 : Дешифрование пароля успешно завершено
29.12.2019 14:00:36 : Дешифрование пароля успешно завершено
29.12.2019 14:02:15 : Дешифрование пароля успешно завершено
29.12.2019 14:04:57 : Дешифрование пароля успешно завершено
29.12.2019 14:05:25 : Хеш-последовательность успешно получена
29.12.2019 14:05:25 : Дешифрование пароля успешно завершено
29.12.2019 14:05:31 : Дешифрование пароля успешно завершено
29.12.2019 14:05:48 : Хеш-последовательность успешно получена
29.12.2019 14:05:50 : Хеш-последовательность успешно получена
29.12.2019 14:05:52 : Хеш-последовательность успешно получена
29.12.2019 14:05:53 : Хеш-последовательность успешно получена
29.12.2019 14:06:35 : Хеш-последовательность успешно получена
29.12.2019 14:06:39 : Дешифрование пароля успешно завершено
29.12.2019 14:06:44 : Хеш-последовательность успешно получена
29.12.2019 14:06:50 : Хеш-последовательность успешно получена
29.12.2019 14:06:50 : Дешифрование пароля успешно завершено
29.12.2019 14:07:00 : Дешифрование пароля успешно завершено
29.12.2019 14:07:10 : Хеш-последовательность успешно получена
29.12.2019 14:07:15 : Хеш-последовательность успешно получена
29.12.2019 14:07:39 : Дешифрование пароля успешно завершено
29.12.2019 14:10:15 : Дешифрование пароля успешно завершено
29.12.2019 14:11:00 : Дешифрование пароля успешно завершено
29.12.2019 14:11:26 : Хеш-последовательность успешно получена
29.12.2019 14:11:32 : Хеш-последовательность успешно получена
29.12.2019 14:12:09 : Дешифрование пароля успешно завершено
29.12.2019 14:12:31 : Дешифрование пароля успешно завершено
29.12.2019 14:12:39 : Хеш-последовательность успешно получена
29.12.2019 14:14:33 : Дешифрование пароля успешно завершено
29.12.2019 14:15:42 : Дешифрование пароля успешно завершено
29.12.2019 14:17:17 : Дешифрование пароля успешно завершено
29.12.2019 14:17:28 : Хеш-последовательность успешно получена
29.12.2019 14:17:28 : Дешифрование пароля успешно завершено
29.12.2019 14:17:37 : Получено пустое значение параметра поиска
29.12.2019 14:17:38 : Получено пустое значение параметра поиска
29.12.2019 14:17:39 : Получено пустое значение параметра поиска
29.12.2019 14:17:39 : Получено пустое значение параметра поиска
29.12.2019 14:17:40 : Получено пустое значение параметра поиска
29.12.2019 14:17:48 : Получено пустое значение параметра поиска
29.12.2019 14:17:48 : Получено пустое значение параметра поиска
29.12.2019 14:17:48 : Получено пустое значение параметра поиска
29.12.2019 14:17:49 : Получено пустое значение параметра поиска
29.12.2019 14:17:51 : Перебор значений по заданным параметрам успешно завершен
29.12.2019 14:17:52 : Количество объектов по параметрам поиска 0
29.12.2019 14:17:53 : Перебор значений по заданным параметрам успешно завершен
29.12.2019 14:17:53 : Количество объектов по параметрам поиска 0
29.12.2019 14:18:25 : Дешифрование пароля успешно завершено
29.12.2019 14:31:40 : Дешифрование пароля успешно завершено
29.12.2019 14:32:44 : Дешифрование пароля успешно завершено
29.12.2019 14:34:34 : Дешифрование пароля успешно завершено
29.12.2019 14:35:08 : Хеш-последовательность успешно получена
29.12.2019 14:35:08 : Дешифрование пароля успешно завершено
29.12.2019 14:35:30 : Хеш-последовательность успешно получена
29.12.2019 14:35:35 : Дешифрование пароля успешно завершено
29.12.2019 14:52:43 : Дешифрование пароля успешно завершено
29.12.2019 14:52:51 : Хеш-последовательность успешно получена
29.12.2019 14:52:55 : Хеш-последовательность успешно получена
29.12.2019 14:53:06 : Хеш-последовательность успешно получена
29.12.2019 14:53:06 : Дешифрование пароля успешно завершено
29.12.2019 14:54:05 : Дешифрование пароля успешно завершено
29.12.2019 14:54:14 : Хеш-последовательность успешно получена
29.12.2019 14:54:14 : Дешифрование пароля успешно завершено
29.12.2019 14:56:06 : Дешифрование пароля успешно завершено
29.12.2019 14:56:14 : Хеш-последовательность успешно получена
29.12.2019 14:56:14 : Дешифрование пароля успешно завершено
29.12.2019 14:57:26 : Дешифрование пароля успешно завершено
29.12.2019 14:57:31 : Хеш-последовательность успешно получена
29.12.2019 14:57:31 : Дешифрование пароля успешно завершено
29.12.2019 14:57:49 : Хеш-последовательность успешно получена
29.12.2019 14:57:58 : Дешифрование пароля успешно завершено
29.12.2019 14:58:07 : Хеш-последовательность успешно получена
29.12.2019 14:58:07 : Дешифрование пароля успешно завершено
29.12.2019 14:59:13 : Хеш-последовательность успешно получена
29.12.2019 14:59:36 : Хеш-последовательность успешно получена
29.12.2019 14:59:47 : Дешифрование пароля успешно завершено
29.12.2019 14:59:56 : Хеш-последовательность успешно получена
29.12.2019 14:59:56 : Дешифрование пароля успешно завершено
29.12.2019 15:06:23 : Дешифрование пароля успешно завершено
29.12.2019 15:06:30 : Хеш-последовательность успешно получена
29.12.2019 15:06:31 : Дешифрование пароля успешно завершено
29.12.2019 15:06:48 : Дешифрование пароля успешно завершено
29.12.2019 15:06:55 : Хеш-последовательность успешно получена
29.12.2019 15:06:55 : Дешифрование пароля успешно завершено
29.12.2019 15:07:01 : Дешифрование пароля успешно завершено
29.12.2019 15:07:07 : Хеш-последовательность успешно получена
29.12.2019 15:07:08 : Дешифрование пароля успешно завершено
29.12.2019 15:07:33 : Дешифрование пароля успешно завершено
29.12.2019 15:07:39 : Хеш-последовательность успешно получена
29.12.2019 15:07:39 : Дешифрование пароля успешно завершено
29.12.2019 15:08:41 : Дешифрование пароля успешно завершено
29.12.2019 15:08:52 : Хеш-последовательность успешно получена
29.12.2019 15:08:52 : Дешифрование пароля успешно завершено
29.12.2019 15:09:34 : Дешифрование пароля успешно завершено
