06.01.2020 2:49:25 : Чтение после конца потока невозможно.
06.01.2020 14:10:07 : Чтение после конца потока невозможно.
06.01.2020 14:19:09 : Обычно разрешается только одно использование адреса сокета (протокол/сетевой адрес/порт)
06.01.2020 14:19:10 : Ошибка запуска сервера
06.01.2020 14:19:14 : Обновлены параметры сервера порт: 49000 06.01.2020 14:19:14
06.01.2020 14:19:16 : Сервер свернут в трей
06.01.2020 14:19:20 : Сервер развернут из трея
06.01.2020 14:19:20 : Сервер развернут из трея
06.01.2020 14:19:24 : Закрытие сервера
06.01.2020 14:19:25 : Закрытие сервера
06.01.2020 14:19:27 : Запущено слушание клиентов и найдена директория темповых файлов
06.01.2020 14:19:27 : Сервер успешно запущен
06.01.2020 14:19:29 : Сервер свернут в трей
06.01.2020 14:19:51 : Сервер развернут из трея
06.01.2020 14:19:52 : Закрытие сервера
06.01.2020 22:47:05 : Запущено слушание клиентов и найдена директория темповых файлов
06.01.2020 22:47:05 : Сервер успешно запущен
06.01.2020 22:47:09 : Сервер свернут в трей
06.01.2020 22:47:11 : Была проведена проверка соединения пользователем Arhive
06.01.2020 22:47:23 : Был присоединен пользователь Arhive
06.01.2020 22:47:23 : Был получен файл: 1852(16)_531_H-34_Шипунова Е.А._3520_60,79.tiff
06.01.2020 22:47:23 : Были отправлены данные: 1852(16)_531_H-34_Шипунова Е.А._3520_60,79
06.01.2020 22:47:23 : Был отключен пользователь Arhive
06.01.2020 22:47:24 : Был присоединен пользователь Arhive
06.01.2020 22:47:24 : Был получен файл: 1852(16)_532_H-35_Шипунова Е.А._2820_48,7.tiff
06.01.2020 22:47:24 : Были отправлены данные: 1852(16)_532_H-35_Шипунова Е.А._2820_48,7
06.01.2020 22:47:24 : Был отключен пользователь Arhive
06.01.2020 22:47:25 : Был присоединен пользователь Arhive
06.01.2020 22:47:25 : Был получен файл: 1852(16)_536_H-33_Шипунова Е.А._2930_50,6.tiff
06.01.2020 22:47:25 : Были отправлены данные: 1852(16)_536_H-33_Шипунова Е.А._2930_50,6
06.01.2020 22:47:25 : Был отключен пользователь Arhive
06.01.2020 22:47:29 : Была проведена проверка соединения пользователем Arhive
06.01.2020 22:47:35 : Был присоединен пользователь Arhive
06.01.2020 22:47:35 : Был получен файл: 1852(16)_532_H-35_Шипунова Е.А._2820_48,7.tiff
06.01.2020 22:47:36 : Были отправлены данные: 1852(16)_532_H-35_Шипунова Е.А._2820_48,7
06.01.2020 22:47:36 : Был отключен пользователь Arhive
06.01.2020 22:47:36 : Был присоединен пользователь Arhive
06.01.2020 22:47:36 : Был получен файл: 1852(16)_536_H-33_Шипунова Е.А._2930_50,6.tiff
06.01.2020 22:47:36 : Были отправлены данные: 1852(16)_536_H-33_Шипунова Е.А._2930_50,6
06.01.2020 22:47:36 : Был отключен пользователь Arhive
06.01.2020 22:47:39 : Была проведена проверка соединения пользователем Arhive
06.01.2020 22:47:43 : Была проведена проверка соединения пользователем Arhive
06.01.2020 22:47:49 : Был присоединен пользователь Arhive
06.01.2020 22:47:49 : Был получен файл: 1852(16)_531_H-34_Шипунова Е.А._3520_60,79.tiff
06.01.2020 22:47:49 : Были отправлены данные: 1852(16)_531_H-34_Шипунова Е.А._3520_60,79
06.01.2020 22:47:49 : Был отключен пользователь Arhive
06.01.2020 22:47:50 : Был присоединен пользователь Arhive
06.01.2020 22:47:50 : Был получен файл: 1852(16)_532_H-35_Шипунова Е.А._2820_48,7.tiff
06.01.2020 22:47:50 : Были отправлены данные: 1852(16)_532_H-35_Шипунова Е.А._2820_48,7
06.01.2020 22:47:50 : Был отключен пользователь Arhive
06.01.2020 22:52:33 : Была проведена проверка соединения пользователем Arhive
06.01.2020 22:52:40 : Был присоединен пользователь Arhive
06.01.2020 22:52:40 : Был получен файл: 1852(16)_532_H-35_Шипунова Е.А._2820_48,7.tiff
06.01.2020 22:52:41 : Были отправлены данные: 1852(16)_532_H-35_Шипунова Е.А._2820_48,7
06.01.2020 22:52:41 : Был отключен пользователь Arhive
06.01.2020 23:23:05 : Сервер развернут из трея
06.01.2020 23:23:06 : Сервер свернут в трей
06.01.2020 23:23:13 : Сервер развернут из трея
06.01.2020 23:23:19 : Сервер свернут в трей
06.01.2020 23:44:55 : Сервер развернут из трея
06.01.2020 23:45:21 : Сервер свернут в трей
