09.04.2020 9:11:58 : Дешифрование пароля успешно завершено
09.04.2020 9:17:40 : Дешифрование пароля успешно завершено
09.04.2020 9:19:50 : Дешифрование пароля успешно завершено
09.04.2020 9:19:57 : Хеш-последовательность успешно получена
09.04.2020 9:19:57 : Дешифрование пароля успешно завершено
09.04.2020 9:20:59 : Дешифрование пароля успешно завершено
09.04.2020 9:21:03 : Хеш-последовательность успешно получена
09.04.2020 9:21:03 : Дешифрование пароля успешно завершено
09.04.2020 9:22:49 : Дешифрование пароля успешно завершено
09.04.2020 9:22:55 : Хеш-последовательность успешно получена
09.04.2020 9:22:55 : Дешифрование пароля успешно завершено
09.04.2020 9:23:36 : Дешифрование пароля успешно завершено
09.04.2020 9:23:57 : Дешифрование пароля успешно завершено
09.04.2020 9:24:02 : Хеш-последовательность успешно получена
09.04.2020 9:24:02 : Дешифрование пароля успешно завершено
09.04.2020 9:25:21 : Дешифрование пароля успешно завершено
09.04.2020 9:25:29 : Хеш-последовательность успешно получена
09.04.2020 9:25:29 : Дешифрование пароля успешно завершено
09.04.2020 9:26:02 : Дешифрование пароля успешно завершено
09.04.2020 9:26:10 : Хеш-последовательность успешно получена
09.04.2020 9:26:10 : Дешифрование пароля успешно завершено
09.04.2020 9:27:33 : Дешифрование пароля успешно завершено
09.04.2020 9:43:01 : Дешифрование пароля успешно завершено
09.04.2020 9:43:43 : Дешифрование пароля успешно завершено
09.04.2020 9:43:47 : Хеш-последовательность успешно получена
09.04.2020 9:43:47 : Дешифрование пароля успешно завершено
09.04.2020 10:58:11 : Дешифрование пароля успешно завершено
09.04.2020 10:58:18 : Хеш-последовательность успешно получена
09.04.2020 10:58:18 : Дешифрование пароля успешно завершено
09.04.2020 11:03:42 : Дешифрование пароля успешно завершено
09.04.2020 11:03:48 : Хеш-последовательность успешно получена
09.04.2020 11:03:48 : Дешифрование пароля успешно завершено
09.04.2020 11:13:34 : Дешифрование пароля успешно завершено
09.04.2020 11:13:40 : Хеш-последовательность успешно получена
09.04.2020 11:13:40 : Дешифрование пароля успешно завершено
09.04.2020 13:29:20 : Дешифрование пароля успешно завершено
09.04.2020 13:29:38 : Хеш-последовательность успешно получена
09.04.2020 13:29:38 : Дешифрование пароля успешно завершено
09.04.2020 14:23:17 : Дешифрование пароля успешно завершено
09.04.2020 14:23:26 : Дешифрование пароля успешно завершено
09.04.2020 14:23:34 : Дешифрование пароля успешно завершено
09.04.2020 14:23:47 : Дешифрование пароля успешно завершено
09.04.2020 14:23:51 : Хеш-последовательность успешно получена
09.04.2020 14:23:52 : Дешифрование пароля успешно завершено
09.04.2020 14:33:37 : Дешифрование пароля успешно завершено
09.04.2020 14:33:42 : Хеш-последовательность успешно получена
09.04.2020 14:33:42 : Дешифрование пароля успешно завершено
09.04.2020 14:33:42 : System.Exception: System.IndexOutOfRangeException: Индекс находился вне границ массива.
   в SZMK.Order..ctor(Int64 ID, String DataMatrix, DateTime DateCreate, String Number, String Executor, String ExecutorWork, String List, String Mark, Double Lenght, Double Weight, Status Status, DateTime StatusDate, User User, BlankOrder BlankOrder, Boolean Canceled, Boolean Finished) в C:\Users\thedr\Desktop\Works\SZMK\SZMK\SZMK\Order.cs:строка 156
   в SZMK.Request.GetAllOrders() в C:\Users\thedr\Desktop\Works\SZMK\SZMK\SZMK\Request.cs:строка 1038
   в SZMK.Request.GetAllOrders() в C:\Users\thedr\Desktop\Works\SZMK\SZMK\SZMK\Request.cs:строка 1055
   в SZMK.KB_F.RefreshOrder() в C:\Users\thedr\Desktop\Works\SZMK\SZMK\SZMK\KB_F.cs:строка 892
09.04.2020 14:33:50 : Дешифрование пароля успешно завершено
09.04.2020 14:33:54 : Хеш-последовательность успешно получена
09.04.2020 14:33:55 : Дешифрование пароля успешно завершено
09.04.2020 14:36:48 : Дешифрование пароля успешно завершено
09.04.2020 14:36:51 : Хеш-последовательность успешно получена
09.04.2020 14:36:52 : Дешифрование пароля успешно завершено
09.04.2020 14:37:18 : Дешифрование пароля успешно завершено
09.04.2020 14:37:23 : Хеш-последовательность успешно получена
09.04.2020 14:37:23 : Дешифрование пароля успешно завершено
09.04.2020 15:45:41 : Дешифрование пароля успешно завершено
09.04.2020 15:45:49 : Хеш-последовательность успешно получена
09.04.2020 15:45:49 : Дешифрование пароля успешно завершено
09.04.2020 15:47:06 : Дешифрование пароля успешно завершено
09.04.2020 15:47:12 : Хеш-последовательность успешно получена
09.04.2020 16:01:11 : Дешифрование пароля успешно завершено
09.04.2020 16:04:03 : Дешифрование пароля успешно завершено
09.04.2020 16:05:45 : Дешифрование пароля успешно завершено
09.04.2020 16:09:00 : Дешифрование пароля успешно завершено
09.04.2020 16:14:18 : Дешифрование пароля успешно завершено
09.04.2020 16:14:29 : Дешифрование пароля успешно завершено
09.04.2020 16:14:52 : Дешифрование пароля успешно завершено
09.04.2020 16:15:03 : Дешифрование пароля успешно завершено
09.04.2020 16:15:13 : Дешифрование пароля успешно завершено
09.04.2020 16:16:33 : Дешифрование пароля успешно завершено
09.04.2020 16:16:50 : Дешифрование пароля успешно завершено
09.04.2020 16:18:58 : Дешифрование пароля успешно завершено
09.04.2020 16:19:07 : Дешифрование пароля успешно завершено
09.04.2020 16:19:32 : Дешифрование пароля успешно завершено
09.04.2020 16:22:16 : Дешифрование пароля успешно завершено
09.04.2020 16:22:40 : Дешифрование пароля успешно завершено
09.04.2020 16:23:43 : Дешифрование пароля успешно завершено
09.04.2020 16:49:50 : Дешифрование пароля успешно завершено
09.04.2020 16:52:46 : Дешифрование пароля успешно завершено
09.04.2020 16:55:10 : Дешифрование пароля успешно завершено
09.04.2020 18:02:41 : Дешифрование пароля успешно завершено
09.04.2020 18:03:42 : Дешифрование пароля успешно завершено
09.04.2020 18:03:48 : Дешифрование пароля успешно завершено
09.04.2020 18:03:54 : Хеш-последовательность успешно получена
09.04.2020 18:04:00 : Хеш-последовательность успешно получена
09.04.2020 18:04:00 : Дешифрование пароля успешно завершено
09.04.2020 18:06:40 : Дешифрование пароля успешно завершено
09.04.2020 18:07:00 : Хеш-последовательность успешно получена
09.04.2020 18:07:00 : Дешифрование пароля успешно завершено
09.04.2020 18:09:56 : Дешифрование пароля успешно завершено
09.04.2020 18:10:42 : Дешифрование пароля успешно завершено
09.04.2020 18:15:50 : Дешифрование пароля успешно завершено
09.04.2020 18:23:42 : Дешифрование пароля успешно завершено
09.04.2020 18:28:42 : Дешифрование пароля успешно завершено
09.04.2020 18:28:59 : Дешифрование пароля успешно завершено
09.04.2020 18:38:52 : Дешифрование пароля успешно завершено
09.04.2020 18:39:18 : Дешифрование пароля успешно завершено
09.04.2020 19:23:03 : Дешифрование пароля успешно завершено
09.04.2020 19:24:12 : Дешифрование пароля успешно завершено
09.04.2020 19:39:02 : Дешифрование пароля успешно завершено
09.04.2020 19:39:48 : Дешифрование пароля успешно завершено
09.04.2020 19:40:04 : Дешифрование пароля успешно завершено
09.04.2020 19:40:20 : Дешифрование пароля успешно завершено
09.04.2020 19:40:25 : Хеш-последовательность успешно получена
09.04.2020 19:40:25 : Дешифрование пароля успешно завершено
