05.01.2020 9:00:52 : Дешифрование пароля успешно завершено
05.01.2020 9:00:57 : Хеш-последовательность успешно получена
05.01.2020 9:02:28 : Дешифрование пароля успешно завершено
05.01.2020 9:02:33 : Хеш-последовательность успешно получена
05.01.2020 9:08:37 : Дешифрование пароля успешно завершено
05.01.2020 9:08:46 : Хеш-последовательность успешно получена
05.01.2020 9:08:49 : Хеш-последовательность успешно получена
05.01.2020 9:08:50 : Хеш-последовательность успешно получена
05.01.2020 9:09:17 : Дешифрование пароля успешно завершено
05.01.2020 9:09:23 : Хеш-последовательность успешно получена
05.01.2020 9:26:41 : Дешифрование пароля успешно завершено
05.01.2020 9:26:53 : Хеш-последовательность успешно получена
05.01.2020 9:28:36 : Дешифрование пароля успешно завершено
05.01.2020 9:28:41 : Хеш-последовательность успешно получена
05.01.2020 9:28:58 : Дешифрование пароля успешно завершено
05.01.2020 9:29:03 : Хеш-последовательность успешно получена
05.01.2020 9:29:19 : Дешифрование пароля успешно завершено
05.01.2020 9:30:08 : Хеш-последовательность успешно получена
05.01.2020 9:30:19 : Дешифрование пароля успешно завершено
05.01.2020 9:30:24 : Хеш-последовательность успешно получена
05.01.2020 9:33:57 : Дешифрование пароля успешно завершено
05.01.2020 9:34:03 : Хеш-последовательность успешно получена
05.01.2020 9:38:40 : Дешифрование пароля успешно завершено
05.01.2020 9:38:50 : Хеш-последовательность успешно получена
05.01.2020 9:40:18 : Дешифрование пароля успешно завершено
05.01.2020 9:40:25 : Хеш-последовательность успешно получена
05.01.2020 9:41:00 : Дешифрование пароля успешно завершено
05.01.2020 9:41:14 : Хеш-последовательность успешно получена
05.01.2020 9:43:14 : Дешифрование пароля успешно завершено
05.01.2020 9:44:40 : Дешифрование пароля успешно завершено
05.01.2020 9:45:26 : Дешифрование пароля успешно завершено
05.01.2020 9:45:34 : Хеш-последовательность успешно получена
05.01.2020 9:45:36 : Хеш-последовательность успешно получена
05.01.2020 9:50:44 : Дешифрование пароля успешно завершено
05.01.2020 9:50:49 : Хеш-последовательность успешно получена
05.01.2020 9:50:51 : Хеш-последовательность успешно получена
05.01.2020 9:51:50 : Дешифрование пароля успешно завершено
05.01.2020 9:51:56 : Хеш-последовательность успешно получена
05.01.2020 9:51:57 : Хеш-последовательность успешно получена
05.01.2020 10:13:58 : Дешифрование пароля успешно завершено
05.01.2020 10:14:31 : Дешифрование пароля успешно завершено
05.01.2020 10:14:43 : Хеш-последовательность успешно получена
05.01.2020 10:17:30 : Дешифрование пароля успешно завершено
05.01.2020 10:17:41 : Хеш-последовательность успешно получена
05.01.2020 10:24:28 : Дешифрование пароля успешно завершено
05.01.2020 10:24:38 : Хеш-последовательность успешно получена
05.01.2020 10:24:40 : Хеш-последовательность успешно получена
05.01.2020 10:28:10 : Дешифрование пароля успешно завершено
05.01.2020 10:28:17 : Хеш-последовательность успешно получена
05.01.2020 10:28:18 : Хеш-последовательность успешно получена
05.01.2020 10:28:51 : Дешифрование пароля успешно завершено
05.01.2020 10:28:57 : Хеш-последовательность успешно получена
05.01.2020 10:30:01 : Дешифрование пароля успешно завершено
05.01.2020 10:30:06 : Хеш-последовательность успешно получена
05.01.2020 10:31:43 : Дешифрование пароля успешно завершено
05.01.2020 10:31:49 : Хеш-последовательность успешно получена
05.01.2020 10:31:51 : Хеш-последовательность успешно получена
05.01.2020 10:33:49 : Дешифрование пароля успешно завершено
05.01.2020 10:33:56 : Хеш-последовательность успешно получена
05.01.2020 10:38:29 : Дешифрование пароля успешно завершено
05.01.2020 10:38:36 : Хеш-последовательность успешно получена
05.01.2020 10:38:38 : Хеш-последовательность успешно получена
05.01.2020 10:42:45 : Дешифрование пароля успешно завершено
05.01.2020 10:42:50 : Хеш-последовательность успешно получена
05.01.2020 10:44:47 : Дешифрование пароля успешно завершено
05.01.2020 10:44:57 : Хеш-последовательность успешно получена
05.01.2020 10:46:36 : Дешифрование пароля успешно завершено
05.01.2020 10:52:14 : Дешифрование пароля успешно завершено
05.01.2020 10:52:22 : Хеш-последовательность успешно получена
05.01.2020 10:52:23 : Хеш-последовательность успешно получена
05.01.2020 10:59:52 : Дешифрование пароля успешно завершено
05.01.2020 10:59:57 : Хеш-последовательность успешно получена
05.01.2020 11:04:49 : Дешифрование пароля успешно завершено
05.01.2020 11:04:54 : Хеш-последовательность успешно получена
05.01.2020 11:10:53 : Дешифрование пароля успешно завершено
05.01.2020 11:10:58 : Хеш-последовательность успешно получена
05.01.2020 12:11:53 : Дешифрование пароля успешно завершено
05.01.2020 12:11:59 : Хеш-последовательность успешно получена
05.01.2020 12:11:59 : Дешифрование пароля успешно завершено
05.01.2020 12:12:46 : Дешифрование пароля успешно завершено
05.01.2020 12:12:56 : Хеш-последовательность успешно получена
05.01.2020 12:15:03 : Дешифрование пароля успешно завершено
05.01.2020 12:15:16 : Хеш-последовательность успешно получена
05.01.2020 12:15:19 : Хеш-последовательность успешно получена
05.01.2020 12:21:44 : Дешифрование пароля успешно завершено
05.01.2020 12:21:57 : Хеш-последовательность успешно получена
05.01.2020 12:22:47 : Дешифрование пароля успешно завершено
05.01.2020 12:22:55 : Хеш-последовательность успешно получена
05.01.2020 12:22:56 : Хеш-последовательность успешно получена
05.01.2020 12:24:25 : Дешифрование пароля успешно завершено
05.01.2020 12:24:30 : Хеш-последовательность успешно получена
05.01.2020 12:25:40 : Дешифрование пароля успешно завершено
05.01.2020 12:25:46 : Хеш-последовательность успешно получена
05.01.2020 12:25:47 : Хеш-последовательность успешно получена
05.01.2020 12:27:01 : Дешифрование пароля успешно завершено
05.01.2020 12:27:07 : Хеш-последовательность успешно получена
05.01.2020 12:28:53 : Дешифрование пароля успешно завершено
05.01.2020 12:28:59 : Хеш-последовательность успешно получена
05.01.2020 12:35:41 : Дешифрование пароля успешно завершено
05.01.2020 12:35:54 : Хеш-последовательность успешно получена
05.01.2020 12:35:55 : Хеш-последовательность успешно получена
05.01.2020 12:38:21 : Дешифрование пароля успешно завершено
05.01.2020 12:38:27 : Хеш-последовательность успешно получена
05.01.2020 12:41:05 : Дешифрование пароля успешно завершено
05.01.2020 12:41:11 : Хеш-последовательность успешно получена
05.01.2020 12:41:50 : Дешифрование пароля успешно завершено
05.01.2020 12:41:58 : Хеш-последовательность успешно получена
05.01.2020 12:42:06 : Дешифрование пароля успешно завершено
05.01.2020 12:42:12 : Хеш-последовательность успешно получена
05.01.2020 13:03:42 : Дешифрование пароля успешно завершено
05.01.2020 13:03:51 : Хеш-последовательность успешно получена
05.01.2020 13:03:52 : Хеш-последовательность успешно получена
05.01.2020 13:03:54 : Хеш-последовательность успешно получена
05.01.2020 13:03:56 : Хеш-последовательность успешно получена
05.01.2020 13:04:01 : Хеш-последовательность успешно получена
05.01.2020 13:04:09 : Дешифрование пароля успешно завершено
05.01.2020 13:04:14 : Хеш-последовательность успешно получена
05.01.2020 13:04:56 : Дешифрование пароля успешно завершено
05.01.2020 13:05:02 : Хеш-последовательность успешно получена
05.01.2020 13:08:43 : Дешифрование пароля успешно завершено
05.01.2020 13:08:51 : Хеш-последовательность успешно получена
05.01.2020 13:14:30 : Дешифрование пароля успешно завершено
05.01.2020 13:14:36 : Хеш-последовательность успешно получена
05.01.2020 13:16:21 : Дешифрование пароля успешно завершено
05.01.2020 13:16:28 : Хеш-последовательность успешно получена
05.01.2020 13:18:58 : Дешифрование пароля успешно завершено
05.01.2020 13:19:03 : Хеш-последовательность успешно получена
05.01.2020 13:22:58 : Дешифрование пароля успешно завершено
05.01.2020 13:23:03 : Хеш-последовательность успешно получена
05.01.2020 13:24:29 : Дешифрование пароля успешно завершено
05.01.2020 13:24:35 : Хеш-последовательность успешно получена
05.01.2020 13:25:58 : Дешифрование пароля успешно завершено
05.01.2020 13:26:04 : Хеш-последовательность успешно получена
05.01.2020 13:34:26 : Дешифрование пароля успешно завершено
05.01.2020 13:47:42 : Дешифрование пароля успешно завершено
05.01.2020 13:47:46 : Хеш-последовательность успешно получена
05.01.2020 13:57:07 : Дешифрование пароля успешно завершено
05.01.2020 13:57:14 : Хеш-последовательность успешно получена
05.01.2020 14:01:28 : Дешифрование пароля успешно завершено
05.01.2020 14:01:33 : Хеш-последовательность успешно получена
05.01.2020 14:01:33 : Дешифрование пароля успешно завершено
05.01.2020 14:01:50 : Запущено слушание клиентов и найдена директория темповых файлов
05.01.2020 14:01:50 : Сервер успешно запущен
05.01.2020 14:01:52 : Сервер свернут в трей
05.01.2020 14:01:54 : Сервер развернут из трея
05.01.2020 14:01:55 : Закрытие сервера
05.01.2020 14:01:57 : Запущено слушание клиентов и найдена директория темповых файлов
05.01.2020 14:01:57 : Сервер успешно запущен
05.01.2020 14:01:58 : Сервер свернут в трей
05.01.2020 14:02:00 : Сервер развернут из трея
05.01.2020 14:02:02 : Закрытие сервера
05.01.2020 14:02:39 : Дешифрование пароля успешно завершено
05.01.2020 14:02:43 : Хеш-последовательность успешно получена
05.01.2020 14:02:44 : Дешифрование пароля успешно завершено
05.01.2020 14:03:08 : Запущено слушание клиентов и найдена директория темповых файлов
05.01.2020 14:03:08 : Сервер успешно запущен
05.01.2020 14:03:10 : Была проведена проверка соединения пользователем Admin
05.01.2020 14:03:22 : Сервер свернут в трей
05.01.2020 14:03:25 : Сервер развернут из трея
05.01.2020 14:03:26 : Закрытие сервера
05.01.2020 14:03:52 : Дешифрование пароля успешно завершено
05.01.2020 15:00:13 : Дешифрование пароля успешно завершено
05.01.2020 15:00:19 : Хеш-последовательность успешно получена
05.01.2020 15:00:24 : Хеш-последовательность успешно получена
05.01.2020 15:00:24 : Дешифрование пароля успешно завершено
05.01.2020 15:01:05 : Дешифрование пароля успешно завершено
05.01.2020 15:01:22 : Хеш-последовательность успешно получена
05.01.2020 15:01:22 : Дешифрование пароля успешно завершено
05.01.2020 15:03:48 : Дешифрование пароля успешно завершено
05.01.2020 15:03:54 : Хеш-последовательность успешно получена
05.01.2020 15:03:54 : Дешифрование пароля успешно завершено
05.01.2020 15:09:20 : Дешифрование пароля успешно завершено
05.01.2020 15:09:29 : Хеш-последовательность успешно получена
05.01.2020 15:09:29 : Дешифрование пароля успешно завершено
05.01.2020 15:16:56 : Дешифрование пароля успешно завершено
05.01.2020 15:17:03 : Хеш-последовательность успешно получена
05.01.2020 15:17:03 : Дешифрование пароля успешно завершено
05.01.2020 15:19:05 : Дешифрование пароля успешно завершено
05.01.2020 15:19:11 : Хеш-последовательность успешно получена
05.01.2020 15:19:12 : Дешифрование пароля успешно завершено
05.01.2020 15:23:29 : Дешифрование пароля успешно завершено
05.01.2020 15:23:59 : Дешифрование пароля успешно завершено
05.01.2020 15:24:12 : Дешифрование пароля успешно завершено
05.01.2020 15:24:19 : Хеш-последовательность успешно получена
05.01.2020 15:24:19 : Дешифрование пароля успешно завершено
