29.01.2020 9:57:34 : Дешифрование пароля успешно завершено
29.01.2020 9:57:39 : Хеш-последовательность успешно получена
29.01.2020 9:58:03 : Дешифрование пароля успешно завершено
29.01.2020 9:58:07 : Хеш-последовательность успешно получена
29.01.2020 9:58:23 : Дешифрование пароля успешно завершено
29.01.2020 9:58:29 : Хеш-последовательность успешно получена
29.01.2020 9:58:43 : Дешифрование пароля успешно завершено
29.01.2020 9:58:48 : Хеш-последовательность успешно получена
29.01.2020 10:00:02 : Дешифрование пароля успешно завершено
29.01.2020 10:00:08 : Хеш-последовательность успешно получена
29.01.2020 10:00:24 : Дешифрование пароля успешно завершено
29.01.2020 10:00:29 : Хеш-последовательность успешно получена
29.01.2020 11:44:30 : Дешифрование пароля успешно завершено
29.01.2020 11:44:35 : Хеш-последовательность успешно получена
29.01.2020 11:45:01 : System.Exception: Ошибка при подключении к серверу распознавнаия
   в SZMK.ARArhive_F.RenameOrder_TSM_Click(Object sender, EventArgs e) в C:\Users\thedr\Desktop\Works\SZMK\SZMK\SZMK\ARArhive_F.cs:строка 902
29.01.2020 11:45:08 : Дешифрование пароля успешно завершено
29.01.2020 11:45:13 : Хеш-последовательность успешно получена
29.01.2020 11:45:14 : Дешифрование пароля успешно завершено
29.01.2020 11:45:44 : Дешифрование пароля успешно завершено
29.01.2020 11:45:49 : Хеш-последовательность успешно получена
29.01.2020 11:46:40 : Дешифрование пароля успешно завершено
29.01.2020 11:46:45 : Хеш-последовательность успешно получена
29.01.2020 11:49:25 : Дешифрование пароля успешно завершено
29.01.2020 11:49:29 : Хеш-последовательность успешно получена
29.01.2020 11:49:31 : Хеш-последовательность успешно получена
29.01.2020 11:54:05 : Дешифрование пароля успешно завершено
29.01.2020 14:51:51 : Дешифрование пароля успешно завершено
29.01.2020 14:51:59 : Хеш-последовательность успешно получена
29.01.2020 14:53:32 : Дешифрование пароля успешно завершено
29.01.2020 14:53:36 : Хеш-последовательность успешно получена
29.01.2020 15:04:28 : В GDI+ возникла ошибка общего вида.
29.01.2020 15:04:44 : Дешифрование пароля успешно завершено
29.01.2020 15:04:49 : Хеш-последовательность успешно получена
29.01.2020 15:06:28 : Дешифрование пароля успешно завершено
29.01.2020 15:06:44 : Хеш-последовательность успешно получена
29.01.2020 15:08:07 : Дешифрование пароля успешно завершено
