30.03.2020 11:29:46 : Дешифрование пароля успешно завершено
30.03.2020 11:29:51 : Хеш-последовательность успешно получена
30.03.2020 11:30:06 : Дешифрование пароля успешно завершено
30.03.2020 11:30:11 : Хеш-последовательность успешно получена
30.03.2020 11:30:18 : Дешифрование пароля успешно завершено
30.03.2020 11:30:23 : Хеш-последовательность успешно получена
30.03.2020 11:30:32 : Дешифрование пароля успешно завершено
30.03.2020 11:30:36 : Хеш-последовательность успешно получена
30.03.2020 11:32:14 : Дешифрование пароля успешно завершено
30.03.2020 11:32:19 : Хеш-последовательность успешно получена
30.03.2020 11:32:28 : Дешифрование пароля успешно завершено
30.03.2020 11:32:33 : Хеш-последовательность успешно получена
30.03.2020 11:32:39 : Дешифрование пароля успешно завершено
30.03.2020 11:32:43 : Хеш-последовательность успешно получена
30.03.2020 12:20:35 : Дешифрование пароля успешно завершено
30.03.2020 12:24:11 : Дешифрование пароля успешно завершено
30.03.2020 12:24:15 : Хеш-последовательность успешно получена
30.03.2020 12:24:24 : Дешифрование пароля успешно завершено
30.03.2020 12:24:27 : Хеш-последовательность успешно получена
30.03.2020 12:24:33 : Дешифрование пароля успешно завершено
30.03.2020 12:24:37 : Хеш-последовательность успешно получена
30.03.2020 12:25:33 : Дешифрование пароля успешно завершено
30.03.2020 12:25:39 : Хеш-последовательность успешно получена
30.03.2020 12:26:26 : Дешифрование пароля успешно завершено
30.03.2020 12:26:33 : Хеш-последовательность успешно получена
30.03.2020 12:26:35 : Хеш-последовательность успешно получена
30.03.2020 12:27:25 : Дешифрование пароля успешно завершено
30.03.2020 12:27:30 : Хеш-последовательность успешно получена
30.03.2020 12:27:56 : Дешифрование пароля успешно завершено
30.03.2020 12:28:00 : Хеш-последовательность успешно получена
30.03.2020 12:30:34 : Дешифрование пароля успешно завершено
30.03.2020 12:30:40 : Хеш-последовательность успешно получена
30.03.2020 12:30:51 : Дешифрование пароля успешно завершено
30.03.2020 12:30:56 : Хеш-последовательность успешно получена
30.03.2020 12:31:17 : Дешифрование пароля успешно завершено
30.03.2020 12:31:22 : Хеш-последовательность успешно получена
30.03.2020 12:31:38 : Дешифрование пароля успешно завершено
30.03.2020 12:31:43 : Хеш-последовательность успешно получена
30.03.2020 12:32:59 : Дешифрование пароля успешно завершено
30.03.2020 12:33:04 : Хеш-последовательность успешно получена
30.03.2020 12:33:12 : Дешифрование пароля успешно завершено
30.03.2020 12:33:16 : Хеш-последовательность успешно получена
30.03.2020 12:33:23 : Дешифрование пароля успешно завершено
30.03.2020 12:33:28 : Хеш-последовательность успешно получена
30.03.2020 12:33:34 : Дешифрование пароля успешно завершено
30.03.2020 12:33:38 : Хеш-последовательность успешно получена
30.03.2020 12:35:50 : Дешифрование пароля успешно завершено
30.03.2020 12:35:54 : Хеш-последовательность успешно получена
30.03.2020 12:36:01 : Дешифрование пароля успешно завершено
30.03.2020 12:36:05 : Хеш-последовательность успешно получена
30.03.2020 12:36:10 : Дешифрование пароля успешно завершено
30.03.2020 12:36:14 : Хеш-последовательность успешно получена
30.03.2020 12:38:45 : Дешифрование пароля успешно завершено
30.03.2020 12:38:49 : Хеш-последовательность успешно получена
30.03.2020 12:39:15 : Дешифрование пароля успешно завершено
30.03.2020 12:39:20 : Хеш-последовательность успешно получена
30.03.2020 12:40:06 : Дешифрование пароля успешно завершено
30.03.2020 12:40:11 : Хеш-последовательность успешно получена
30.03.2020 12:41:56 : Дешифрование пароля успешно завершено
30.03.2020 12:42:01 : Хеш-последовательность успешно получена
30.03.2020 12:47:06 : Дешифрование пароля успешно завершено
30.03.2020 12:47:10 : Хеш-последовательность успешно получена
30.03.2020 12:51:10 : Дешифрование пароля успешно завершено
30.03.2020 12:51:16 : Хеш-последовательность успешно получена
30.03.2020 12:59:04 : Дешифрование пароля успешно завершено
30.03.2020 12:59:09 : Хеш-последовательность успешно получена
30.03.2020 12:59:49 : Дешифрование пароля успешно завершено
30.03.2020 12:59:54 : Хеш-последовательность успешно получена
30.03.2020 13:28:06 : Дешифрование пароля успешно завершено
30.03.2020 13:28:10 : Хеш-последовательность успешно получена
30.03.2020 13:28:53 : Дешифрование пароля успешно завершено
30.03.2020 13:28:58 : Хеш-последовательность успешно получена
30.03.2020 13:32:53 : Дешифрование пароля успешно завершено
30.03.2020 13:33:00 : Хеш-последовательность успешно получена
30.03.2020 13:33:56 : Дешифрование пароля успешно завершено
30.03.2020 13:34:01 : Хеш-последовательность успешно получена
30.03.2020 13:34:52 : Дешифрование пароля успешно завершено
30.03.2020 13:34:56 : Хеш-последовательность успешно получена
30.03.2020 13:35:24 : Дешифрование пароля успешно завершено
30.03.2020 13:35:28 : Хеш-последовательность успешно получена
30.03.2020 13:35:42 : Дешифрование пароля успешно завершено
30.03.2020 13:35:46 : Хеш-последовательность успешно получена
30.03.2020 13:35:56 : Дешифрование пароля успешно завершено
30.03.2020 13:36:01 : Хеш-последовательность успешно получена
30.03.2020 13:36:17 : Дешифрование пароля успешно завершено
30.03.2020 13:36:23 : Хеш-последовательность успешно получена
30.03.2020 13:37:14 : Дешифрование пароля успешно завершено
30.03.2020 13:37:18 : Хеш-последовательность успешно получена
30.03.2020 13:37:26 : Дешифрование пароля успешно завершено
30.03.2020 13:37:31 : Хеш-последовательность успешно получена
30.03.2020 13:40:18 : Дешифрование пароля успешно завершено
30.03.2020 13:40:23 : Хеш-последовательность успешно получена
30.03.2020 13:40:23 : System.InvalidOperationException: Фиксированный столбец нельзя расположить после нефиксированного столбца.
   в System.Windows.Forms.DataGridView.CorrectColumnFrozenStatesForMove(DataGridViewColumn dataGridViewColumn, Int32 newDisplayIndex)
   в System.Windows.Forms.DataGridView.OnColumnDisplayIndexChanging(DataGridViewColumn dataGridViewColumn, Int32 newDisplayIndex)
   в System.Windows.Forms.DataGridViewColumn.set_DisplayIndex(Int32 value)
   в SZMK.PDO_F.SelectedColumnDGV() в C:\Users\thedr\Desktop\Works\SZMK\SZMK\SZMK\PDO_F.cs:строка 1006
30.03.2020 13:41:39 : Дешифрование пароля успешно завершено
30.03.2020 13:41:44 : Хеш-последовательность успешно получена
30.03.2020 13:46:36 : Дешифрование пароля успешно завершено
30.03.2020 13:46:52 : Дешифрование пароля успешно завершено
30.03.2020 13:49:07 : Дешифрование пароля успешно завершено
30.03.2020 13:49:11 : Хеш-последовательность успешно получена
30.03.2020 13:50:34 : Дешифрование пароля успешно завершено
30.03.2020 13:50:39 : Хеш-последовательность успешно получена
30.03.2020 13:53:23 : Дешифрование пароля успешно завершено
30.03.2020 13:53:27 : Хеш-последовательность успешно получена
30.03.2020 13:53:36 : Дешифрование пароля успешно завершено
30.03.2020 13:53:44 : Хеш-последовательность успешно получена
30.03.2020 13:57:11 : Дешифрование пароля успешно завершено
30.03.2020 13:57:15 : Хеш-последовательность успешно получена
30.03.2020 13:59:21 : Дешифрование пароля успешно завершено
30.03.2020 13:59:26 : Хеш-последовательность успешно получена
30.03.2020 14:00:18 : Дешифрование пароля успешно завершено
30.03.2020 14:00:22 : Хеш-последовательность успешно получена
30.03.2020 14:00:30 : Дешифрование пароля успешно завершено
30.03.2020 14:00:35 : Хеш-последовательность успешно получена
30.03.2020 14:01:02 : Дешифрование пароля успешно завершено
30.03.2020 14:01:06 : Хеш-последовательность успешно получена
30.03.2020 14:01:14 : Дешифрование пароля успешно завершено
30.03.2020 14:01:20 : Хеш-последовательность успешно получена
30.03.2020 14:01:48 : Дешифрование пароля успешно завершено
30.03.2020 14:01:52 : Хеш-последовательность успешно получена
30.03.2020 14:01:59 : Дешифрование пароля успешно завершено
30.03.2020 14:02:03 : Хеш-последовательность успешно получена
30.03.2020 14:02:55 : Дешифрование пароля успешно завершено
30.03.2020 14:02:59 : Хеш-последовательность успешно получена
30.03.2020 14:03:46 : Дешифрование пароля успешно завершено
30.03.2020 14:03:51 : Хеш-последовательность успешно получена
30.03.2020 14:04:27 : Дешифрование пароля успешно завершено
30.03.2020 14:04:31 : Хеш-последовательность успешно получена
30.03.2020 14:04:47 : Дешифрование пароля успешно завершено
30.03.2020 14:04:52 : Хеш-последовательность успешно получена
30.03.2020 14:05:12 : Дешифрование пароля успешно завершено
30.03.2020 14:05:21 : Хеш-последовательность успешно получена
30.03.2020 14:05:37 : Дешифрование пароля успешно завершено
30.03.2020 14:05:41 : Хеш-последовательность успешно получена
30.03.2020 14:07:44 : Дешифрование пароля успешно завершено
30.03.2020 14:07:48 : Хеш-последовательность успешно получена
30.03.2020 14:08:28 : Дешифрование пароля успешно завершено
30.03.2020 14:08:33 : Хеш-последовательность успешно получена
30.03.2020 14:19:47 : Дешифрование пароля успешно завершено
30.03.2020 14:19:51 : Хеш-последовательность успешно получена
30.03.2020 14:20:14 : Дешифрование пароля успешно завершено
30.03.2020 14:20:19 : Хеш-последовательность успешно получена
30.03.2020 14:20:19 : Дешифрование пароля успешно завершено
