07.01.2020 0:20:22 : Сервер развернут из трея
07.01.2020 0:20:23 : Закрытие сервера
07.01.2020 14:01:00 : Запущено слушание клиентов и найдена директория темповых файлов
07.01.2020 14:01:00 : Сервер успешно запущен
07.01.2020 14:01:01 : Сервер свернут в трей
07.01.2020 14:01:04 : Была проведена проверка соединения пользователем Arhive
07.01.2020 14:01:16 : Был присоединен пользователь Arhive
07.01.2020 14:01:16 : Был получен файл: 1852(16)_531_H-34_Шипунова Е.А._3520_60,79.tiff
07.01.2020 14:01:17 : Были отправлены данные: 1852(16)_531_H-34_Шипунова Е.А._3520_60,79
07.01.2020 14:01:17 : Был отключен пользователь Arhive
07.01.2020 14:10:55 : Была проведена проверка соединения пользователем Arhive
07.01.2020 14:11:00 : Был присоединен пользователь Arhive
07.01.2020 14:11:00 : Был получен файл: 1852(16)_531_H-34_Шипунова Е.А._3520_60,79.tiff
07.01.2020 14:11:00 : Были отправлены данные: 1852(16)_531_H-34_Шипунова Е.А._3520_60,79
07.01.2020 14:11:00 : Был отключен пользователь Arhive
07.01.2020 14:11:00 : Был присоединен пользователь Arhive
07.01.2020 14:11:00 : Был получен файл: 1852(16)_532_H-35_Шипунова Е.А._2820_48,7.tiff
07.01.2020 14:11:01 : Были отправлены данные: 1852(16)_532_H-35_Шипунова Е.А._2820_48,7
07.01.2020 14:11:01 : Был отключен пользователь Arhive
07.01.2020 14:11:01 : Был присоединен пользователь Arhive
07.01.2020 14:11:01 : Был получен файл: 1852(16)_536_H-33_Шипунова Е.А._2930_50,6.tiff
07.01.2020 14:11:02 : Были отправлены данные: 1852(16)_536_H-33_Шипунова Е.А._2930_50,6
07.01.2020 14:11:02 : Был отключен пользователь Arhive
07.01.2020 14:18:18 : Была проведена проверка соединения пользователем Admin
07.01.2020 14:43:59 : Была проведена проверка соединения пользователем Arhive
07.01.2020 14:44:04 : Был присоединен пользователь Arhive
07.01.2020 14:44:04 : Был получен файл: 1852(16)_532_H-35_Шипунова Е.А._2820_48,7.tiff
07.01.2020 14:44:04 : Были отправлены данные: 1852(16)_532_H-35_Шипунова Е.А._2820_48,7
07.01.2020 14:44:04 : Был отключен пользователь Arhive
07.01.2020 14:44:04 : Был присоединен пользователь Arhive
07.01.2020 14:44:04 : Был получен файл: 1852(16)_536_H-33_Шипунова Е.А._2930_50,6.tiff
07.01.2020 14:44:05 : Были отправлены данные: 1852(16)_536_H-33_Шипунова Е.А._2930_50,6
07.01.2020 14:44:05 : Был отключен пользователь Arhive
07.01.2020 14:44:13 : Была проведена проверка соединения пользователем Arhive
07.01.2020 14:44:19 : Был присоединен пользователь Arhive
07.01.2020 14:44:19 : Был получен файл: 1852(16)_531_H-34_Шипунова Е.А._3520_60,79.tiff
07.01.2020 14:44:19 : Были отправлены данные: 1852(16)_531_H-34_Шипунова Е.А._3520_60,79
07.01.2020 14:44:19 : Был отключен пользователь Arhive
07.01.2020 14:44:36 : Была проведена проверка соединения пользователем Arhive
07.01.2020 14:44:41 : Был присоединен пользователь Arhive
07.01.2020 14:44:41 : Был получен файл: 1852(16)_531_H-34_Шипунова Е.А._3520_60,79.tiff
07.01.2020 14:44:41 : Были отправлены данные: 1852(16)_531_H-34_Шипунова Е.А._3520_60,79
07.01.2020 14:44:41 : Был отключен пользователь Arhive
07.01.2020 14:45:12 : Была проведена проверка соединения пользователем Arhive
07.01.2020 14:45:17 : Был присоединен пользователь Arhive
07.01.2020 14:45:17 : Был получен файл: 1852(16)_531_H-34_Шипунова Е.А._3520_60,79.tiff
07.01.2020 14:45:18 : Были отправлены данные: 1852(16)_531_H-34_Шипунова Е.А._3520_60,79
07.01.2020 14:45:18 : Был отключен пользователь Arhive
07.01.2020 14:45:57 : Была проведена проверка соединения пользователем Arhive
07.01.2020 14:46:01 : Был присоединен пользователь Arhive
07.01.2020 14:46:01 : Был получен файл: 1852(16)_531_H-34_Шипунова Е.А._3520_60,79.tiff
07.01.2020 14:46:01 : Были отправлены данные: 1852(16)_531_H-34_Шипунова Е.А._3520_60,79
07.01.2020 14:46:01 : Был отключен пользователь Arhive
07.01.2020 14:48:16 : Была проведена проверка соединения пользователем Arhive
07.01.2020 14:48:21 : Был присоединен пользователь Arhive
07.01.2020 14:48:21 : Был получен файл: 1852(16)_531_H-34_Шипунова Е.А._3520_60,79.tiff
07.01.2020 14:48:21 : Были отправлены данные: 1852(16)_531_H-34_Шипунова Е.А._3520_60,79
07.01.2020 14:48:21 : Был отключен пользователь Arhive
07.01.2020 14:51:04 : Была проведена проверка соединения пользователем Arhive
07.01.2020 14:51:09 : Был присоединен пользователь Arhive
07.01.2020 14:51:09 : Был получен файл: 1852(16)_531_H-34_Шипунова Е.А._3520_60,79.tiff
07.01.2020 14:51:09 : Были отправлены данные: 1852(16)_531_H-34_Шипунова Е.А._3520_60,79
07.01.2020 14:51:09 : Был отключен пользователь Arhive
07.01.2020 14:51:12 : Была проведена проверка соединения пользователем Arhive
07.01.2020 14:51:17 : Был присоединен пользователь Arhive
07.01.2020 14:51:17 : Был получен файл: 1852(16)_531_H-34_Шипунова Е.А._3520_60,79.tiff
07.01.2020 14:51:17 : Были отправлены данные: 1852(16)_531_H-34_Шипунова Е.А._3520_60,79
07.01.2020 14:51:17 : Был отключен пользователь Arhive
07.01.2020 14:53:23 : Чтение после конца потока невозможно.
