09.01.2020 21:43:51 : Дешифрование пароля успешно завершено
09.01.2020 21:44:10 : Дешифрование пароля успешно завершено
09.01.2020 21:44:16 : Хеш-последовательность успешно получена
09.01.2020 21:44:16 : Дешифрование пароля успешно завершено
09.01.2020 21:45:31 : Дешифрование пароля успешно завершено
09.01.2020 21:45:35 : Хеш-последовательность успешно получена
09.01.2020 21:45:36 : Дешифрование пароля успешно завершено
09.01.2020 21:56:06 : Дешифрование пароля успешно завершено
09.01.2020 21:56:17 : Хеш-последовательность успешно получена
09.01.2020 21:56:17 : Дешифрование пароля успешно завершено
09.01.2020 21:56:56 : Дешифрование пароля успешно завершено
09.01.2020 21:57:02 : Хеш-последовательность успешно получена
09.01.2020 21:57:02 : Дешифрование пароля успешно завершено
09.01.2020 22:00:02 : Дешифрование пароля успешно завершено
09.01.2020 22:00:07 : Хеш-последовательность успешно получена
09.01.2020 22:00:07 : Дешифрование пароля успешно завершено
09.01.2020 22:02:32 : Дешифрование пароля успешно завершено
09.01.2020 22:02:51 : Хеш-последовательность успешно получена
09.01.2020 22:02:51 : Дешифрование пароля успешно завершено
09.01.2020 22:04:42 : Дешифрование пароля успешно завершено
09.01.2020 22:04:50 : Хеш-последовательность успешно получена
09.01.2020 22:04:50 : Дешифрование пароля успешно завершено
09.01.2020 22:10:28 : Дешифрование пароля успешно завершено
09.01.2020 22:10:34 : Хеш-последовательность успешно получена
09.01.2020 22:10:42 : Хеш-последовательность успешно получена
09.01.2020 22:10:52 : Хеш-последовательность успешно получена
09.01.2020 22:11:19 : Дешифрование пароля успешно завершено
09.01.2020 22:11:24 : Хеш-последовательность успешно получена
09.01.2020 22:11:24 : Дешифрование пароля успешно завершено
09.01.2020 22:12:53 : Дешифрование пароля успешно завершено
09.01.2020 22:13:00 : Хеш-последовательность успешно получена
09.01.2020 22:13:00 : Дешифрование пароля успешно завершено
09.01.2020 22:19:36 : Дешифрование пароля успешно завершено
09.01.2020 22:19:42 : Хеш-последовательность успешно получена
09.01.2020 22:19:42 : Дешифрование пароля успешно завершено
09.01.2020 22:20:46 : Дешифрование пароля успешно завершено
09.01.2020 22:20:56 : Хеш-последовательность успешно получена
09.01.2020 22:20:56 : Дешифрование пароля успешно завершено
09.01.2020 22:21:30 : Дешифрование пароля успешно завершено
09.01.2020 22:21:35 : Хеш-последовательность успешно получена
09.01.2020 22:21:36 : Дешифрование пароля успешно завершено
09.01.2020 22:22:53 : Дешифрование пароля успешно завершено
09.01.2020 22:23:00 : Хеш-последовательность успешно получена
09.01.2020 22:23:01 : Дешифрование пароля успешно завершено
09.01.2020 22:29:33 : Перебор значений по заданным параметрам успешно завершен
09.01.2020 22:38:34 : Дешифрование пароля успешно завершено
09.01.2020 22:38:40 : Хеш-последовательность успешно получена
09.01.2020 22:38:40 : Дешифрование пароля успешно завершено
09.01.2020 22:42:12 : Перебор значений по заданным параметрам успешно завершен
09.01.2020 22:42:13 : Количество объектов по параметрам поиска 0
09.01.2020 22:42:16 : Перебор значений по заданным параметрам успешно завершен
09.01.2020 22:42:17 : Количество объектов по параметрам поиска 0
09.01.2020 22:42:21 : Перебор значений по заданным параметрам успешно завершен
09.01.2020 22:42:22 : Количество объектов по параметрам поиска 0
09.01.2020 22:43:27 : Дешифрование пароля успешно завершено
09.01.2020 22:43:34 : Хеш-последовательность успешно получена
09.01.2020 22:43:34 : Дешифрование пароля успешно завершено
09.01.2020 22:45:29 : Перебор значений по заданным параметрам успешно завершен
09.01.2020 22:45:31 : Количество объектов по параметрам поиска 0
09.01.2020 22:45:32 : Перебор значений по заданным параметрам успешно завершен
09.01.2020 22:45:54 : Перебор значений по заданным параметрам успешно завершен
09.01.2020 22:50:49 : Дешифрование пароля успешно завершено
09.01.2020 22:51:04 : Хеш-последовательность успешно получена
09.01.2020 22:51:04 : Дешифрование пароля успешно завершено
09.01.2020 22:52:03 : Дешифрование пароля успешно завершено
09.01.2020 22:52:08 : Хеш-последовательность успешно получена
09.01.2020 22:52:09 : Дешифрование пароля успешно завершено
09.01.2020 22:54:04 : Дешифрование пароля успешно завершено
09.01.2020 22:54:09 : Хеш-последовательность успешно получена
09.01.2020 22:54:09 : Дешифрование пароля успешно завершено
09.01.2020 22:54:19 : Дешифрование пароля успешно завершено
09.01.2020 22:54:24 : Хеш-последовательность успешно получена
09.01.2020 22:54:24 : Дешифрование пароля успешно завершено
09.01.2020 22:55:06 : Дешифрование пароля успешно завершено
09.01.2020 22:55:21 : Дешифрование пароля успешно завершено
09.01.2020 22:55:31 : Дешифрование пароля успешно завершено
09.01.2020 22:55:36 : Хеш-последовательность успешно получена
09.01.2020 22:55:36 : Дешифрование пароля успешно завершено
09.01.2020 22:55:49 : Дешифрование пароля успешно завершено
09.01.2020 22:55:54 : Хеш-последовательность успешно получена
09.01.2020 22:55:54 : Дешифрование пароля успешно завершено
09.01.2020 22:56:30 : Дешифрование пароля успешно завершено
09.01.2020 22:56:35 : Хеш-последовательность успешно получена
09.01.2020 22:56:36 : Дешифрование пароля успешно завершено
09.01.2020 22:56:48 : Дешифрование пароля успешно завершено
09.01.2020 22:56:54 : Хеш-последовательность успешно получена
09.01.2020 22:57:10 : Дешифрование пароля успешно завершено
09.01.2020 22:57:15 : Хеш-последовательность успешно получена
09.01.2020 22:57:42 : Дешифрование пароля успешно завершено
09.01.2020 22:57:47 : Хеш-последовательность успешно получена
09.01.2020 22:57:47 : Дешифрование пароля успешно завершено
09.01.2020 22:57:51 : Дешифрование пароля успешно завершено
09.01.2020 22:57:59 : Дешифрование пароля успешно завершено
09.01.2020 22:58:04 : Хеш-последовательность успешно получена
09.01.2020 22:58:04 : Дешифрование пароля успешно завершено
09.01.2020 22:58:45 : Дешифрование пароля успешно завершено
09.01.2020 22:58:50 : Хеш-последовательность успешно получена
09.01.2020 22:58:50 : Дешифрование пароля успешно завершено
09.01.2020 22:59:39 : Дешифрование пароля успешно завершено
09.01.2020 22:59:44 : Хеш-последовательность успешно получена
09.01.2020 22:59:44 : Дешифрование пароля успешно завершено
09.01.2020 22:59:57 : Дешифрование пароля успешно завершено
09.01.2020 23:00:02 : Хеш-последовательность успешно получена
09.01.2020 23:00:02 : Дешифрование пароля успешно завершено
09.01.2020 23:00:08 : Дешифрование пароля успешно завершено
09.01.2020 23:00:16 : Хеш-последовательность успешно получена
09.01.2020 23:00:16 : Дешифрование пароля успешно завершено
09.01.2020 23:01:36 : Дешифрование пароля успешно завершено
09.01.2020 23:01:43 : Хеш-последовательность успешно получена
09.01.2020 23:01:43 : Дешифрование пароля успешно завершено
09.01.2020 23:02:30 : Дешифрование пароля успешно завершено
09.01.2020 23:02:36 : Хеш-последовательность успешно получена
09.01.2020 23:02:36 : Дешифрование пароля успешно завершено
09.01.2020 23:02:40 : Перебор значений по заданным параметрам успешно завершен
09.01.2020 23:02:40 : Количество объектов по параметрам поиска 0
09.01.2020 23:02:41 : Перебор значений по заданным параметрам успешно завершен
09.01.2020 23:02:41 : Количество объектов по параметрам поиска 0
09.01.2020 23:02:41 : Перебор значений по заданным параметрам успешно завершен
09.01.2020 23:02:41 : Количество объектов по параметрам поиска 0
09.01.2020 23:02:41 : Перебор значений по заданным параметрам успешно завершен
09.01.2020 23:02:42 : Количество объектов по параметрам поиска 0
09.01.2020 23:02:42 : Перебор значений по заданным параметрам успешно завершен
09.01.2020 23:02:42 : Количество объектов по параметрам поиска 0
09.01.2020 23:02:43 : Перебор значений по заданным параметрам успешно завершен
09.01.2020 23:02:43 : Количество объектов по параметрам поиска 0
09.01.2020 23:02:43 : Перебор значений по заданным параметрам успешно завершен
09.01.2020 23:02:43 : Количество объектов по параметрам поиска 0
09.01.2020 23:02:43 : Перебор значений по заданным параметрам успешно завершен
09.01.2020 23:02:44 : Количество объектов по параметрам поиска 0
09.01.2020 23:02:44 : Перебор значений по заданным параметрам успешно завершен
09.01.2020 23:02:45 : Количество объектов по параметрам поиска 0
09.01.2020 23:03:11 : Дешифрование пароля успешно завершено
09.01.2020 23:04:18 : Дешифрование пароля успешно завершено
09.01.2020 23:04:23 : Хеш-последовательность успешно получена
09.01.2020 23:04:23 : Дешифрование пароля успешно завершено
09.01.2020 23:07:08 : Дешифрование пароля успешно завершено
09.01.2020 23:07:15 : Хеш-последовательность успешно получена
09.01.2020 23:07:15 : Дешифрование пароля успешно завершено
09.01.2020 23:07:46 : Обычно разрешается только одно использование адреса сокета (протокол/сетевой адрес/порт)
09.01.2020 23:08:01 : Ошибка запуска сервера
09.01.2020 23:08:04 : Сервер свернут в трей
09.01.2020 23:08:51 : Обычно разрешается только одно использование адреса сокета (протокол/сетевой адрес/порт)
09.01.2020 23:08:53 : Ошибка запуска сервера
09.01.2020 23:09:10 : Сервер свернут в трей
09.01.2020 23:09:19 : Сервер развернут из трея
09.01.2020 23:09:20 : Сервер развернут из трея
09.01.2020 23:09:22 : Закрытие сервера
09.01.2020 23:09:24 : Сервер развернут из трея
09.01.2020 23:09:24 : Сервер развернут из трея
09.01.2020 23:09:24 : Сервер развернут из трея
09.01.2020 23:09:25 : Сервер развернут из трея
09.01.2020 23:09:25 : Сервер развернут из трея
09.01.2020 23:09:25 : Сервер развернут из трея
09.01.2020 23:09:28 : Закрытие сервера
09.01.2020 23:09:34 : Запущено слушание клиентов и найдена директория темповых файлов
09.01.2020 23:09:34 : Сервер успешно запущен
09.01.2020 23:09:35 : Сервер свернут в трей
09.01.2020 23:09:49 : Сервер развернут из трея
09.01.2020 23:09:52 : Закрытие сервера
09.01.2020 23:10:02 : Дешифрование пароля успешно завершено
