09.01.2020 22:51:44 : Запущено слушание клиентов и найдена директория темповых файлов
09.01.2020 22:51:44 : Сервер успешно запущен
09.01.2020 22:53:55 : Была проведена проверка соединения пользователем ROOT
09.01.2020 22:54:09 : Была проведена проверка соединения пользователем ROOT
09.01.2020 22:54:24 : Была проведена проверка соединения пользователем ROOT
09.01.2020 22:55:36 : Была проведена проверка соединения пользователем ROOT
09.01.2020 22:55:54 : Была проведена проверка соединения пользователем ROOT
09.01.2020 22:56:36 : Была проведена проверка соединения пользователем ROOT
09.01.2020 22:57:47 : Была проведена проверка соединения пользователем ROOT
09.01.2020 22:58:05 : Была проведена проверка соединения пользователем ROOT
09.01.2020 22:58:50 : Была проведена проверка соединения пользователем ROOT
09.01.2020 22:59:44 : Была проведена проверка соединения пользователем ROOT
09.01.2020 23:00:02 : Была проведена проверка соединения пользователем ROOT
09.01.2020 23:00:16 : Была проведена проверка соединения пользователем ROOT
09.01.2020 23:01:43 : Была проведена проверка соединения пользователем ROOT
09.01.2020 23:02:36 : Была проведена проверка соединения пользователем ROOT
09.01.2020 23:04:23 : Была проведена проверка соединения пользователем ROOT
09.01.2020 23:07:15 : Была проведена проверка соединения пользователем ROOT
09.01.2020 23:09:07 : Сервер развернут из трея
09.01.2020 23:09:07 : Сервер развернут из трея
09.01.2020 23:09:08 : Сервер развернут из трея
09.01.2020 23:09:08 : Сервер развернут из трея
09.01.2020 23:09:08 : Сервер развернут из трея
09.01.2020 23:09:09 : Сервер развернут из трея
09.01.2020 23:09:12 : Сервер развернут из трея
09.01.2020 23:09:12 : Сервер развернут из трея
09.01.2020 23:09:12 : Сервер развернут из трея
09.01.2020 23:09:13 : Сервер развернут из трея
09.01.2020 23:09:13 : Сервер развернут из трея
09.01.2020 23:09:14 : Сервер развернут из трея
09.01.2020 23:09:17 : Закрытие сервера
