05.01.2020 11:19:41 : Сервер успешно запущен 05.01.2020 11:19:41
05.01.2020 11:19:45 : Обновлены параметры сервера порт: 49000asd 05.01.2020 11:19:45
05.01.2020 11:19:53 : Обновлены параметры сервера порт: 49000asd 05.01.2020 11:19:53
05.01.2020 11:20:34 : Ошибка запуска сервера 05.01.2020 11:20:34
05.01.2020 11:20:38 : Обновлены параметры сервера порт: 49000asd 05.01.2020 11:20:38
05.01.2020 12:27:49 : Ошибка запуска сервера 05.01.2020 12:27:49
05.01.2020 12:27:53 : Обновлены параметры сервера порт: 49000asd 05.01.2020 12:27:53
05.01.2020 12:27:58 : Обновлены параметры сервера порт: 49000 05.01.2020 12:27:58
05.01.2020 12:28:01 : Сервер успешно запущен 05.01.2020 12:28:01
05.01.2020 12:28:13 : Сервер успешно запущен 05.01.2020 12:28:13
05.01.2020 12:32:32 : Запущено слушание клиентов и найдена директория темповых файлов
05.01.2020 12:32:32 : Сервер успешно запущен
05.01.2020 12:32:33 : Сервер свернут в трей
05.01.2020 12:36:10 : Запущено слушание клиентов и найдена директория темповых файлов
05.01.2020 12:36:10 : Сервер успешно запущен
05.01.2020 12:36:13 : Сервер свернут в трей
05.01.2020 12:36:14 : Была проведена проверка соединения пользователем Arhive
05.01.2020 12:36:48 : Был присоединен пользователь Arhive
05.01.2020 12:36:48 : Был получен файл: 1852(16)_531_H-34_01.12.2019T140523.tiff
05.01.2020 12:36:49 : Были отправлены данные: 1852(16)_531_H-34_Шипунова Е.А._3520_60,79
05.01.2020 12:36:49 : Был отключен пользователь Arhive
05.01.2020 12:38:30 : Была проведена проверка соединения пользователем Arhive
05.01.2020 12:38:35 : Был присоединен пользователь Arhive
05.01.2020 12:38:35 : Был получен файл: 1852(16)_532_H-35_01.12.2019T140524.tiff
05.01.2020 12:38:35 : Были отправлены данные: 1852(16)_532_H-35_Шипунова Е.А._2820_48,7
05.01.2020 12:38:35 : Был отключен пользователь Arhive
05.01.2020 12:38:52 : Был присоединен пользователь Arhive
05.01.2020 12:38:52 : Был получен файл: 1852(16)_536_H-33_01.12.2019T144733.tiff
05.01.2020 12:38:53 : Были отправлены данные: 1852(16)_536_H-33_Шипунова Е.А._2930_50,6
05.01.2020 12:38:53 : Был отключен пользователь Arhive
05.01.2020 12:38:58 : Был присоединен пользователь Arhive
05.01.2020 12:38:58 : Был получен файл: 1852(16)_531_H-34_01.12.2019T140523.tiff
05.01.2020 12:38:58 : Были отправлены данные: 1852(16)_531_H-34_Шипунова Е.А._3520_60,79
05.01.2020 12:38:58 : Был отключен пользователь Arhive
05.01.2020 12:41:15 : Была проведена проверка соединения пользователем Arhive
05.01.2020 12:41:19 : Был присоединен пользователь Arhive
05.01.2020 12:41:19 : Был получен файл: 1852(16)_531_H-34_01.12.2019T140523.tiff
05.01.2020 12:41:20 : Были отправлены данные: 1852(16)_531_H-34_Шипунова Е.А._3520_60,79
05.01.2020 12:41:20 : Был отключен пользователь Arhive
05.01.2020 12:42:01 : Была проведена проверка соединения пользователем Arhive
05.01.2020 12:42:15 : Была проведена проверка соединения пользователем Arhive
05.01.2020 12:42:19 : Был присоединен пользователь Arhive
05.01.2020 12:42:19 : Был получен файл: 1852(16)_531_H-34_01.12.2019T140523.tiff
05.01.2020 12:42:20 : Были отправлены данные: 1852(16)_531_H-34_Шипунова Е.А._3520_60,79
05.01.2020 12:42:20 : Был отключен пользователь Arhive
05.01.2020 13:04:30 : Чтение после конца потока невозможно.
05.01.2020 13:05:06 : Была проведена проверка соединения пользователем Arhive
05.01.2020 13:05:11 : Был присоединен пользователь Arhive
05.01.2020 13:05:11 : Был получен файл: 1852(16)_532_H-35_01.12.2019T140524.tiff
05.01.2020 13:05:12 : Были отправлены данные: 1852(16)_532_H-35_Шипунова Е.А._2820_48,7
05.01.2020 13:05:12 : Был отключен пользователь Arhive
05.01.2020 13:05:29 : Была проведена проверка соединения пользователем Arhive
05.01.2020 13:05:33 : Был присоединен пользователь Arhive
05.01.2020 13:05:33 : Был получен файл: 1852(16)_532_H-35_01.12.2019T140524.tiff
05.01.2020 13:05:33 : Были отправлены данные: 1852(16)_532_H-35_Шипунова Е.А._2820_48,7
05.01.2020 13:05:33 : Был отключен пользователь Arhive
05.01.2020 13:08:54 : Была проведена проверка соединения пользователем Arhive
05.01.2020 13:08:59 : Был присоединен пользователь Arhive
05.01.2020 13:08:59 : Был получен файл: 1852(16)_532_H-35_01.12.2019T140524.tiff
05.01.2020 13:08:59 : Были отправлены данные: 1852(16)_532_H-35_Шипунова Е.А._2820_48,7
05.01.2020 13:08:59 : Был отключен пользователь Arhive
05.01.2020 13:14:39 : Была проведена проверка соединения пользователем Arhive
05.01.2020 13:14:45 : Был присоединен пользователь Arhive
05.01.2020 13:14:45 : Был получен файл: 1852(16)_532_H-35_01.12.2019T140524.tiff
05.01.2020 13:14:45 : Были отправлены данные: 1852(16)_532_H-35_Шипунова Е.А._2820_48,7
05.01.2020 13:14:45 : Был отключен пользователь Arhive
05.01.2020 13:15:50 : Был присоединен пользователь Arhive
05.01.2020 13:15:50 : Был получен файл: 1852(16)_536_H-33_01.12.2019T144733.tiff
05.01.2020 13:15:51 : Были отправлены данные: 1852(16)_536_H-33_Шипунова Е.А._2930_50,6
05.01.2020 13:15:51 : Был отключен пользователь Arhive
05.01.2020 13:16:31 : Была проведена проверка соединения пользователем Arhive
05.01.2020 13:16:35 : Был присоединен пользователь Arhive
05.01.2020 13:16:35 : Был получен файл: 1852(16)_532_H-35_01.12.2019T140524.tiff
05.01.2020 13:16:36 : Были отправлены данные: 1852(16)_532_H-35_Шипунова Е.А._2820_48,7
05.01.2020 13:16:36 : Был отключен пользователь Arhive
05.01.2020 13:16:39 : Была проведена проверка соединения пользователем Arhive
05.01.2020 13:17:09 : Был присоединен пользователь Arhive
05.01.2020 13:17:09 : Был получен файл: 1852(16)_532_H-35_Шипунова Е.А._2820_48,7.tiff
05.01.2020 13:17:10 : Были отправлены данные: 1852(16)_532_H-35_Шипунова Е.А._2820_48,7
05.01.2020 13:17:10 : Был отключен пользователь Arhive
05.01.2020 13:17:19 : Была проведена проверка соединения пользователем Arhive
05.01.2020 13:17:25 : Был присоединен пользователь Arhive
05.01.2020 13:17:25 : Был получен файл: 1852(16)_532_H-35_Шипунова Е.А._2820_48,7.tiff
05.01.2020 13:17:25 : Были отправлены данные: 1852(16)_532_H-35_Шипунова Е.А._2820_48,7
05.01.2020 13:17:25 : Был отключен пользователь Arhive
05.01.2020 13:17:35 : Сервер развернут из трея
05.01.2020 13:17:43 : Сервер свернут в трей
05.01.2020 13:17:55 : Была проведена проверка соединения пользователем Arhive
05.01.2020 13:19:07 : Была проведена проверка соединения пользователем Arhive
05.01.2020 13:19:12 : Был присоединен пользователь Arhive
05.01.2020 13:19:12 : Был получен файл: 1852(16)_532_H-35_Шипунова Е.А._2820_48,7.tiff
05.01.2020 13:19:13 : Были отправлены данные: 1852(16)_532_H-35_Шипунова Е.А._2820_48,7
05.01.2020 13:19:13 : Был отключен пользователь Arhive
05.01.2020 13:19:34 : Была проведена проверка соединения пользователем Arhive
05.01.2020 13:19:52 : Был присоединен пользователь Arhive
05.01.2020 13:19:52 : Был получен файл: 1852(16)_532_H-35_Шипунова Е.А._2820_48,7.tiff
05.01.2020 13:19:52 : Были отправлены данные: 1852(16)_532_H-35_Шипунова Е.А._2820_48,7
05.01.2020 13:19:52 : Был отключен пользователь Arhive
05.01.2020 13:23:07 : Была проведена проверка соединения пользователем Arhive
05.01.2020 13:23:11 : Был присоединен пользователь Arhive
05.01.2020 13:23:11 : Был получен файл: 1852(16)_532_H-35_Шипунова Е.А._2820_48,7.tiff
05.01.2020 13:23:11 : Были отправлены данные: 1852(16)_532_H-35_Шипунова Е.А._2820_48,7
05.01.2020 13:23:11 : Был отключен пользователь Arhive
05.01.2020 13:23:28 : Был присоединен пользователь Arhive
05.01.2020 13:23:28 : Был получен файл: 1852(16)_536_H-33_01.12.2019T144733.tiff
05.01.2020 13:23:28 : Были отправлены данные: 1852(16)_536_H-33_Шипунова Е.А._2930_50,6
05.01.2020 13:23:28 : Был отключен пользователь Arhive
05.01.2020 13:23:40 : Была проведена проверка соединения пользователем Arhive
05.01.2020 13:23:45 : Был присоединен пользователь Arhive
05.01.2020 13:23:45 : Был получен файл: 1852(16)_536_H-33_01.12.2019T144733.tiff
05.01.2020 13:23:45 : Были отправлены данные: 1852(16)_536_H-33_Шипунова Е.А._2930_50,6
05.01.2020 13:23:45 : Был отключен пользователь Arhive
05.01.2020 13:24:39 : Была проведена проверка соединения пользователем Arhive
05.01.2020 13:24:44 : Был присоединен пользователь Arhive
05.01.2020 13:24:44 : Был получен файл: 1852(16)_536_H-33_01.12.2019T144733.tiff
05.01.2020 13:24:44 : Были отправлены данные: 1852(16)_536_H-33_Шипунова Е.А._2930_50,6
05.01.2020 13:24:44 : Был отключен пользователь Arhive
05.01.2020 13:24:54 : Был присоединен пользователь Arhive
05.01.2020 13:24:54 : Был получен файл: 1852(16)_532_H-35_Шипунова Е.А._2820_48,7.tiff
05.01.2020 13:24:55 : Были отправлены данные: 1852(16)_532_H-35_Шипунова Е.А._2820_48,7
05.01.2020 13:24:55 : Был отключен пользователь Arhive
05.01.2020 13:26:07 : Была проведена проверка соединения пользователем Arhive
05.01.2020 13:26:12 : Был присоединен пользователь Arhive
05.01.2020 13:26:12 : Был получен файл: 1852(16)_531_H-34_Шипунова Е.А._3520_60,79.tiff
05.01.2020 13:26:13 : Были отправлены данные: 1852(16)_531_H-34_Шипунова Е.А._3520_60,79
05.01.2020 13:26:13 : Был отключен пользователь Arhive
05.01.2020 13:26:13 : Был присоединен пользователь Arhive
05.01.2020 13:26:13 : Был получен файл: 1852(16)_532_H-35_Шипунова Е.А._2820_48,7.tiff
05.01.2020 13:26:13 : Были отправлены данные: 1852(16)_532_H-35_Шипунова Е.А._2820_48,7
05.01.2020 13:26:13 : Был отключен пользователь Arhive
05.01.2020 13:26:14 : Был присоединен пользователь Arhive
05.01.2020 13:26:14 : Был получен файл: 1852(16)_536_H-33_Шипунова Е.А._2930_50,6.tiff
05.01.2020 13:26:14 : Были отправлены данные: 1852(16)_536_H-33_Шипунова Е.А._2930_50,6
05.01.2020 13:26:14 : Был отключен пользователь Arhive
05.01.2020 13:26:17 : Была проведена проверка соединения пользователем Arhive
05.01.2020 13:26:21 : Был присоединен пользователь Arhive
05.01.2020 13:26:21 : Был получен файл: 1852(16)_531_H-34_Шипунова Е.А._3520_60,79.tiff
05.01.2020 13:26:22 : Были отправлены данные: 1852(16)_531_H-34_Шипунова Е.А._3520_60,79
05.01.2020 13:26:22 : Был отключен пользователь Arhive
05.01.2020 13:26:22 : Был присоединен пользователь Arhive
05.01.2020 13:26:22 : Был получен файл: 1852(16)_532_H-35_Шипунова Е.А._2820_48,7.tiff
05.01.2020 13:26:22 : Были отправлены данные: 1852(16)_532_H-35_Шипунова Е.А._2820_48,7
05.01.2020 13:26:22 : Был отключен пользователь Arhive
05.01.2020 13:26:23 : Был присоединен пользователь Arhive
05.01.2020 13:26:23 : Был получен файл: 1852(16)_536_H-33_Шипунова Е.А._2930_50,6.tiff
05.01.2020 13:26:23 : Были отправлены данные: 1852(16)_536_H-33_Шипунова Е.А._2930_50,6
05.01.2020 13:26:23 : Был отключен пользователь Arhive
05.01.2020 13:51:32 : Сервер развернут из трея
05.01.2020 13:51:39 : Закрытие сервера
05.01.2020 13:52:14 : Запущено слушание клиентов и найдена директория темповых файлов
05.01.2020 13:52:14 : Сервер успешно запущен
05.01.2020 13:52:24 : Закрытие сервера
05.01.2020 13:52:26 : Запущено слушание клиентов и найдена директория темповых файлов
05.01.2020 13:52:26 : Сервер успешно запущен
05.01.2020 13:52:36 : Обновлены параметры сервера порт: 49000 05.01.2020 13:52:36
05.01.2020 13:52:41 : Сервер свернут в трей
05.01.2020 13:52:43 : Сервер развернут из трея
05.01.2020 13:53:16 : Сервер свернут в трей
05.01.2020 13:57:02 : Запущено слушание клиентов и найдена директория темповых файлов
05.01.2020 13:57:02 : Сервер успешно запущен
05.01.2020 13:57:31 : Была проведена проверка соединения пользователем Arhive
05.01.2020 13:57:49 : Был присоединен пользователь Arhive
05.01.2020 13:57:49 : Был получен файл: 1852(16)_531_H-34_Шипунова Е.А._3520_60,79.tiff
05.01.2020 13:57:50 : Были отправлены данные: 1852(16)_531_H-34_Шипунова Е.А._3520_60,79
05.01.2020 13:57:50 : Был отключен пользователь Arhive
05.01.2020 13:57:51 : Был присоединен пользователь Arhive
05.01.2020 13:57:51 : Был получен файл: 1852(16)_532_H-35_Шипунова Е.А._2820_48,7.tiff
05.01.2020 13:57:51 : Были отправлены данные: 1852(16)_532_H-35_Шипунова Е.А._2820_48,7
05.01.2020 13:57:51 : Был отключен пользователь Arhive
05.01.2020 13:57:51 : Был присоединен пользователь Arhive
05.01.2020 13:57:51 : Был получен файл: 1852(16)_536_H-33_Шипунова Е.А._2930_50,6.tiff
05.01.2020 13:57:52 : Были отправлены данные: 1852(16)_536_H-33_Шипунова Е.А._2930_50,6
05.01.2020 13:57:52 : Был отключен пользователь Arhive
05.01.2020 13:58:36 : Была проведена проверка соединения пользователем Arhive
05.01.2020 13:58:49 : Сервер свернут в трей
