24.03.2020 0:01:04 : Дешифрование пароля успешно завершено
24.03.2020 0:01:10 : Хеш-последовательность успешно получена
24.03.2020 0:01:43 : Перебор значений по заданным параметрам успешно завершен
24.03.2020 0:02:27 : Дешифрование пароля успешно завершено
24.03.2020 0:02:46 : Хеш-последовательность успешно получена
24.03.2020 0:02:53 : Перебор значений по заданным параметрам успешно завершен
24.03.2020 0:06:24 : Дешифрование пароля успешно завершено
24.03.2020 0:06:31 : Хеш-последовательность успешно получена
24.03.2020 0:07:04 : Дешифрование пароля успешно завершено
24.03.2020 0:07:27 : Дешифрование пароля успешно завершено
24.03.2020 0:07:33 : Хеш-последовательность успешно получена
24.03.2020 2:07:21 : Дешифрование пароля успешно завершено
24.03.2020 2:07:26 : Хеш-последовательность успешно получена
24.03.2020 2:11:39 : Дешифрование пароля успешно завершено
24.03.2020 2:11:45 : Хеш-последовательность успешно получена
24.03.2020 2:13:49 : Дешифрование пароля успешно завершено
24.03.2020 2:14:01 : Дешифрование пароля успешно завершено
24.03.2020 2:14:06 : Хеш-последовательность успешно получена
24.03.2020 2:19:27 : Дешифрование пароля успешно завершено
24.03.2020 2:23:05 : Дешифрование пароля успешно завершено
24.03.2020 2:33:27 : Дешифрование пароля успешно завершено
24.03.2020 2:33:31 : Хеш-последовательность успешно получена
24.03.2020 2:34:04 : Дешифрование пароля успешно завершено
24.03.2020 2:34:08 : Хеш-последовательность успешно получена
24.03.2020 2:37:37 : Дешифрование пароля успешно завершено
24.03.2020 3:03:35 : Дешифрование пароля успешно завершено
24.03.2020 10:53:32 : Дешифрование пароля успешно завершено
24.03.2020 11:12:17 : Дешифрование пароля успешно завершено
24.03.2020 11:12:22 : Хеш-последовательность успешно получена
24.03.2020 11:12:46 : System.Exception: Ошибка при подключении к серверу распознавнаия
   в SZMK.ARArhive_F.AddOrder() в C:\Users\thedr\Desktop\Works\SZMK\SZMK\SZMK\ARArhive_F.cs:строка 227
24.03.2020 11:12:46 : System.Exception: Ошибка при подключении к серверу распознавнаия
   в SZMK.ARArhive_F.AddOrder() в C:\Users\thedr\Desktop\Works\SZMK\SZMK\SZMK\ARArhive_F.cs:строка 227
24.03.2020 11:24:18 : Дешифрование пароля успешно завершено
24.03.2020 11:24:27 : Хеш-последовательность успешно получена
24.03.2020 11:24:30 : System.Exception: Ошибка при подключении к серверу распознавнаия
   в SZMK.ARArhive_F.AddOrder() в C:\Users\thedr\Desktop\Works\SZMK\SZMK\SZMK\ARArhive_F.cs:строка 249
24.03.2020 11:24:30 : System.Exception: Ошибка при подключении к серверу распознавнаия
   в SZMK.ARArhive_F.AddOrder() в C:\Users\thedr\Desktop\Works\SZMK\SZMK\SZMK\ARArhive_F.cs:строка 249
24.03.2020 11:24:49 : System.Exception: Ошибка при подключении к серверу распознавнаия
   в SZMK.ARArhive_F.AddOrder() в C:\Users\thedr\Desktop\Works\SZMK\SZMK\SZMK\ARArhive_F.cs:строка 249
24.03.2020 11:24:49 : System.Exception: Ошибка при подключении к серверу распознавнаия
   в SZMK.ARArhive_F.AddOrder() в C:\Users\thedr\Desktop\Works\SZMK\SZMK\SZMK\ARArhive_F.cs:строка 249
24.03.2020 11:39:31 : Дешифрование пароля успешно завершено
24.03.2020 11:39:37 : Хеш-последовательность успешно получена
24.03.2020 11:47:06 : Дешифрование пароля успешно завершено
24.03.2020 11:47:11 : Хеш-последовательность успешно получена
24.03.2020 11:51:12 : Дешифрование пароля успешно завершено
24.03.2020 11:51:18 : Хеш-последовательность успешно получена
24.03.2020 11:52:22 : System.Exception: Ошибка при подключении к серверу распознавнаия
   в SZMK.ARArhive_F.AddOrder() в C:\Users\thedr\Desktop\Works\SZMK\SZMK\SZMK\ARArhive_F.cs:строка 247
24.03.2020 11:52:22 : System.Exception: Ошибка при подключении к серверу распознавнаия
   в SZMK.ARArhive_F.AddOrder() в C:\Users\thedr\Desktop\Works\SZMK\SZMK\SZMK\ARArhive_F.cs:строка 247
24.03.2020 11:54:09 : Дешифрование пароля успешно завершено
24.03.2020 11:54:15 : Хеш-последовательность успешно получена
24.03.2020 11:54:41 : System.Exception: Ошибка при подключении к серверу распознавнаия
   в SZMK.ARArhive_F.AddOrder() в C:\Users\thedr\Desktop\Works\SZMK\SZMK\SZMK\ARArhive_F.cs:строка 242
24.03.2020 11:54:41 : System.Exception: Ошибка при подключении к серверу распознавнаия
   в SZMK.ARArhive_F.AddOrder() в C:\Users\thedr\Desktop\Works\SZMK\SZMK\SZMK\ARArhive_F.cs:строка 242
24.03.2020 11:55:09 : System.Exception: Ошибка при подключении к серверу распознавнаия
   в SZMK.ARArhive_F.AddOrder() в C:\Users\thedr\Desktop\Works\SZMK\SZMK\SZMK\ARArhive_F.cs:строка 242
24.03.2020 11:55:09 : System.Exception: Ошибка при подключении к серверу распознавнаия
   в SZMK.ARArhive_F.AddOrder() в C:\Users\thedr\Desktop\Works\SZMK\SZMK\SZMK\ARArhive_F.cs:строка 242
24.03.2020 11:56:10 : Дешифрование пароля успешно завершено
24.03.2020 11:56:19 : Дешифрование пароля успешно завершено
24.03.2020 11:56:23 : Хеш-последовательность успешно получена
24.03.2020 11:59:27 : Дешифрование пароля успешно завершено
24.03.2020 11:59:34 : Хеш-последовательность успешно получена
24.03.2020 12:00:47 : Дешифрование пароля успешно завершено
24.03.2020 12:06:19 : Дешифрование пароля успешно завершено
24.03.2020 12:06:41 : Дешифрование пароля успешно завершено
24.03.2020 12:13:17 : Дешифрование пароля успешно завершено
