06.01.2020 0:47:21 : Дешифрование пароля успешно завершено
06.01.2020 0:47:27 : Хеш-последовательность успешно получена
06.01.2020 0:50:03 : Дешифрование пароля успешно завершено
06.01.2020 0:50:08 : Хеш-последовательность успешно получена
06.01.2020 0:51:06 : Дешифрование пароля успешно завершено
06.01.2020 0:51:11 : Хеш-последовательность успешно получена
06.01.2020 0:51:31 : Перебор значений по заданным параметрам успешно завершен
06.01.2020 0:51:32 : Количество объектов по параметрам поиска 0
06.01.2020 0:51:35 : Перебор значений по заданным параметрам успешно завершен
06.01.2020 1:56:09 : Дешифрование пароля успешно завершено
06.01.2020 1:56:16 : Хеш-последовательность успешно получена
06.01.2020 2:01:01 : Дешифрование пароля успешно завершено
06.01.2020 2:01:08 : Хеш-последовательность успешно получена
06.01.2020 2:02:29 : Дешифрование пароля успешно завершено
06.01.2020 2:02:39 : Хеш-последовательность успешно получена
06.01.2020 2:04:03 : Дешифрование пароля успешно завершено
06.01.2020 2:04:09 : Хеш-последовательность успешно получена
06.01.2020 2:04:11 : Хеш-последовательность успешно получена
06.01.2020 2:04:13 : Хеш-последовательность успешно получена
06.01.2020 2:04:19 : Хеш-последовательность успешно получена
06.01.2020 2:04:19 : Хеш-последовательность успешно получена
06.01.2020 2:05:59 : Дешифрование пароля успешно завершено
06.01.2020 2:06:04 : Хеш-последовательность успешно получена
06.01.2020 2:22:45 : Дешифрование пароля успешно завершено
06.01.2020 2:22:53 : Хеш-последовательность успешно получена
06.01.2020 2:25:26 : Дешифрование пароля успешно завершено
06.01.2020 2:25:31 : Хеш-последовательность успешно получена
06.01.2020 2:33:20 : Дешифрование пароля успешно завершено
06.01.2020 2:33:47 : Дешифрование пароля успешно завершено
06.01.2020 2:33:55 : Хеш-последовательность успешно получена
06.01.2020 2:37:48 : Дешифрование пароля успешно завершено
06.01.2020 2:37:53 : Хеш-последовательность успешно получена
06.01.2020 2:40:48 : Дешифрование пароля успешно завершено
06.01.2020 2:40:53 : Хеш-последовательность успешно получена
06.01.2020 2:40:55 : Хеш-последовательность успешно получена
06.01.2020 2:44:21 : Дешифрование пароля успешно завершено
06.01.2020 2:44:26 : Хеш-последовательность успешно получена
06.01.2020 2:49:04 : Дешифрование пароля успешно завершено
06.01.2020 2:49:10 : Хеш-последовательность успешно получена
06.01.2020 2:51:55 : Дешифрование пароля успешно завершено
06.01.2020 2:52:01 : Хеш-последовательность успешно получена
06.01.2020 2:52:03 : Хеш-последовательность успешно получена
06.01.2020 2:52:08 : Хеш-последовательность успешно получена
06.01.2020 2:53:50 : Дешифрование пароля успешно завершено
06.01.2020 2:53:55 : Хеш-последовательность успешно получена
06.01.2020 2:55:37 : Дешифрование пароля успешно завершено
06.01.2020 2:55:45 : Хеш-последовательность успешно получена
06.01.2020 10:49:35 : Дешифрование пароля успешно завершено
06.01.2020 10:49:44 : Хеш-последовательность успешно получена
06.01.2020 10:49:45 : Хеш-последовательность успешно получена
06.01.2020 10:49:48 : Хеш-последовательность успешно получена
06.01.2020 10:49:50 : Хеш-последовательность успешно получена
06.01.2020 13:32:09 : Дешифрование пароля успешно завершено
06.01.2020 13:32:42 : Дешифрование пароля успешно завершено
06.01.2020 13:32:48 : Хеш-последовательность успешно получена
06.01.2020 13:42:49 : Дешифрование пароля успешно завершено
06.01.2020 13:46:20 : Дешифрование пароля успешно завершено
06.01.2020 13:46:27 : Хеш-последовательность успешно получена
06.01.2020 13:47:11 : Дешифрование пароля успешно завершено
06.01.2020 13:48:19 : Дешифрование пароля успешно завершено
06.01.2020 13:48:25 : Хеш-последовательность успешно получена
06.01.2020 13:49:39 : Дешифрование пароля успешно завершено
06.01.2020 13:49:45 : Хеш-последовательность успешно получена
06.01.2020 14:09:42 : Дешифрование пароля успешно завершено
06.01.2020 14:09:53 : Хеш-последовательность успешно получена
06.01.2020 14:10:31 : Дешифрование пароля успешно завершено
06.01.2020 14:10:38 : Хеш-последовательность успешно получена
06.01.2020 14:12:10 : Дешифрование пароля успешно завершено
06.01.2020 14:12:16 : Хеш-последовательность успешно получена
06.01.2020 14:13:15 : Дешифрование пароля успешно завершено
06.01.2020 14:13:20 : Хеш-последовательность успешно получена
06.01.2020 14:13:21 : Хеш-последовательность успешно получена
06.01.2020 14:14:59 : Дешифрование пароля успешно завершено
06.01.2020 14:15:06 : Хеш-последовательность успешно получена
06.01.2020 14:17:32 : Дешифрование пароля успешно завершено
06.01.2020 14:17:45 : Хеш-последовательность успешно получена
06.01.2020 14:17:46 : Хеш-последовательность успешно получена
06.01.2020 14:17:47 : Хеш-последовательность успешно получена
06.01.2020 14:22:45 : Дешифрование пароля успешно завершено
06.01.2020 14:22:51 : Хеш-последовательность успешно получена
06.01.2020 14:25:12 : Дешифрование пароля успешно завершено
06.01.2020 14:25:18 : Хеш-последовательность успешно получена
06.01.2020 14:28:27 : Дешифрование пароля успешно завершено
06.01.2020 14:28:33 : Хеш-последовательность успешно получена
06.01.2020 14:29:45 : Дешифрование пароля успешно завершено
06.01.2020 14:29:52 : Хеш-последовательность успешно получена
06.01.2020 14:29:57 : Хеш-последовательность успешно получена
06.01.2020 14:34:55 : Дешифрование пароля успешно завершено
06.01.2020 14:35:03 : Хеш-последовательность успешно получена
06.01.2020 14:35:04 : Дешифрование пароля успешно завершено
06.01.2020 14:35:10 : Запущено слушание клиентов и найдена директория темповых файлов
06.01.2020 14:35:10 : Сервер успешно запущен
06.01.2020 14:35:11 : Сервер свернут в трей
06.01.2020 14:35:16 : Была проведена проверка соединения пользователем Admin
06.01.2020 14:35:18 : Была проведена проверка соединения пользователем Admin
06.01.2020 14:35:23 : Дешифрование пароля успешно завершено
06.01.2020 14:35:30 : Хеш-последовательность успешно получена
06.01.2020 14:35:33 : Была проведена проверка соединения пользователем Arhive
06.01.2020 14:35:48 : Был присоединен пользователь Arhive
06.01.2020 14:35:48 : Был получен файл: 1852(16)_531_H-34_Шипунова Е.А._3520_60,79.tiff
06.01.2020 14:35:49 : Были отправлены данные: 1852(16)_531_H-34_Шипунова Е.А._3520_60,79
06.01.2020 14:35:49 : Был отключен пользователь Arhive
06.01.2020 14:35:49 : Был присоединен пользователь Arhive
06.01.2020 14:35:49 : Был получен файл: 1852(16)_532_H-35_Шипунова Е.А._2820_48,7.tiff
06.01.2020 14:35:50 : Были отправлены данные: 1852(16)_532_H-35_Шипунова Е.А._2820_48,7
06.01.2020 14:35:50 : Был отключен пользователь Arhive
06.01.2020 14:35:50 : Был присоединен пользователь Arhive
06.01.2020 14:35:50 : Был получен файл: 1852(16)_536_H-33_Шипунова Е.А._2930_50,6.tiff
06.01.2020 14:35:50 : Были отправлены данные: 1852(16)_536_H-33_Шипунова Е.А._2930_50,6
06.01.2020 14:35:50 : Был отключен пользователь Arhive
06.01.2020 14:38:24 : Дешифрование пароля успешно завершено
06.01.2020 14:38:30 : Хеш-последовательность успешно получена
06.01.2020 14:38:55 : Была проведена проверка соединения пользователем Arhive
06.01.2020 14:39:06 : Был присоединен пользователь Arhive
06.01.2020 14:39:06 : Был получен файл: 1852(16)_531_H-34_Шипунова Е.А._3520_60,79.tiff
06.01.2020 14:39:06 : Были отправлены данные: 1852(16)_531_H-34_Шипунова Е.А._3520_60,79
06.01.2020 14:39:06 : Был отключен пользователь Arhive
06.01.2020 14:39:07 : Был присоединен пользователь Arhive
06.01.2020 14:39:07 : Был получен файл: 1852(16)_532_H-35_Шипунова Е.А._2820_48,7.tiff
06.01.2020 14:39:07 : Были отправлены данные: 1852(16)_532_H-35_Шипунова Е.А._2820_48,7
06.01.2020 14:39:07 : Был отключен пользователь Arhive
06.01.2020 14:39:08 : Был присоединен пользователь Arhive
06.01.2020 14:39:08 : Был получен файл: 1852(16)_536_H-33_Шипунова Е.А._2930_50,6.tiff
06.01.2020 14:39:08 : Были отправлены данные: 1852(16)_536_H-33_Шипунова Е.А._2930_50,6
06.01.2020 14:39:08 : Был отключен пользователь Arhive
06.01.2020 14:41:18 : Сервер развернут из трея
06.01.2020 14:41:20 : Закрытие сервера
06.01.2020 21:59:19 : Дешифрование пароля успешно завершено
06.01.2020 22:20:22 : Дешифрование пароля успешно завершено
06.01.2020 22:20:27 : Хеш-последовательность успешно получена
06.01.2020 22:24:05 : Дешифрование пароля успешно завершено
06.01.2020 22:24:15 : Хеш-последовательность успешно получена
06.01.2020 22:24:25 : Получено пустое значение параметра поиска
06.01.2020 22:24:43 : Дешифрование пароля успешно завершено
06.01.2020 22:45:21 : Дешифрование пароля успешно завершено
06.01.2020 22:45:33 : Хеш-последовательность успешно получена
06.01.2020 22:45:34 : Хеш-последовательность успешно получена
06.01.2020 22:46:38 : Перебор значений по заданным параметрам успешно завершен
06.01.2020 22:46:44 : Дешифрование пароля успешно завершено
06.01.2020 22:46:50 : Хеш-последовательность успешно получена
06.01.2020 22:46:51 : Хеш-последовательность успешно получена
06.01.2020 22:48:06 : Дешифрование пароля успешно завершено
06.01.2020 22:48:14 : Хеш-последовательность успешно получена
06.01.2020 22:48:15 : Хеш-последовательность успешно получена
06.01.2020 22:51:06 : Дешифрование пароля успешно завершено
06.01.2020 22:51:27 : Хеш-последовательность успешно получена
06.01.2020 22:51:28 : Хеш-последовательность успешно получена
06.01.2020 22:52:23 : Дешифрование пароля успешно завершено
06.01.2020 22:52:29 : Хеш-последовательность успешно получена
06.01.2020 22:52:30 : Хеш-последовательность успешно получена
06.01.2020 22:52:57 : Дешифрование пароля успешно завершено
06.01.2020 22:53:03 : Хеш-последовательность успешно получена
06.01.2020 22:53:25 : Дешифрование пароля успешно завершено
06.01.2020 22:53:32 : Хеш-последовательность успешно получена
06.01.2020 22:54:51 : Дешифрование пароля успешно завершено
06.01.2020 22:54:57 : Хеш-последовательность успешно получена
06.01.2020 22:55:06 : Дешифрование пароля успешно завершено
06.01.2020 22:55:30 : Дешифрование пароля успешно завершено
06.01.2020 22:55:35 : Хеш-последовательность успешно получена
06.01.2020 23:20:03 : Дешифрование пароля успешно завершено
06.01.2020 23:20:14 : Дешифрование пароля успешно завершено
06.01.2020 23:20:42 : Хеш-последовательность успешно получена
06.01.2020 23:22:44 : Дешифрование пароля успешно завершено
06.01.2020 23:22:49 : Хеш-последовательность успешно получена
06.01.2020 23:28:28 : Перебор значений по заданным параметрам успешно завершен
06.01.2020 23:28:29 : Количество объектов по параметрам поиска 0
06.01.2020 23:28:37 : Перебор значений по заданным параметрам успешно завершен
