28.12.2019 1:07:52 : Хеш-последовательность успешно получена
28.12.2019 1:11:23 : Шифрование пароля успешно завершено
28.12.2019 1:11:53 : Дешифрование пароля успешно завершено
28.12.2019 1:12:20 : Дешифрование пароля успешно завершено
28.12.2019 1:13:08 : Дешифрование пароля успешно завершено
28.12.2019 1:13:20 : Дешифрование пароля успешно завершено
28.12.2019 1:15:27 : Дешифрование пароля успешно завершено
28.12.2019 1:15:35 : Дешифрование пароля успешно завершено
28.12.2019 1:16:38 : Дешифрование пароля успешно завершено
28.12.2019 1:18:49 : Дешифрование пароля успешно завершено
28.12.2019 1:19:02 : Дешифрование пароля успешно завершено
28.12.2019 1:19:39 : Дешифрование пароля успешно завершено
28.12.2019 1:20:19 : Дешифрование пароля успешно завершено
28.12.2019 1:24:35 : Хеш-последовательность успешно получена
28.12.2019 1:25:21 : Дешифрование пароля успешно завершено
28.12.2019 1:25:41 : Дешифрование пароля успешно завершено
28.12.2019 1:27:05 : Дешифрование пароля успешно завершено
28.12.2019 1:27:15 : Хеш-последовательность успешно получена
28.12.2019 1:27:46 : Дешифрование пароля успешно завершено
28.12.2019 1:29:30 : Дешифрование пароля успешно завершено
28.12.2019 1:29:38 : Хеш-последовательность успешно получена
28.12.2019 1:31:15 : Дешифрование пароля успешно завершено
28.12.2019 1:31:21 : Хеш-последовательность успешно получена
28.12.2019 1:32:37 : Хеш-последовательность успешно получена
28.12.2019 1:32:37 : Хеш-последовательность успешно получена
28.12.2019 1:32:45 : Дешифрование пароля успешно завершено
28.12.2019 1:33:23 : Дешифрование пароля успешно завершено
28.12.2019 1:33:40 : Дешифрование пароля успешно завершено
28.12.2019 1:36:19 : Дешифрование пароля успешно завершено
28.12.2019 1:36:28 : Хеш-последовательность успешно получена
28.12.2019 1:37:21 : Дешифрование пароля успешно завершено
28.12.2019 1:38:24 : Хеш-последовательность успешно получена
28.12.2019 1:38:52 : Дешифрование пароля успешно завершено
28.12.2019 1:39:04 : Хеш-последовательность успешно получена
28.12.2019 1:39:45 : Дешифрование пароля успешно завершено
28.12.2019 1:39:52 : Хеш-последовательность успешно получена
28.12.2019 1:39:59 : Хеш-последовательность успешно получена
28.12.2019 1:40:19 : Дешифрование пароля успешно завершено
28.12.2019 1:40:59 : Хеш-последовательность успешно получена
28.12.2019 1:42:12 : Дешифрование пароля успешно завершено
28.12.2019 1:42:32 : Хеш-последовательность успешно получена
28.12.2019 1:43:47 : Дешифрование пароля успешно завершено
28.12.2019 1:43:56 : Хеш-последовательность успешно получена
28.12.2019 1:45:01 : Дешифрование пароля успешно завершено
28.12.2019 1:45:39 : Дешифрование пароля успешно завершено
28.12.2019 1:45:48 : Хеш-последовательность успешно получена
28.12.2019 1:47:13 : Хеш-последовательность успешно получена
28.12.2019 1:47:44 : Хеш-последовательность успешно получена
28.12.2019 1:48:03 : Дешифрование пароля успешно завершено
28.12.2019 1:48:11 : Хеш-последовательность успешно получена
28.12.2019 1:48:51 : Дешифрование пароля успешно завершено
28.12.2019 1:48:56 : Хеш-последовательность успешно получена
28.12.2019 1:49:03 : Хеш-последовательность успешно получена
28.12.2019 1:51:04 : Дешифрование пароля успешно завершено
28.12.2019 1:51:10 : Хеш-последовательность успешно получена
28.12.2019 1:51:26 : Дешифрование пароля успешно завершено
28.12.2019 1:51:32 : Хеш-последовательность успешно получена
28.12.2019 1:52:00 : Хеш-последовательность успешно получена
28.12.2019 1:52:00 : Хеш-последовательность успешно получена
28.12.2019 1:52:12 : Дешифрование пароля успешно завершено
28.12.2019 1:52:18 : Хеш-последовательность успешно получена
28.12.2019 1:53:08 : Дешифрование пароля успешно завершено
28.12.2019 1:53:17 : Хеш-последовательность успешно получена
28.12.2019 1:55:26 : Дешифрование пароля успешно завершено
28.12.2019 1:55:33 : Хеш-последовательность успешно получена
28.12.2019 1:56:12 : Хеш-последовательность успешно получена
28.12.2019 1:56:20 : Дешифрование пароля успешно завершено
28.12.2019 1:56:26 : Хеш-последовательность успешно получена
28.12.2019 1:58:30 : Дешифрование пароля успешно завершено
28.12.2019 1:58:37 : Хеш-последовательность успешно получена
28.12.2019 1:58:51 : Дешифрование пароля успешно завершено
28.12.2019 1:59:05 : Хеш-последовательность успешно получена
28.12.2019 2:00:02 : Хеш-последовательность успешно получена
28.12.2019 2:00:23 : Хеш-последовательность успешно получена
28.12.2019 2:00:23 : Хеш-последовательность успешно получена
28.12.2019 2:01:45 : Дешифрование пароля успешно завершено
28.12.2019 2:01:55 : Хеш-последовательность успешно получена
28.12.2019 2:05:55 : Дешифрование пароля успешно завершено
28.12.2019 2:06:03 : Хеш-последовательность успешно получена
28.12.2019 2:06:43 : Хеш-последовательность успешно получена
28.12.2019 2:07:07 : Хеш-последовательность успешно получена
28.12.2019 2:08:03 : Хеш-последовательность успешно получена
28.12.2019 2:08:47 : Хеш-последовательность успешно получена
28.12.2019 2:09:35 : Дешифрование пароля успешно завершено
28.12.2019 2:09:41 : Хеш-последовательность успешно получена
28.12.2019 2:10:27 : Хеш-последовательность успешно получена
28.12.2019 2:11:34 : Дешифрование пароля успешно завершено
28.12.2019 2:11:50 : Хеш-последовательность успешно получена
28.12.2019 2:17:06 : Дешифрование пароля успешно завершено
28.12.2019 2:17:15 : Хеш-последовательность успешно получена
28.12.2019 2:17:47 : Хеш-последовательность успешно получена
28.12.2019 2:19:53 : Хеш-последовательность успешно получена
28.12.2019 2:22:11 : Хеш-последовательность успешно получена
28.12.2019 2:22:53 : Хеш-последовательность успешно получена
28.12.2019 2:24:05 : Хеш-последовательность успешно получена
28.12.2019 2:24:05 : Хеш-последовательность успешно получена
28.12.2019 2:24:54 : Дешифрование пароля успешно завершено
28.12.2019 2:26:45 : Дешифрование пароля успешно завершено
28.12.2019 2:26:52 : Хеш-последовательность успешно получена
28.12.2019 2:27:02 : Хеш-последовательность успешно получена
28.12.2019 2:27:08 : Хеш-последовательность успешно получена
28.12.2019 2:31:01 : Дешифрование пароля успешно завершено
28.12.2019 2:31:08 : Хеш-последовательность успешно получена
28.12.2019 2:31:53 : Дешифрование пароля успешно завершено
28.12.2019 2:31:58 : Хеш-последовательность успешно получена
28.12.2019 2:32:33 : Дешифрование пароля успешно завершено
28.12.2019 12:19:51 : Дешифрование пароля успешно завершено
28.12.2019 12:19:59 : Хеш-последовательность успешно получена
28.12.2019 12:20:28 : Перебор значений по заданным параметрам успешно завершен
28.12.2019 12:23:20 : Дешифрование пароля успешно завершено
28.12.2019 12:23:27 : Хеш-последовательность успешно получена
28.12.2019 12:23:50 : Хеш-последовательность успешно получена
28.12.2019 12:23:59 : Дешифрование пароля успешно завершено
28.12.2019 12:24:06 : Хеш-последовательность успешно получена
28.12.2019 12:30:04 : Дешифрование пароля успешно завершено
28.12.2019 12:30:11 : Хеш-последовательность успешно получена
28.12.2019 12:31:20 : Дешифрование пароля успешно завершено
28.12.2019 13:16:46 : Дешифрование пароля успешно завершено
28.12.2019 13:17:01 : Хеш-последовательность успешно получена
28.12.2019 13:18:34 : Дешифрование пароля успешно завершено
28.12.2019 13:18:40 : Хеш-последовательность успешно получена
28.12.2019 13:21:04 : Дешифрование пароля успешно завершено
28.12.2019 13:21:51 : Дешифрование пароля успешно завершено
28.12.2019 13:21:59 : Хеш-последовательность успешно получена
28.12.2019 13:23:07 : Дешифрование пароля успешно завершено
28.12.2019 13:23:13 : Хеш-последовательность успешно получена
28.12.2019 13:23:20 : Хеш-последовательность успешно получена
28.12.2019 13:25:55 : Перебор значений по заданным параметрам успешно завершен
28.12.2019 13:25:58 : Количество объектов по параметрам поиска 0
28.12.2019 13:26:03 : Перебор значений по заданным параметрам успешно завершен
28.12.2019 13:26:04 : Перебор значений по заданным параметрам успешно завершен
28.12.2019 13:26:06 : Перебор значений по заданным параметрам успешно завершен
28.12.2019 13:26:09 : Перебор значений по заданным параметрам успешно завершен
28.12.2019 13:26:12 : Перебор значений по заданным параметрам успешно завершен
28.12.2019 13:26:21 : Перебор значений по заданным параметрам успешно завершен
28.12.2019 13:28:04 : Дешифрование пароля успешно завершено
28.12.2019 13:28:10 : Хеш-последовательность успешно получена
28.12.2019 13:28:44 : Дешифрование пароля успешно завершено
28.12.2019 13:32:46 : Дешифрование пароля успешно завершено
28.12.2019 13:32:52 : Хеш-последовательность успешно получена
28.12.2019 13:33:10 : Хеш-последовательность успешно получена
28.12.2019 13:33:18 : Дешифрование пароля успешно завершено
28.12.2019 13:33:29 : Хеш-последовательность успешно получена
28.12.2019 13:34:05 : Хеш-последовательность успешно получена
28.12.2019 13:34:10 : Дешифрование пароля успешно завершено
28.12.2019 13:34:17 : Хеш-последовательность успешно получена
28.12.2019 13:35:57 : Дешифрование пароля успешно завершено
28.12.2019 13:36:09 : Дешифрование пароля успешно завершено
28.12.2019 13:37:18 : Дешифрование пароля успешно завершено
28.12.2019 13:37:25 : Хеш-последовательность успешно получена
28.12.2019 13:37:35 : Хеш-последовательность успешно получена
28.12.2019 13:37:43 : Дешифрование пароля успешно завершено
28.12.2019 13:38:14 : Дешифрование пароля успешно завершено
28.12.2019 13:38:19 : Дешифрование пароля успешно завершено
28.12.2019 13:39:10 : Хеш-последовательность успешно получена
28.12.2019 13:39:16 : Дешифрование пароля успешно завершено
28.12.2019 13:45:30 : Дешифрование пароля успешно завершено
28.12.2019 13:45:37 : Хеш-последовательность успешно получена
28.12.2019 13:45:41 : Дешифрование пароля успешно завершено
28.12.2019 13:45:45 : Шифрование пароля успешно завершено
28.12.2019 13:45:45 : Шифрование пароля успешно завершено
28.12.2019 13:45:45 : Шифрование пароля успешно завершено
28.12.2019 13:45:45 : Шифрование пароля успешно завершено
28.12.2019 13:45:45 : Шифрование пароля успешно завершено
28.12.2019 13:45:45 : Шифрование пароля успешно завершено
28.12.2019 13:45:46 : Шифрование пароля успешно завершено
28.12.2019 13:45:46 : Шифрование пароля успешно завершено
28.12.2019 13:45:46 : Шифрование пароля успешно завершено
28.12.2019 13:45:46 : Шифрование пароля успешно завершено
28.12.2019 13:45:46 : Шифрование пароля успешно завершено
28.12.2019 13:45:46 : Шифрование пароля успешно завершено
28.12.2019 13:45:49 : Шифрование пароля успешно завершено
28.12.2019 13:45:49 : Шифрование пароля успешно завершено
28.12.2019 13:45:49 : Шифрование пароля успешно завершено
28.12.2019 13:45:49 : Шифрование пароля успешно завершено
28.12.2019 13:45:49 : Шифрование пароля успешно завершено
28.12.2019 13:45:49 : Шифрование пароля успешно завершено
28.12.2019 13:45:49 : Шифрование пароля успешно завершено
28.12.2019 13:45:49 : Шифрование пароля успешно завершено
28.12.2019 13:45:49 : Шифрование пароля успешно завершено
28.12.2019 13:45:49 : Шифрование пароля успешно завершено
28.12.2019 13:45:49 : Шифрование пароля успешно завершено
28.12.2019 13:45:49 : Шифрование пароля успешно завершено
28.12.2019 13:45:53 : Шифрование пароля успешно завершено
28.12.2019 13:45:53 : Шифрование пароля успешно завершено
28.12.2019 13:45:53 : Шифрование пароля успешно завершено
28.12.2019 13:45:53 : Шифрование пароля успешно завершено
28.12.2019 13:45:53 : Шифрование пароля успешно завершено
28.12.2019 13:45:53 : Шифрование пароля успешно завершено
28.12.2019 13:45:53 : Шифрование пароля успешно завершено
28.12.2019 13:45:53 : Шифрование пароля успешно завершено
28.12.2019 13:45:53 : Шифрование пароля успешно завершено
28.12.2019 13:45:53 : Шифрование пароля успешно завершено
28.12.2019 13:45:53 : Шифрование пароля успешно завершено
28.12.2019 13:45:53 : Шифрование пароля успешно завершено
28.12.2019 13:45:53 : Шифрование пароля успешно завершено
28.12.2019 13:45:53 : Шифрование пароля успешно завершено
28.12.2019 13:45:53 : Шифрование пароля успешно завершено
28.12.2019 13:45:53 : Шифрование пароля успешно завершено
28.12.2019 13:45:53 : Шифрование пароля успешно завершено
28.12.2019 13:45:53 : Шифрование пароля успешно завершено
28.12.2019 13:45:54 : Шифрование пароля успешно завершено
28.12.2019 13:45:54 : Шифрование пароля успешно завершено
28.12.2019 13:45:54 : Шифрование пароля успешно завершено
28.12.2019 13:45:54 : Шифрование пароля успешно завершено
28.12.2019 13:45:54 : Шифрование пароля успешно завершено
28.12.2019 13:45:54 : Шифрование пароля успешно завершено
28.12.2019 13:45:59 : Шифрование пароля успешно завершено
28.12.2019 13:45:59 : Шифрование пароля успешно завершено
28.12.2019 13:45:59 : Шифрование пароля успешно завершено
28.12.2019 13:45:59 : Шифрование пароля успешно завершено
28.12.2019 13:45:59 : Шифрование пароля успешно завершено
28.12.2019 13:45:59 : Шифрование пароля успешно завершено
28.12.2019 13:46:00 : Шифрование пароля успешно завершено
28.12.2019 13:46:00 : Шифрование пароля успешно завершено
28.12.2019 13:46:00 : Шифрование пароля успешно завершено
28.12.2019 13:46:00 : Шифрование пароля успешно завершено
28.12.2019 13:46:00 : Шифрование пароля успешно завершено
28.12.2019 13:46:00 : Шифрование пароля успешно завершено
28.12.2019 13:46:00 : Шифрование пароля успешно завершено
28.12.2019 13:46:00 : Шифрование пароля успешно завершено
28.12.2019 13:46:00 : Шифрование пароля успешно завершено
28.12.2019 13:46:00 : Шифрование пароля успешно завершено
28.12.2019 13:46:00 : Шифрование пароля успешно завершено
28.12.2019 13:46:00 : Шифрование пароля успешно завершено
28.12.2019 13:46:00 : Шифрование пароля успешно завершено
28.12.2019 13:46:00 : Шифрование пароля успешно завершено
28.12.2019 13:46:00 : Шифрование пароля успешно завершено
28.12.2019 13:46:00 : Шифрование пароля успешно завершено
28.12.2019 13:46:00 : Шифрование пароля успешно завершено
28.12.2019 13:46:00 : Шифрование пароля успешно завершено
28.12.2019 13:46:03 : Дешифрование пароля успешно завершено
28.12.2019 13:47:44 : Дешифрование пароля успешно завершено
28.12.2019 13:47:49 : Хеш-последовательность успешно получена
28.12.2019 13:47:53 : Дешифрование пароля успешно завершено
28.12.2019 13:50:34 : Дешифрование пароля успешно завершено
28.12.2019 13:50:40 : Хеш-последовательность успешно получена
28.12.2019 13:50:43 : Дешифрование пароля успешно завершено
28.12.2019 13:51:39 : Дешифрование пароля успешно завершено
28.12.2019 14:02:38 : Дешифрование пароля успешно завершено
28.12.2019 14:03:06 : Дешифрование пароля успешно завершено
28.12.2019 14:03:22 : Хеш-последовательность успешно получена
28.12.2019 14:09:41 : Дешифрование пароля успешно завершено
28.12.2019 14:10:13 : Дешифрование пароля успешно завершено
28.12.2019 14:10:47 : Дешифрование пароля успешно завершено
28.12.2019 14:10:57 : Хеш-последовательность успешно получена
28.12.2019 14:11:12 : Дешифрование пароля успешно завершено
28.12.2019 14:11:47 : Дешифрование пароля успешно завершено
28.12.2019 14:15:37 : Дешифрование пароля успешно завершено
28.12.2019 14:15:42 : Дешифрование пароля успешно завершено
28.12.2019 14:16:00 : Хеш-последовательность успешно получена
28.12.2019 14:16:06 : Хеш-последовательность успешно получена
28.12.2019 14:16:12 : Хеш-последовательность успешно получена
28.12.2019 14:16:36 : Дешифрование пароля успешно завершено
28.12.2019 14:16:43 : Хеш-последовательность успешно получена
28.12.2019 14:19:23 : Дешифрование пароля успешно завершено
28.12.2019 14:19:32 : Хеш-последовательность успешно получена
28.12.2019 14:20:31 : Дешифрование пароля успешно завершено
28.12.2019 14:20:39 : Хеш-последовательность успешно получена
28.12.2019 14:21:34 : Дешифрование пароля успешно завершено
28.12.2019 18:25:21 : Дешифрование пароля успешно завершено
28.12.2019 18:26:37 : Дешифрование пароля успешно завершено
28.12.2019 18:28:00 : Дешифрование пароля успешно завершено
28.12.2019 18:28:07 : Хеш-последовательность успешно получена
28.12.2019 18:41:35 : Дешифрование пароля успешно завершено
28.12.2019 18:41:44 : Хеш-последовательность успешно получена
28.12.2019 18:55:24 : Дешифрование пароля успешно завершено
28.12.2019 18:55:33 : Хеш-последовательность успешно получена
28.12.2019 18:58:22 : Дешифрование пароля успешно завершено
28.12.2019 18:58:29 : Хеш-последовательность успешно получена
28.12.2019 18:58:58 : Дешифрование пароля успешно завершено
28.12.2019 18:59:05 : Хеш-последовательность успешно получена
28.12.2019 19:00:10 : Дешифрование пароля успешно завершено
28.12.2019 19:00:17 : Хеш-последовательность успешно получена
28.12.2019 19:09:11 : Дешифрование пароля успешно завершено
28.12.2019 19:09:19 : Хеш-последовательность успешно получена
28.12.2019 19:11:44 : Дешифрование пароля успешно завершено
28.12.2019 19:11:53 : Хеш-последовательность успешно получена
28.12.2019 19:12:41 : Дешифрование пароля успешно завершено
28.12.2019 19:12:48 : Хеш-последовательность успешно получена
28.12.2019 19:24:26 : Дешифрование пароля успешно завершено
28.12.2019 19:24:34 : Хеш-последовательность успешно получена
28.12.2019 19:29:39 : Дешифрование пароля успешно завершено
28.12.2019 19:29:47 : Хеш-последовательность успешно получена
28.12.2019 19:31:48 : Дешифрование пароля успешно завершено
28.12.2019 19:31:54 : Хеш-последовательность успешно получена
28.12.2019 19:33:08 : Дешифрование пароля успешно завершено
28.12.2019 19:33:14 : Хеш-последовательность успешно получена
28.12.2019 19:39:07 : Дешифрование пароля успешно завершено
28.12.2019 19:39:14 : Хеш-последовательность успешно получена
28.12.2019 19:40:55 : Дешифрование пароля успешно завершено
28.12.2019 19:41:04 : Хеш-последовательность успешно получена
28.12.2019 19:44:59 : Дешифрование пароля успешно завершено
28.12.2019 19:45:08 : Хеш-последовательность успешно получена
28.12.2019 19:46:28 : Дешифрование пароля успешно завершено
28.12.2019 19:46:35 : Хеш-последовательность успешно получена
28.12.2019 19:48:07 : Дешифрование пароля успешно завершено
28.12.2019 19:48:14 : Хеш-последовательность успешно получена
28.12.2019 19:49:40 : Дешифрование пароля успешно завершено
28.12.2019 19:49:47 : Хеш-последовательность успешно получена
28.12.2019 19:50:21 : Дешифрование пароля успешно завершено
28.12.2019 19:50:28 : Хеш-последовательность успешно получена
28.12.2019 19:50:44 : Дешифрование пароля успешно завершено
28.12.2019 19:50:50 : Хеш-последовательность успешно получена
28.12.2019 19:52:33 : Дешифрование пароля успешно завершено
28.12.2019 19:52:39 : Хеш-последовательность успешно получена
28.12.2019 19:52:54 : Дешифрование пароля успешно завершено
28.12.2019 19:53:00 : Хеш-последовательность успешно получена
28.12.2019 19:57:04 : Дешифрование пароля успешно завершено
28.12.2019 19:57:15 : Хеш-последовательность успешно получена
28.12.2019 19:59:17 : Дешифрование пароля успешно завершено
28.12.2019 19:59:22 : Хеш-последовательность успешно получена
28.12.2019 20:02:22 : Дешифрование пароля успешно завершено
28.12.2019 20:02:28 : Хеш-последовательность успешно получена
28.12.2019 20:02:56 : Дешифрование пароля успешно завершено
28.12.2019 20:03:01 : Хеш-последовательность успешно получена
28.12.2019 20:03:24 : Дешифрование пароля успешно завершено
28.12.2019 20:03:28 : Хеш-последовательность успешно получена
28.12.2019 20:05:04 : Дешифрование пароля успешно завершено
28.12.2019 20:05:09 : Хеш-последовательность успешно получена
28.12.2019 20:05:36 : Дешифрование пароля успешно завершено
28.12.2019 20:05:42 : Хеш-последовательность успешно получена
28.12.2019 20:05:56 : Дешифрование пароля успешно завершено
28.12.2019 20:06:03 : Хеш-последовательность успешно получена
28.12.2019 20:19:36 : Дешифрование пароля успешно завершено
28.12.2019 20:19:40 : Хеш-последовательность успешно получена
28.12.2019 20:25:01 : Дешифрование пароля успешно завершено
28.12.2019 20:25:08 : Хеш-последовательность успешно получена
28.12.2019 20:26:46 : Дешифрование пароля успешно завершено
28.12.2019 20:26:51 : Хеш-последовательность успешно получена
28.12.2019 20:28:13 : Дешифрование пароля успешно завершено
28.12.2019 20:28:20 : Хеш-последовательность успешно получена
28.12.2019 20:29:00 : Дешифрование пароля успешно завершено
28.12.2019 20:29:06 : Дешифрование пароля успешно завершено
28.12.2019 20:29:12 : Хеш-последовательность успешно получена
28.12.2019 20:30:56 : Дешифрование пароля успешно завершено
28.12.2019 20:31:02 : Хеш-последовательность успешно получена
28.12.2019 20:31:44 : Дешифрование пароля успешно завершено
28.12.2019 20:31:50 : Хеш-последовательность успешно получена
28.12.2019 20:34:43 : Дешифрование пароля успешно завершено
28.12.2019 20:35:23 : Хеш-последовательность успешно получена
28.12.2019 20:35:32 : Дешифрование пароля успешно завершено
28.12.2019 20:35:48 : Дешифрование пароля успешно завершено
