01.01.2020 20:35:35 : Дешифрование пароля успешно завершено
01.01.2020 21:07:06 : Дешифрование пароля успешно завершено
01.01.2020 21:07:14 : Хеш-последовательность успешно получена
01.01.2020 21:08:20 : Дешифрование пароля успешно завершено
01.01.2020 21:08:25 : Хеш-последовательность успешно получена
01.01.2020 21:14:14 : Дешифрование пароля успешно завершено
01.01.2020 21:14:19 : Хеш-последовательность успешно получена
01.01.2020 21:15:43 : Хеш-последовательность успешно получена
01.01.2020 21:43:48 : Дешифрование пароля успешно завершено
01.01.2020 21:43:53 : Хеш-последовательность успешно получена
01.01.2020 21:57:30 : Дешифрование пароля успешно завершено
01.01.2020 21:57:34 : Хеш-последовательность успешно получена
01.01.2020 21:57:37 : Хеш-последовательность успешно получена
01.01.2020 22:10:25 : Дешифрование пароля успешно завершено
01.01.2020 22:12:58 : Дешифрование пароля успешно завершено
01.01.2020 22:13:04 : Хеш-последовательность успешно получена
01.01.2020 22:13:06 : Хеш-последовательность успешно получена
01.01.2020 22:13:35 : Дешифрование пароля успешно завершено
01.01.2020 22:13:42 : Хеш-последовательность успешно получена
01.01.2020 22:15:11 : Дешифрование пароля успешно завершено
01.01.2020 22:15:18 : Хеш-последовательность успешно получена
01.01.2020 22:20:45 : Дешифрование пароля успешно завершено
01.01.2020 22:20:50 : Хеш-последовательность успешно получена
01.01.2020 22:20:50 : Дешифрование пароля успешно завершено
01.01.2020 22:21:48 : Дешифрование пароля успешно завершено
01.01.2020 22:21:57 : Хеш-последовательность успешно получена
01.01.2020 22:25:52 : Дешифрование пароля успешно завершено
01.01.2020 22:25:58 : Хеш-последовательность успешно получена
01.01.2020 22:26:00 : Хеш-последовательность успешно получена
01.01.2020 22:27:14 : Дешифрование пароля успешно завершено
01.01.2020 22:27:20 : Хеш-последовательность успешно получена
01.01.2020 22:27:24 : Хеш-последовательность успешно получена
01.01.2020 22:33:58 : Дешифрование пароля успешно завершено
01.01.2020 22:34:04 : Хеш-последовательность успешно получена
01.01.2020 22:34:06 : Хеш-последовательность успешно получена
01.01.2020 22:38:06 : Дешифрование пароля успешно завершено
01.01.2020 22:38:11 : Хеш-последовательность успешно получена
01.01.2020 22:38:13 : Хеш-последовательность успешно получена
01.01.2020 22:40:22 : Дешифрование пароля успешно завершено
01.01.2020 22:40:27 : Хеш-последовательность успешно получена
01.01.2020 22:41:08 : Дешифрование пароля успешно завершено
01.01.2020 22:41:14 : Хеш-последовательность успешно получена
01.01.2020 22:42:00 : Дешифрование пароля успешно завершено
01.01.2020 22:42:06 : Хеш-последовательность успешно получена
01.01.2020 22:53:09 : Дешифрование пароля успешно завершено
01.01.2020 22:54:06 : Дешифрование пароля успешно завершено
01.01.2020 22:54:13 : Хеш-последовательность успешно получена
01.01.2020 22:54:41 : Дешифрование пароля успешно завершено
01.01.2020 22:54:48 : Хеш-последовательность успешно получена
01.01.2020 22:56:16 : Дешифрование пароля успешно завершено
01.01.2020 22:56:22 : Хеш-последовательность успешно получена
01.01.2020 22:56:23 : Хеш-последовательность успешно получена
01.01.2020 22:56:50 : Дешифрование пароля успешно завершено
01.01.2020 22:56:55 : Хеш-последовательность успешно получена
01.01.2020 23:00:21 : Дешифрование пароля успешно завершено
01.01.2020 23:00:26 : Хеш-последовательность успешно получена
01.01.2020 23:02:43 : Дешифрование пароля успешно завершено
01.01.2020 23:02:48 : Хеш-последовательность успешно получена
01.01.2020 23:04:51 : Дешифрование пароля успешно завершено
01.01.2020 23:04:56 : Хеш-последовательность успешно получена
01.01.2020 23:07:08 : Дешифрование пароля успешно завершено
01.01.2020 23:07:16 : Хеш-последовательность успешно получена
01.01.2020 23:07:59 : Дешифрование пароля успешно завершено
01.01.2020 23:08:04 : Хеш-последовательность успешно получена
01.01.2020 23:13:18 : Дешифрование пароля успешно завершено
01.01.2020 23:13:22 : Хеш-последовательность успешно получена
01.01.2020 23:44:24 : Дешифрование пароля успешно завершено
01.01.2020 23:44:30 : Хеш-последовательность успешно получена
01.01.2020 23:44:36 : Перебор значений по заданным параметрам успешно завершен
01.01.2020 23:44:37 : Количество объектов по параметрам поиска 0
01.01.2020 23:44:40 : Перебор значений по заданным параметрам успешно завершен
01.01.2020 23:44:45 : Получено пустое значение параметра поиска
01.01.2020 23:44:46 : Получено пустое значение параметра поиска
01.01.2020 23:44:46 : Получено пустое значение параметра поиска
01.01.2020 23:44:47 : Получено пустое значение параметра поиска
01.01.2020 23:44:47 : Получено пустое значение параметра поиска
01.01.2020 23:44:47 : Получено пустое значение параметра поиска
01.01.2020 23:44:47 : Получено пустое значение параметра поиска
01.01.2020 23:44:47 : Получено пустое значение параметра поиска
01.01.2020 23:44:48 : Получено пустое значение параметра поиска
01.01.2020 23:44:48 : Получено пустое значение параметра поиска
01.01.2020 23:44:48 : Получено пустое значение параметра поиска
01.01.2020 23:44:48 : Получено пустое значение параметра поиска
01.01.2020 23:44:48 : Получено пустое значение параметра поиска
01.01.2020 23:44:49 : Получено пустое значение параметра поиска
01.01.2020 23:44:49 : Получено пустое значение параметра поиска
01.01.2020 23:44:51 : Перебор значений по заданным параметрам успешно завершен
01.01.2020 23:44:52 : Количество объектов по параметрам поиска 0
01.01.2020 23:44:54 : Получено пустое значение параметра поиска
01.01.2020 23:45:04 : Перебор значений по заданным параметрам успешно завершен
01.01.2020 23:45:05 : Количество объектов по параметрам поиска 0
01.01.2020 23:45:49 : Перебор значений по заданным параметрам успешно завершен
01.01.2020 23:45:58 : Перебор значений по заданным параметрам успешно завершен
01.01.2020 23:46:01 : Получено пустое значение параметра поиска
01.01.2020 23:46:02 : Получено пустое значение параметра поиска
01.01.2020 23:46:02 : Получено пустое значение параметра поиска
01.01.2020 23:46:02 : Получено пустое значение параметра поиска
01.01.2020 23:46:03 : Получено пустое значение параметра поиска
01.01.2020 23:46:03 : Получено пустое значение параметра поиска
01.01.2020 23:46:03 : Получено пустое значение параметра поиска
01.01.2020 23:46:03 : Получено пустое значение параметра поиска
01.01.2020 23:46:04 : Получено пустое значение параметра поиска
01.01.2020 23:46:04 : Получено пустое значение параметра поиска
01.01.2020 23:46:05 : Получено пустое значение параметра поиска
01.01.2020 23:46:05 : Получено пустое значение параметра поиска
01.01.2020 23:46:07 : Перебор значений по заданным параметрам успешно завершен
01.01.2020 23:46:38 : Дешифрование пароля успешно завершено
01.01.2020 23:46:45 : Хеш-последовательность успешно получена
01.01.2020 23:46:55 : Перебор значений по заданным параметрам успешно завершен
01.01.2020 23:47:48 : Дешифрование пароля успешно завершено
01.01.2020 23:47:55 : Хеш-последовательность успешно получена
01.01.2020 23:48:02 : Перебор значений по заданным параметрам успешно завершен
01.01.2020 23:48:05 : Перебор значений по заданным параметрам успешно завершен
01.01.2020 23:48:10 : Перебор значений по заданным параметрам успешно завершен
01.01.2020 23:48:12 : Перебор значений по заданным параметрам успешно завершен
