27.03.2020 2:18:07 : Дешифрование пароля успешно завершено
27.03.2020 2:18:13 : Хеш-последовательность успешно получена
27.03.2020 2:23:07 : Дешифрование пароля успешно завершено
27.03.2020 2:23:11 : Хеш-последовательность успешно получена
27.03.2020 2:23:23 : Дешифрование пароля успешно завершено
27.03.2020 2:23:26 : Хеш-последовательность успешно получена
27.03.2020 2:25:52 : Дешифрование пароля успешно завершено
27.03.2020 2:25:56 : Хеш-последовательность успешно получена
27.03.2020 2:26:45 : Дешифрование пароля успешно завершено
27.03.2020 2:26:49 : Хеш-последовательность успешно получена
27.03.2020 2:28:12 : Дешифрование пароля успешно завершено
27.03.2020 2:28:22 : Дешифрование пароля успешно завершено
27.03.2020 2:28:26 : Хеш-последовательность успешно получена
27.03.2020 2:28:28 : System.Exception: System.InvalidOperationException: Последовательность не содержит элементов
   в System.Linq.Enumerable.Last[TSource](IEnumerable`1 source)
   в SZMK.Request.GetAllOrders() в C:\Users\thedr\Desktop\Works\SZMK\SZMK\SZMK\Request.cs:строка 977
   в SZMK.Request.GetAllOrders() в C:\Users\thedr\Desktop\Works\SZMK\SZMK\SZMK\Request.cs:строка 1001
   в SZMK.ARArhive_F.RefreshOrder() в C:\Users\thedr\Desktop\Works\SZMK\SZMK\SZMK\ARArhive_F.cs:строка 818
27.03.2020 2:28:42 : Дешифрование пароля успешно завершено
27.03.2020 2:28:46 : Хеш-последовательность успешно получена
27.03.2020 2:29:19 : Дешифрование пароля успешно завершено
27.03.2020 2:29:25 : Хеш-последовательность успешно получена
27.03.2020 2:30:37 : Дешифрование пароля успешно завершено
27.03.2020 2:30:41 : Хеш-последовательность успешно получена
27.03.2020 2:39:12 : Дешифрование пароля успешно завершено
27.03.2020 2:39:15 : Хеш-последовательность успешно получена
27.03.2020 2:39:21 : Дешифрование пароля успешно завершено
27.03.2020 2:39:25 : Хеш-последовательность успешно получена
27.03.2020 2:46:30 : Дешифрование пароля успешно завершено
27.03.2020 2:46:36 : Хеш-последовательность успешно получена
27.03.2020 2:46:48 : Дешифрование пароля успешно завершено
27.03.2020 2:46:52 : Хеш-последовательность успешно получена
27.03.2020 2:50:14 : Дешифрование пароля успешно завершено
27.03.2020 2:50:22 : Хеш-последовательность успешно получена
27.03.2020 2:50:51 : Дешифрование пароля успешно завершено
27.03.2020 2:50:56 : Хеш-последовательность успешно получена
27.03.2020 2:51:25 : Дешифрование пароля успешно завершено
27.03.2020 2:51:29 : Хеш-последовательность успешно получена
27.03.2020 2:52:56 : Дешифрование пароля успешно завершено
27.03.2020 2:53:00 : Хеш-последовательность успешно получена
27.03.2020 2:55:29 : Дешифрование пароля успешно завершено
27.03.2020 2:55:33 : Хеш-последовательность успешно получена
27.03.2020 3:06:27 : Дешифрование пароля успешно завершено
27.03.2020 3:06:34 : Хеш-последовательность успешно получена
27.03.2020 3:14:42 : Дешифрование пароля успешно завершено
27.03.2020 3:14:49 : Хеш-последовательность успешно получена
27.03.2020 4:13:49 : Дешифрование пароля успешно завершено
27.03.2020 4:13:54 : Хеш-последовательность успешно получена
27.03.2020 4:13:54 : Дешифрование пароля успешно завершено
27.03.2020 4:15:48 : Дешифрование пароля успешно завершено
27.03.2020 4:15:54 : Хеш-последовательность успешно получена
27.03.2020 4:15:54 : Дешифрование пароля успешно завершено
27.03.2020 4:16:48 : Дешифрование пароля успешно завершено
27.03.2020 4:16:54 : Хеш-последовательность успешно получена
27.03.2020 4:16:54 : Дешифрование пароля успешно завершено
27.03.2020 4:20:51 : Дешифрование пароля успешно завершено
27.03.2020 4:24:25 : Дешифрование пароля успешно завершено
27.03.2020 4:24:29 : Хеш-последовательность успешно получена
27.03.2020 4:24:29 : Дешифрование пароля успешно завершено
27.03.2020 4:24:34 : Дешифрование пароля успешно завершено
27.03.2020 5:12:03 : Дешифрование пароля успешно завершено
27.03.2020 5:12:07 : Хеш-последовательность успешно получена
27.03.2020 5:12:07 : System.NullReferenceException: Ссылка на объект не указывает на экземпляр объекта.
   в SZMK.PDO_F.SelectedColumnDGV() в C:\Users\thedr\Desktop\Works\SZMK\SZMK\SZMK\PDO_F.cs:строка 991
27.03.2020 5:12:34 : Дешифрование пароля успешно завершено
27.03.2020 5:12:38 : Хеш-последовательность успешно получена
27.03.2020 5:13:15 : Дешифрование пароля успешно завершено
27.03.2020 5:13:18 : Хеш-последовательность успешно получена
27.03.2020 5:13:48 : Дешифрование пароля успешно завершено
27.03.2020 5:14:03 : Дешифрование пароля успешно завершено
27.03.2020 5:14:11 : Хеш-последовательность успешно получена
27.03.2020 5:15:06 : Дешифрование пароля успешно завершено
27.03.2020 5:15:48 : Хеш-последовательность успешно получена
27.03.2020 5:16:53 : Дешифрование пароля успешно завершено
27.03.2020 5:17:09 : Хеш-последовательность успешно получена
27.03.2020 5:17:43 : Дешифрование пароля успешно завершено
27.03.2020 5:17:46 : Хеш-последовательность успешно получена
27.03.2020 5:18:06 : Дешифрование пароля успешно завершено
27.03.2020 5:18:10 : Хеш-последовательность успешно получена
27.03.2020 5:20:36 : Дешифрование пароля успешно завершено
27.03.2020 5:20:40 : Хеш-последовательность успешно получена
27.03.2020 5:21:10 : Дешифрование пароля успешно завершено
27.03.2020 5:21:16 : Хеш-последовательность успешно получена
27.03.2020 5:21:51 : Дешифрование пароля успешно завершено
27.03.2020 5:21:57 : Хеш-последовательность успешно получена
27.03.2020 5:22:57 : Дешифрование пароля успешно завершено
27.03.2020 5:23:02 : Хеш-последовательность успешно получена
27.03.2020 5:23:59 : Дешифрование пароля успешно завершено
27.03.2020 5:24:02 : Хеш-последовательность успешно получена
27.03.2020 5:24:36 : Дешифрование пароля успешно завершено
27.03.2020 5:24:40 : Хеш-последовательность успешно получена
27.03.2020 5:28:45 : Дешифрование пароля успешно завершено
27.03.2020 5:28:50 : Хеш-последовательность успешно получена
27.03.2020 5:29:48 : Дешифрование пароля успешно завершено
27.03.2020 5:29:52 : Хеш-последовательность успешно получена
27.03.2020 5:30:06 : Дешифрование пароля успешно завершено
27.03.2020 5:30:12 : Хеш-последовательность успешно получена
27.03.2020 5:32:29 : Дешифрование пароля успешно завершено
27.03.2020 5:32:34 : Хеш-последовательность успешно получена
27.03.2020 5:33:51 : Дешифрование пароля успешно завершено
27.03.2020 5:33:56 : Хеш-последовательность успешно получена
27.03.2020 5:35:35 : Дешифрование пароля успешно завершено
27.03.2020 5:35:40 : Хеш-последовательность успешно получена
27.03.2020 5:38:57 : Дешифрование пароля успешно завершено
27.03.2020 5:39:02 : Хеш-последовательность успешно получена
27.03.2020 5:42:51 : Дешифрование пароля успешно завершено
27.03.2020 5:42:55 : Хеш-последовательность успешно получена
27.03.2020 5:44:01 : Дешифрование пароля успешно завершено
27.03.2020 5:44:05 : Хеш-последовательность успешно получена
27.03.2020 5:45:18 : Дешифрование пароля успешно завершено
27.03.2020 5:45:21 : Хеш-последовательность успешно получена
27.03.2020 5:45:47 : Дешифрование пароля успешно завершено
27.03.2020 5:45:52 : Хеш-последовательность успешно получена
27.03.2020 5:45:59 : Дешифрование пароля успешно завершено
27.03.2020 5:46:13 : Дешифрование пароля успешно завершено
27.03.2020 5:46:17 : Хеш-последовательность успешно получена
27.03.2020 5:46:27 : Дешифрование пароля успешно завершено
27.03.2020 5:46:41 : Дешифрование пароля успешно завершено
27.03.2020 5:46:45 : Хеш-последовательность успешно получена
27.03.2020 5:47:52 : Дешифрование пароля успешно завершено
27.03.2020 5:47:56 : Хеш-последовательность успешно получена
27.03.2020 5:49:09 : Дешифрование пароля успешно завершено
27.03.2020 5:49:14 : Хеш-последовательность успешно получена
27.03.2020 5:50:10 : Дешифрование пароля успешно завершено
27.03.2020 5:50:15 : Хеш-последовательность успешно получена
27.03.2020 5:50:58 : Дешифрование пароля успешно завершено
27.03.2020 5:51:02 : Хеш-последовательность успешно получена
27.03.2020 5:52:31 : Дешифрование пароля успешно завершено
27.03.2020 5:52:35 : Хеш-последовательность успешно получена
27.03.2020 5:53:13 : Дешифрование пароля успешно завершено
27.03.2020 5:53:18 : Хеш-последовательность успешно получена
27.03.2020 5:53:35 : Дешифрование пароля успешно завершено
27.03.2020 5:53:39 : Хеш-последовательность успешно получена
27.03.2020 5:55:08 : Дешифрование пароля успешно завершено
27.03.2020 5:55:12 : Хеш-последовательность успешно получена
27.03.2020 5:55:21 : Дешифрование пароля успешно завершено
27.03.2020 5:56:27 : Дешифрование пароля успешно завершено
27.03.2020 5:56:31 : Хеш-последовательность успешно получена
27.03.2020 5:58:28 : Дешифрование пароля успешно завершено
27.03.2020 5:58:56 : Дешифрование пароля успешно завершено
27.03.2020 5:59:02 : Хеш-последовательность успешно получена
27.03.2020 6:03:34 : Дешифрование пароля успешно завершено
27.03.2020 6:03:38 : Хеш-последовательность успешно получена
27.03.2020 6:05:17 : Дешифрование пароля успешно завершено
27.03.2020 6:05:23 : Хеш-последовательность успешно получена
27.03.2020 6:08:06 : Дешифрование пароля успешно завершено
27.03.2020 6:08:10 : Хеш-последовательность успешно получена
27.03.2020 6:09:03 : Дешифрование пароля успешно завершено
27.03.2020 6:09:08 : Хеш-последовательность успешно получена
27.03.2020 12:09:35 : Дешифрование пароля успешно завершено
27.03.2020 12:09:40 : Хеш-последовательность успешно получена
27.03.2020 12:15:02 : Дешифрование пароля успешно завершено
27.03.2020 12:15:06 : Хеш-последовательность успешно получена
