15.03.2020 11:49:15 : Дешифрование пароля успешно завершено
15.03.2020 11:49:21 : Хеш-последовательность успешно получена
15.03.2020 11:49:21 : Дешифрование пароля успешно завершено
15.03.2020 11:49:54 : Дешифрование пароля успешно завершено
15.03.2020 11:51:12 : Дешифрование пароля успешно завершено
15.03.2020 11:51:18 : Хеш-последовательность успешно получена
15.03.2020 11:51:18 : Дешифрование пароля успешно завершено
15.03.2020 11:58:42 : Дешифрование пароля успешно завершено
15.03.2020 11:59:19 : Хеш-последовательность успешно получена
15.03.2020 11:59:19 : Дешифрование пароля успешно завершено
15.03.2020 12:00:23 : Дешифрование пароля успешно завершено
15.03.2020 12:00:38 : Хеш-последовательность успешно получена
15.03.2020 12:00:38 : Дешифрование пароля успешно завершено
15.03.2020 12:15:08 : Дешифрование пароля успешно завершено
15.03.2020 12:15:15 : Хеш-последовательность успешно получена
15.03.2020 12:18:48 : Дешифрование пароля успешно завершено
15.03.2020 12:18:55 : Хеш-последовательность успешно получена
15.03.2020 12:20:22 : Дешифрование пароля успешно завершено
15.03.2020 12:20:31 : Хеш-последовательность успешно получена
15.03.2020 12:46:15 : Дешифрование пароля успешно завершено
15.03.2020 12:48:09 : Дешифрование пароля успешно завершено
15.03.2020 12:52:45 : Дешифрование пароля успешно завершено
15.03.2020 12:53:13 : Дешифрование пароля успешно завершено
15.03.2020 12:53:18 : Хеш-последовательность успешно получена
15.03.2020 12:53:19 : Хеш-последовательность успешно получена
15.03.2020 12:53:35 : Дешифрование пароля успешно завершено
15.03.2020 12:53:39 : Хеш-последовательность успешно получена
15.03.2020 12:53:47 : Дешифрование пароля успешно завершено
15.03.2020 12:53:53 : Хеш-последовательность успешно получена
15.03.2020 12:53:53 : Дешифрование пароля успешно завершено
15.03.2020 13:04:42 : Дешифрование пароля успешно завершено
15.03.2020 13:04:47 : Хеш-последовательность успешно получена
15.03.2020 13:04:47 : Дешифрование пароля успешно завершено
15.03.2020 13:07:55 : Дешифрование пароля успешно завершено
15.03.2020 13:08:01 : Хеш-последовательность успешно получена
15.03.2020 13:08:01 : Дешифрование пароля успешно завершено
15.03.2020 13:10:27 : Дешифрование пароля успешно завершено
15.03.2020 13:10:32 : Хеш-последовательность успешно получена
15.03.2020 13:30:01 : Дешифрование пароля успешно завершено
15.03.2020 13:30:08 : Хеш-последовательность успешно получена
15.03.2020 13:30:09 : Дешифрование пароля успешно завершено
15.03.2020 13:38:45 : Дешифрование пароля успешно завершено
15.03.2020 13:38:57 : Дешифрование пароля успешно завершено
15.03.2020 13:39:02 : Хеш-последовательность успешно получена
15.03.2020 13:39:03 : Дешифрование пароля успешно завершено
15.03.2020 13:39:54 : Дешифрование пароля успешно завершено
15.03.2020 13:40:00 : Хеш-последовательность успешно получена
15.03.2020 13:40:00 : Дешифрование пароля успешно завершено
15.03.2020 13:41:02 : Дешифрование пароля успешно завершено
15.03.2020 13:41:07 : Хеш-последовательность успешно получена
15.03.2020 13:41:07 : Дешифрование пароля успешно завершено
15.03.2020 13:42:32 : Дешифрование пароля успешно завершено
15.03.2020 13:42:37 : Хеш-последовательность успешно получена
15.03.2020 13:42:37 : Дешифрование пароля успешно завершено
15.03.2020 13:43:55 : Дешифрование пароля успешно завершено
15.03.2020 13:44:21 : Дешифрование пароля успешно завершено
15.03.2020 13:44:24 : Хеш-последовательность успешно получена
15.03.2020 13:44:25 : Дешифрование пароля успешно завершено
15.03.2020 13:53:07 : Дешифрование пароля успешно завершено
15.03.2020 13:53:11 : Хеш-последовательность успешно получена
15.03.2020 13:53:11 : Дешифрование пароля успешно завершено
15.03.2020 15:46:09 : Дешифрование пароля успешно завершено
15.03.2020 15:46:17 : Хеш-последовательность успешно получена
15.03.2020 16:40:47 : Дешифрование пароля успешно завершено
15.03.2020 16:40:53 : Хеш-последовательность успешно получена
15.03.2020 16:40:58 : System.Exception: Ошибка при подключении к серверу распознавнаия
   в SZMK.ARArhive_F.AddOrder() в C:\Users\thedr\Desktop\Works\SZMK\SZMK\SZMK\ARArhive_F.cs:строка 213
15.03.2020 16:42:34 : Дешифрование пароля успешно завершено
15.03.2020 16:42:39 : Хеш-последовательность успешно получена
15.03.2020 17:57:56 : Дешифрование пароля успешно завершено
15.03.2020 20:08:32 : Дешифрование пароля успешно завершено
15.03.2020 20:10:36 : Дешифрование пароля успешно завершено
15.03.2020 20:10:45 : Хеш-последовательность успешно получена
15.03.2020 20:10:58 : System.Net.Sockets.SocketException (0x80004005): Обычно разрешается только одно использование адреса сокета (протокол/сетевой адрес/порт)
   в System.Net.Sockets.Socket.DoBind(EndPoint endPointSnapshot, SocketAddress socketAddress)
   в System.Net.Sockets.Socket.Bind(EndPoint localEP)
   в System.Net.Sockets.TcpListener.Start(Int32 backlog)
   в System.Net.Sockets.TcpListener.Start()
   в SimpleTCP.Server.ServerListener..ctor(SimpleTcpServer parentServer, IPAddress ipAddress, Int32 port)
   в SimpleTCP.SimpleTcpServer.Start(IPAddress ipAddress, Int32 port)
   в SZMK.ServerMobileAppFindedOrder.Start() в C:\Users\thedr\Desktop\Works\SZMK\SZMK\SZMK\ServerMobileAppFindedOrder.cs:строка 25
   в SZMK.ARArhive_F.SearchOrderScan_TSM_Click(Object sender, EventArgs e) в C:\Users\thedr\Desktop\Works\SZMK\SZMK\SZMK\ARArhive_F.cs:строка 1088
15.03.2020 20:13:04 : Дешифрование пароля успешно завершено
15.03.2020 20:13:10 : Хеш-последовательность успешно получена
15.03.2020 20:13:39 : Дешифрование пароля успешно завершено
15.03.2020 20:13:45 : Хеш-последовательность успешно получена
15.03.2020 20:14:09 : System.Exception: Ошибка при подключении к серверу распознавнаия
   в SZMK.ARArhive_F.AddOrder() в C:\Users\thedr\Desktop\Works\SZMK\SZMK\SZMK\ARArhive_F.cs:строка 214
15.03.2020 20:15:41 : Дешифрование пароля успешно завершено
15.03.2020 20:15:45 : Хеш-последовательность успешно получена
15.03.2020 20:16:35 : System.Exception: Ошибка при подключении к серверу распознавнаия
   в SZMK.ARArhive_F.AddOrder() в C:\Users\thedr\Desktop\Works\SZMK\SZMK\SZMK\ARArhive_F.cs:строка 214
15.03.2020 20:16:37 : System.Net.Sockets.SocketException (0x80004005): Обычно разрешается только одно использование адреса сокета (протокол/сетевой адрес/порт)
   в System.Net.Sockets.Socket.DoBind(EndPoint endPointSnapshot, SocketAddress socketAddress)
   в System.Net.Sockets.Socket.Bind(EndPoint localEP)
   в System.Net.Sockets.TcpListener.Start(Int32 backlog)
   в System.Net.Sockets.TcpListener.Start()
   в SimpleTCP.Server.ServerListener..ctor(SimpleTcpServer parentServer, IPAddress ipAddress, Int32 port)
   в SimpleTCP.SimpleTcpServer.Start(IPAddress ipAddress, Int32 port)
   в SZMK.ServerMobileAppFindedOrder.Start() в C:\Users\thedr\Desktop\Works\SZMK\SZMK\SZMK\ServerMobileAppFindedOrder.cs:строка 25
   в SZMK.ARArhive_F.SearchOrderScan_TSM_Click(Object sender, EventArgs e) в C:\Users\thedr\Desktop\Works\SZMK\SZMK\SZMK\ARArhive_F.cs:строка 1088
15.03.2020 20:16:51 : Дешифрование пароля успешно завершено
15.03.2020 20:16:56 : Хеш-последовательность успешно получена
15.03.2020 20:19:48 : Дешифрование пароля успешно завершено
15.03.2020 20:19:53 : Хеш-последовательность успешно получена
15.03.2020 20:19:54 : Дешифрование пароля успешно завершено
15.03.2020 20:20:14 : Дешифрование пароля успешно завершено
15.03.2020 20:21:47 : Дешифрование пароля успешно завершено
