18.01.2020 12:10:29 : Дешифрование пароля успешно завершено
18.01.2020 12:11:18 : Дешифрование пароля успешно завершено
18.01.2020 12:14:54 : Дешифрование пароля успешно завершено
18.01.2020 12:17:49 : Дешифрование пароля успешно завершено
18.01.2020 12:19:02 : Дешифрование пароля успешно завершено
18.01.2020 12:19:12 : Хеш-последовательность успешно получена
18.01.2020 12:19:12 : Дешифрование пароля успешно завершено
18.01.2020 12:19:53 : Хеш-последовательность успешно получена
18.01.2020 12:21:05 : Дешифрование пароля успешно завершено
18.01.2020 12:21:12 : Хеш-последовательность успешно получена
18.01.2020 12:21:12 : Дешифрование пароля успешно завершено
18.01.2020 12:21:55 : Дешифрование пароля успешно завершено
18.01.2020 12:22:01 : Хеш-последовательность успешно получена
18.01.2020 12:22:01 : Дешифрование пароля успешно завершено
18.01.2020 12:22:49 : Дешифрование пароля успешно завершено
18.01.2020 12:22:56 : Хеш-последовательность успешно получена
18.01.2020 12:22:56 : Дешифрование пароля успешно завершено
18.01.2020 12:23:30 : Хеш-последовательность успешно получена
18.01.2020 12:24:26 : Дешифрование пароля успешно завершено
18.01.2020 12:24:34 : Хеш-последовательность успешно получена
18.01.2020 12:24:34 : Дешифрование пароля успешно завершено
18.01.2020 12:25:06 : Хеш-последовательность успешно получена
18.01.2020 12:25:44 : Дешифрование пароля успешно завершено
18.01.2020 12:25:51 : Хеш-последовательность успешно получена
18.01.2020 12:25:51 : Дешифрование пароля успешно завершено
18.01.2020 12:26:23 : Хеш-последовательность успешно получена
18.01.2020 12:28:23 : Дешифрование пароля успешно завершено
18.01.2020 12:28:31 : Хеш-последовательность успешно получена
18.01.2020 12:28:31 : Дешифрование пароля успешно завершено
18.01.2020 12:29:06 : Хеш-последовательность успешно получена
18.01.2020 12:30:03 : Хеш-последовательность успешно получена
18.01.2020 12:30:13 : Дешифрование пароля успешно завершено
18.01.2020 12:30:20 : Хеш-последовательность успешно получена
18.01.2020 12:30:25 : Хеш-последовательность успешно получена
18.01.2020 12:30:44 : Хеш-последовательность успешно получена
18.01.2020 12:30:44 : Дешифрование пароля успешно завершено
18.01.2020 12:31:23 : Дешифрование пароля успешно завершено
18.01.2020 12:31:30 : Хеш-последовательность успешно получена
18.01.2020 12:31:30 : Дешифрование пароля успешно завершено
18.01.2020 12:33:35 : Хеш-последовательность успешно получена
18.01.2020 12:39:52 : Дешифрование пароля успешно завершено
18.01.2020 12:39:57 : Хеш-последовательность успешно получена
18.01.2020 12:39:58 : Дешифрование пароля успешно завершено
18.01.2020 12:40:37 : Хеш-последовательность успешно получена
18.01.2020 12:47:16 : Дешифрование пароля успешно завершено
18.01.2020 12:47:49 : Дешифрование пароля успешно завершено
18.01.2020 12:48:10 : Дешифрование пароля успешно завершено
18.01.2020 12:52:03 : Дешифрование пароля успешно завершено
18.01.2020 12:52:13 : Хеш-последовательность успешно получена
18.01.2020 12:52:18 : Хеш-последовательность успешно получена
18.01.2020 12:52:18 : Дешифрование пароля успешно завершено
18.01.2020 12:58:40 : Дешифрование пароля успешно завершено
18.01.2020 12:58:54 : Хеш-последовательность успешно получена
18.01.2020 12:58:54 : Дешифрование пароля успешно завершено
18.01.2020 13:36:50 : Дешифрование пароля успешно завершено
18.01.2020 13:36:59 : Хеш-последовательность успешно получена
18.01.2020 13:37:16 : Хеш-последовательность успешно получена
18.01.2020 13:37:54 : Дешифрование пароля успешно завершено
18.01.2020 13:38:07 : Хеш-последовательность успешно получена
18.01.2020 13:38:19 : Хеш-последовательность успешно получена
18.01.2020 13:39:11 : Дешифрование пароля успешно завершено
18.01.2020 13:39:20 : Хеш-последовательность успешно получена
18.01.2020 13:39:29 : Хеш-последовательность успешно получена
18.01.2020 13:40:21 : Хеш-последовательность успешно получена
18.01.2020 13:40:28 : Хеш-последовательность успешно получена
18.01.2020 13:41:23 : Дешифрование пароля успешно завершено
18.01.2020 13:41:32 : Хеш-последовательность успешно получена
18.01.2020 13:41:33 : Хеш-последовательность успешно получена
18.01.2020 13:41:35 : Хеш-последовательность успешно получена
18.01.2020 13:41:35 : Хеш-последовательность успешно получена
18.01.2020 13:41:35 : Хеш-последовательность успешно получена
18.01.2020 13:41:41 : Хеш-последовательность успешно получена
18.01.2020 13:41:46 : Хеш-последовательность успешно получена
18.01.2020 13:41:58 : Хеш-последовательность успешно получена
18.01.2020 13:49:22 : Дешифрование пароля успешно завершено
18.01.2020 13:49:34 : Хеш-последовательность успешно получена
18.01.2020 13:49:41 : Хеш-последовательность успешно получена
18.01.2020 13:50:43 : Дешифрование пароля успешно завершено
18.01.2020 13:50:50 : Хеш-последовательность успешно получена
18.01.2020 13:50:59 : Дешифрование пароля успешно завершено
18.01.2020 13:51:33 : Хеш-последовательность успешно получена
18.01.2020 13:51:38 : Дешифрование пароля успешно завершено
18.01.2020 13:51:46 : Хеш-последовательность успешно получена
18.01.2020 13:53:20 : Дешифрование пароля успешно завершено
18.01.2020 13:53:27 : Хеш-последовательность успешно получена
18.01.2020 13:53:38 : Дешифрование пароля успешно завершено
18.01.2020 13:54:10 : Хеш-последовательность успешно получена
18.01.2020 13:54:15 : Дешифрование пароля успешно завершено
18.01.2020 13:54:23 : Хеш-последовательность успешно получена
18.01.2020 13:57:23 : Дешифрование пароля успешно завершено
18.01.2020 13:57:29 : Хеш-последовательность успешно получена
18.01.2020 13:57:33 : Дешифрование пароля успешно завершено
18.01.2020 13:58:08 : Хеш-последовательность успешно получена
18.01.2020 13:58:13 : Дешифрование пароля успешно завершено
18.01.2020 13:58:48 : Дешифрование пароля успешно завершено
18.01.2020 13:58:53 : Хеш-последовательность успешно получена
18.01.2020 13:58:59 : Дешифрование пароля успешно завершено
18.01.2020 13:59:49 : Хеш-последовательность успешно получена
18.01.2020 14:01:58 : Дешифрование пароля успешно завершено
18.01.2020 14:02:03 : Хеш-последовательность успешно получена
18.01.2020 14:02:08 : Дешифрование пароля успешно завершено
18.01.2020 14:02:47 : Хеш-последовательность успешно получена
18.01.2020 14:03:05 : Дешифрование пароля успешно завершено
18.01.2020 14:03:11 : Хеш-последовательность успешно получена
18.01.2020 14:03:24 : Хеш-последовательность успешно получена
18.01.2020 14:03:24 : Хеш-последовательность успешно получена
18.01.2020 14:03:29 : Хеш-последовательность успешно получена
18.01.2020 14:03:45 : Дешифрование пароля успешно завершено
18.01.2020 14:03:50 : Хеш-последовательность успешно получена
18.01.2020 14:04:34 : Дешифрование пароля успешно завершено
18.01.2020 14:04:40 : Хеш-последовательность успешно получена
18.01.2020 14:05:16 : Хеш-последовательность успешно получена
18.01.2020 14:05:32 : Хеш-последовательность успешно получена
18.01.2020 14:07:06 : Дешифрование пароля успешно завершено
18.01.2020 14:07:15 : Хеш-последовательность успешно получена
18.01.2020 14:07:19 : Хеш-последовательность успешно получена
18.01.2020 14:07:25 : Хеш-последовательность успешно получена
18.01.2020 14:07:33 : Хеш-последовательность успешно получена
18.01.2020 14:07:36 : Хеш-последовательность успешно получена
18.01.2020 14:14:26 : Дешифрование пароля успешно завершено
18.01.2020 14:14:33 : Хеш-последовательность успешно получена
18.01.2020 14:14:33 : Дешифрование пароля успешно завершено
18.01.2020 14:15:04 : Хеш-последовательность успешно получена
18.01.2020 14:15:10 : Дешифрование пароля успешно завершено
18.01.2020 14:15:18 : Хеш-последовательность успешно получена
18.01.2020 14:15:22 : Хеш-последовательность успешно получена
18.01.2020 14:15:22 : Хеш-последовательность успешно получена
18.01.2020 14:15:27 : Хеш-последовательность успешно получена
18.01.2020 14:15:27 : Дешифрование пароля успешно завершено
18.01.2020 14:16:35 : Дешифрование пароля успешно завершено
18.01.2020 14:16:45 : Хеш-последовательность успешно получена
18.01.2020 14:16:45 : Дешифрование пароля успешно завершено
18.01.2020 14:17:38 : Хеш-последовательность успешно получена
18.01.2020 14:17:43 : Дешифрование пароля успешно завершено
18.01.2020 14:17:50 : Хеш-последовательность успешно получена
18.01.2020 14:17:59 : Хеш-последовательность успешно получена
18.01.2020 14:17:59 : Хеш-последовательность успешно получена
18.01.2020 14:18:01 : Хеш-последовательность успешно получена
18.01.2020 14:18:06 : Хеш-последовательность успешно получена
18.01.2020 14:18:06 : Дешифрование пароля успешно завершено
18.01.2020 14:19:36 : Хеш-последовательность успешно получена
18.01.2020 14:19:43 : Дешифрование пароля успешно завершено
18.01.2020 14:19:49 : Хеш-последовательность успешно получена
18.01.2020 14:20:00 : Хеш-последовательность успешно получена
18.01.2020 14:20:00 : Хеш-последовательность успешно получена
18.01.2020 14:20:03 : Хеш-последовательность успешно получена
18.01.2020 14:20:06 : Хеш-последовательность успешно получена
18.01.2020 14:20:07 : Дешифрование пароля успешно завершено
18.01.2020 14:22:25 : Дешифрование пароля успешно завершено
18.01.2020 14:22:36 : Хеш-последовательность успешно получена
18.01.2020 14:22:46 : Хеш-последовательность успешно получена
18.01.2020 14:22:47 : Дешифрование пароля успешно завершено
18.01.2020 15:25:42 : Дешифрование пароля успешно завершено
18.01.2020 15:25:52 : Хеш-последовательность успешно получена
18.01.2020 15:26:01 : Дешифрование пароля успешно завершено
18.01.2020 15:27:22 : Дешифрование пароля успешно завершено
18.01.2020 15:27:27 : Хеш-последовательность успешно получена
18.01.2020 15:27:28 : Дешифрование пароля успешно завершено
18.01.2020 15:31:06 : Дешифрование пароля успешно завершено
18.01.2020 15:31:21 : Хеш-последовательность успешно получена
18.01.2020 15:31:22 : Дешифрование пароля успешно завершено
18.01.2020 15:32:04 : Дешифрование пароля успешно завершено
18.01.2020 15:32:17 : Хеш-последовательность успешно получена
18.01.2020 15:32:17 : Дешифрование пароля успешно завершено
18.01.2020 15:33:19 : Хеш-последовательность успешно получена
18.01.2020 15:33:23 : Дешифрование пароля успешно завершено
18.01.2020 15:33:31 : Хеш-последовательность успешно получена
18.01.2020 15:33:54 : Хеш-последовательность успешно получена
18.01.2020 15:33:54 : Хеш-последовательность успешно получена
18.01.2020 15:33:57 : Хеш-последовательность успешно получена
18.01.2020 15:33:57 : Дешифрование пароля успешно завершено
18.01.2020 15:34:41 : Хеш-последовательность успешно получена
18.01.2020 15:34:46 : Дешифрование пароля успешно завершено
18.01.2020 15:34:52 : Хеш-последовательность успешно получена
18.01.2020 15:35:06 : Хеш-последовательность успешно получена
18.01.2020 15:35:06 : Дешифрование пароля успешно завершено
18.01.2020 15:35:43 : Хеш-последовательность успешно получена
18.01.2020 15:36:14 : Дешифрование пароля успешно завершено
18.01.2020 15:36:19 : Хеш-последовательность успешно получена
18.01.2020 15:36:23 : Хеш-последовательность успешно получена
18.01.2020 15:36:24 : Дешифрование пароля успешно завершено
18.01.2020 15:42:18 : Дешифрование пароля успешно завершено
18.01.2020 15:42:26 : Хеш-последовательность успешно получена
18.01.2020 15:42:26 : Дешифрование пароля успешно завершено
18.01.2020 15:44:44 : Хеш-последовательность успешно получена
18.01.2020 15:46:26 : Дешифрование пароля успешно завершено
18.01.2020 15:46:35 : Хеш-последовательность успешно получена
18.01.2020 15:46:35 : Дешифрование пароля успешно завершено
18.01.2020 15:47:17 : Хеш-последовательность успешно получена
18.01.2020 15:47:31 : Хеш-последовательность успешно получена
18.01.2020 15:48:01 : Хеш-последовательность успешно получена
18.01.2020 15:48:14 : Дешифрование пароля успешно завершено
18.01.2020 15:48:22 : Хеш-последовательность успешно получена
18.01.2020 15:48:23 : Дешифрование пароля успешно завершено
18.01.2020 15:48:51 : Дешифрование пароля успешно завершено
18.01.2020 15:48:57 : Хеш-последовательность успешно получена
18.01.2020 15:49:02 : Хеш-последовательность успешно получена
18.01.2020 15:49:02 : Хеш-последовательность успешно получена
18.01.2020 15:49:06 : Хеш-последовательность успешно получена
18.01.2020 15:49:06 : Дешифрование пароля успешно завершено
18.01.2020 15:50:04 : Хеш-последовательность успешно получена
18.01.2020 15:50:31 : Хеш-последовательность успешно получена
18.01.2020 15:55:16 : Дешифрование пароля успешно завершено
18.01.2020 15:55:23 : Хеш-последовательность успешно получена
18.01.2020 15:55:45 : Хеш-последовательность успешно получена
18.01.2020 15:55:48 : Хеш-последовательность успешно получена
18.01.2020 15:55:54 : Дешифрование пароля успешно завершено
18.01.2020 15:55:58 : Хеш-последовательность успешно получена
18.01.2020 15:56:55 : Дешифрование пароля успешно завершено
18.01.2020 15:57:02 : Хеш-последовательность успешно получена
18.01.2020 16:06:46 : Дешифрование пароля успешно завершено
18.01.2020 16:06:55 : Хеш-последовательность успешно получена
18.01.2020 16:06:55 : Дешифрование пароля успешно завершено
18.01.2020 16:07:39 : Хеш-последовательность успешно получена
18.01.2020 16:12:35 : Дешифрование пароля успешно завершено
18.01.2020 16:12:41 : Хеш-последовательность успешно получена
18.01.2020 16:12:41 : Дешифрование пароля успешно завершено
18.01.2020 16:13:50 : Дешифрование пароля успешно завершено
18.01.2020 16:14:02 : Хеш-последовательность успешно получена
18.01.2020 16:14:03 : Дешифрование пароля успешно завершено
18.01.2020 16:23:27 : Дешифрование пароля успешно завершено
18.01.2020 16:29:26 : Дешифрование пароля успешно завершено
18.01.2020 16:29:35 : Хеш-последовательность успешно получена
18.01.2020 16:29:35 : Дешифрование пароля успешно завершено
18.01.2020 16:30:19 : Хеш-последовательность успешно получена
18.01.2020 16:30:27 : Дешифрование пароля успешно завершено
18.01.2020 16:30:34 : Хеш-последовательность успешно получена
18.01.2020 16:30:44 : Хеш-последовательность успешно получена
18.01.2020 16:30:44 : Хеш-последовательность успешно получена
18.01.2020 16:30:49 : Хеш-последовательность успешно получена
18.01.2020 16:30:52 : Хеш-последовательность успешно получена
18.01.2020 16:30:53 : Дешифрование пароля успешно завершено
18.01.2020 16:33:35 : Дешифрование пароля успешно завершено
18.01.2020 16:33:40 : Хеш-последовательность успешно получена
18.01.2020 16:33:44 : Хеш-последовательность успешно получена
18.01.2020 16:33:45 : Дешифрование пароля успешно завершено
18.01.2020 16:36:01 : Дешифрование пароля успешно завершено
18.01.2020 16:36:08 : Хеш-последовательность успешно получена
18.01.2020 16:36:09 : Дешифрование пароля успешно завершено
18.01.2020 16:36:54 : Получено пустое значение параметра поиска
18.01.2020 16:36:54 : Получено пустое значение параметра поиска
18.01.2020 16:36:54 : Получено пустое значение параметра поиска
18.01.2020 16:36:54 : Получено пустое значение параметра поиска
18.01.2020 16:36:55 : Получено пустое значение параметра поиска
18.01.2020 16:36:55 : Получено пустое значение параметра поиска
18.01.2020 16:51:09 : Дешифрование пароля успешно завершено
18.01.2020 16:52:22 : Дешифрование пароля успешно завершено
18.01.2020 16:52:33 : Хеш-последовательность успешно получена
18.01.2020 16:52:33 : Дешифрование пароля успешно завершено
18.01.2020 16:56:10 : Дешифрование пароля успешно завершено
18.01.2020 16:57:54 : Дешифрование пароля успешно завершено
18.01.2020 16:58:00 : Хеш-последовательность успешно получена
18.01.2020 16:58:00 : Дешифрование пароля успешно завершено
18.01.2020 17:13:25 : Дешифрование пароля успешно завершено
18.01.2020 17:13:33 : Хеш-последовательность успешно получена
18.01.2020 17:13:33 : Дешифрование пароля успешно завершено
18.01.2020 17:23:21 : Дешифрование пароля успешно завершено
18.01.2020 17:24:34 : Дешифрование пароля успешно завершено
18.01.2020 17:24:41 : Хеш-последовательность успешно получена
18.01.2020 17:24:41 : Дешифрование пароля успешно завершено
18.01.2020 17:56:54 : Дешифрование пароля успешно завершено
18.01.2020 18:25:59 : Дешифрование пароля успешно завершено
18.01.2020 18:26:07 : Хеш-последовательность успешно получена
18.01.2020 18:26:07 : Дешифрование пароля успешно завершено
18.01.2020 18:26:40 : Хеш-последовательность успешно получена
18.01.2020 18:26:43 : Дешифрование пароля успешно завершено
18.01.2020 18:26:47 : Хеш-последовательность успешно получена
18.01.2020 18:26:54 : Хеш-последовательность успешно получена
18.01.2020 18:26:54 : Хеш-последовательность успешно получена
18.01.2020 18:26:58 : Хеш-последовательность успешно получена
18.01.2020 18:28:39 : Дешифрование пароля успешно завершено
18.01.2020 18:28:44 : Хеш-последовательность успешно получена
18.01.2020 18:30:44 : Дешифрование пароля успешно завершено
18.01.2020 18:30:49 : Хеш-последовательность успешно получена
18.01.2020 18:32:46 : Дешифрование пароля успешно завершено
18.01.2020 18:33:00 : Хеш-последовательность успешно получена
18.01.2020 18:35:33 : Дешифрование пароля успешно завершено
18.01.2020 18:35:37 : Хеш-последовательность успешно получена
18.01.2020 18:37:08 : Дешифрование пароля успешно завершено
18.01.2020 18:37:13 : Хеш-последовательность успешно получена
18.01.2020 18:39:30 : Дешифрование пароля успешно завершено
18.01.2020 18:39:35 : Хеш-последовательность успешно получена
18.01.2020 18:41:02 : Дешифрование пароля успешно завершено
18.01.2020 18:41:06 : Хеш-последовательность успешно получена
18.01.2020 18:41:31 : Перебор значений по заданным параметрам успешно завершен
18.01.2020 18:49:46 : Дешифрование пароля успешно завершено
18.01.2020 18:49:50 : Хеш-последовательность успешно получена
18.01.2020 18:50:36 : Перебор значений по заданным параметрам успешно завершен
18.01.2020 18:50:50 : Перебор значений по заданным параметрам успешно завершен
18.01.2020 18:50:51 : Количество объектов по параметрам поиска 0
18.01.2020 18:50:55 : Перебор значений по заданным параметрам успешно завершен
18.01.2020 18:50:59 : Перебор значений по заданным параметрам успешно завершен
18.01.2020 18:51:10 : Перебор значений по заданным параметрам успешно завершен
18.01.2020 18:51:39 : Перебор значений по заданным параметрам успешно завершен
18.01.2020 18:51:41 : Количество объектов по параметрам поиска 0
18.01.2020 18:51:44 : Перебор значений по заданным параметрам успешно завершен
18.01.2020 18:51:54 : Перебор значений по заданным параметрам успешно завершен
18.01.2020 18:51:55 : Количество объектов по параметрам поиска 0
18.01.2020 18:51:55 : Перебор значений по заданным параметрам успешно завершен
18.01.2020 18:51:56 : Количество объектов по параметрам поиска 0
18.01.2020 18:52:33 : Перебор значений по заданным параметрам успешно завершен
18.01.2020 18:52:34 : Количество объектов по параметрам поиска 0
18.01.2020 18:52:49 : Перебор значений по заданным параметрам успешно завершен
18.01.2020 18:53:19 : Перебор значений по заданным параметрам успешно завершен
18.01.2020 18:53:37 : Получено пустое значение параметра поиска
18.01.2020 18:53:38 : Перебор значений по заданным параметрам успешно завершен
18.01.2020 18:53:39 : Количество объектов по параметрам поиска 0
18.01.2020 18:53:51 : Перебор значений по заданным параметрам успешно завершен
18.01.2020 18:54:03 : Перебор значений по заданным параметрам успешно завершен
18.01.2020 18:55:37 : Дешифрование пароля успешно завершено
18.01.2020 18:56:05 : Дешифрование пароля успешно завершено
18.01.2020 18:56:13 : Хеш-последовательность успешно получена
18.01.2020 18:56:17 : Хеш-последовательность успешно получена
18.01.2020 18:56:17 : Дешифрование пароля успешно завершено
18.01.2020 19:00:11 : Дешифрование пароля успешно завершено
18.01.2020 19:00:19 : Дешифрование пароля успешно завершено
18.01.2020 19:01:48 : Дешифрование пароля успешно завершено
18.01.2020 19:01:54 : Хеш-последовательность успешно получена
18.01.2020 19:01:54 : Дешифрование пароля успешно завершено
18.01.2020 19:02:10 : Дешифрование пароля успешно завершено
18.01.2020 19:02:17 : Хеш-последовательность успешно получена
18.01.2020 19:02:17 : Дешифрование пароля успешно завершено
18.01.2020 19:02:42 : Хеш-последовательность успешно получена
18.01.2020 19:03:01 : Хеш-последовательность успешно получена
18.01.2020 19:03:43 : Хеш-последовательность успешно получена
18.01.2020 19:03:54 : Хеш-последовательность успешно получена
18.01.2020 19:04:03 : Хеш-последовательность успешно получена
18.01.2020 19:04:31 : Хеш-последовательность успешно получена
18.01.2020 19:04:34 : Дешифрование пароля успешно завершено
18.01.2020 19:04:40 : Хеш-последовательность успешно получена
18.01.2020 19:04:45 : Хеш-последовательность успешно получена
18.01.2020 19:04:45 : Хеш-последовательность успешно получена
18.01.2020 19:04:47 : Хеш-последовательность успешно получена
18.01.2020 19:07:49 : Дешифрование пароля успешно завершено
18.01.2020 19:07:54 : Хеш-последовательность успешно получена
18.01.2020 19:08:01 : Хеш-последовательность успешно получена
18.01.2020 19:08:01 : Хеш-последовательность успешно получена
18.01.2020 19:08:06 : Хеш-последовательность успешно получена
18.01.2020 19:08:23 : Перебор значений по заданным параметрам успешно завершен
18.01.2020 19:08:24 : Перебор значений по заданным параметрам успешно завершен
18.01.2020 19:08:28 : Перебор значений по заданным параметрам успешно завершен
18.01.2020 19:08:28 : Перебор значений по заданным параметрам успешно завершен
18.01.2020 19:08:28 : Перебор значений по заданным параметрам успешно завершен
18.01.2020 19:08:29 : Перебор значений по заданным параметрам успешно завершен
18.01.2020 19:08:31 : Перебор значений по заданным параметрам успешно завершен
18.01.2020 19:08:41 : Перебор значений по заданным параметрам успешно завершен
18.01.2020 19:08:44 : Перебор значений по заданным параметрам успешно завершен
18.01.2020 19:08:44 : Перебор значений по заданным параметрам успешно завершен
18.01.2020 19:08:47 : Перебор значений по заданным параметрам успешно завершен
18.01.2020 19:08:47 : Перебор значений по заданным параметрам успешно завершен
18.01.2020 19:10:09 : Дешифрование пароля успешно завершено
18.01.2020 19:10:16 : Хеш-последовательность успешно получена
18.01.2020 19:10:37 : Перебор значений по заданным параметрам успешно завершен
18.01.2020 19:10:38 : Количество объектов по параметрам поиска 0
18.01.2020 19:10:43 : Перебор значений по заданным параметрам успешно завершен
18.01.2020 19:12:15 : Дешифрование пароля успешно завершено
18.01.2020 19:12:40 : Хеш-последовательность успешно получена
18.01.2020 19:13:08 : Дешифрование пароля успешно завершено
18.01.2020 19:13:28 : Хеш-последовательность успешно получена
18.01.2020 19:13:46 : Дешифрование пароля успешно завершено
18.01.2020 19:13:53 : Хеш-последовательность успешно получена
18.01.2020 19:24:41 : Дешифрование пароля успешно завершено
18.01.2020 19:24:51 : Хеш-последовательность успешно получена
18.01.2020 19:24:56 : Хеш-последовательность успешно получена
18.01.2020 19:24:56 : Хеш-последовательность успешно получена
18.01.2020 19:24:57 : Хеш-последовательность успешно получена
18.01.2020 19:28:45 : Дешифрование пароля успешно завершено
18.01.2020 19:28:49 : Хеш-последовательность успешно получена
18.01.2020 19:28:52 : Хеш-последовательность успешно получена
18.01.2020 19:28:52 : Хеш-последовательность успешно получена
18.01.2020 19:28:54 : Хеш-последовательность успешно получена
18.01.2020 19:33:13 : Дешифрование пароля успешно завершено
18.01.2020 19:34:25 : Дешифрование пароля успешно завершено
18.01.2020 19:34:32 : Хеш-последовательность успешно получена
18.01.2020 19:37:01 : Дешифрование пароля успешно завершено
18.01.2020 19:38:28 : Дешифрование пароля успешно завершено
18.01.2020 19:38:32 : Хеш-последовательность успешно получена
18.01.2020 19:38:35 : Хеш-последовательность успешно получена
18.01.2020 19:39:31 : Дешифрование пароля успешно завершено
18.01.2020 19:39:34 : Хеш-последовательность успешно получена
18.01.2020 19:40:36 : Дешифрование пароля успешно завершено
18.01.2020 19:40:42 : Хеш-последовательность успешно получена
18.01.2020 19:42:19 : Дешифрование пароля успешно завершено
18.01.2020 19:42:25 : Хеш-последовательность успешно получена
18.01.2020 19:44:20 : Дешифрование пароля успешно завершено
18.01.2020 19:45:10 : Дешифрование пароля успешно завершено
18.01.2020 19:45:20 : Хеш-последовательность успешно получена
18.01.2020 19:45:56 : Дешифрование пароля успешно завершено
18.01.2020 19:46:04 : Хеш-последовательность успешно получена
18.01.2020 19:55:37 : Дешифрование пароля успешно завершено
18.01.2020 19:55:41 : Хеш-последовательность успешно получена
18.01.2020 19:56:22 : Дешифрование пароля успешно завершено
18.01.2020 19:56:25 : Хеш-последовательность успешно получена
18.01.2020 19:57:00 : Дешифрование пароля успешно завершено
18.01.2020 19:57:04 : Хеш-последовательность успешно получена
18.01.2020 19:59:56 : Дешифрование пароля успешно завершено
18.01.2020 20:00:04 : Хеш-последовательность успешно получена
18.01.2020 20:12:22 : Дешифрование пароля успешно завершено
18.01.2020 20:12:36 : Хеш-последовательность успешно получена
18.01.2020 20:16:16 : Дешифрование пароля успешно завершено
18.01.2020 20:16:20 : Хеш-последовательность успешно получена
18.01.2020 20:51:35 : Дешифрование пароля успешно завершено
18.01.2020 20:51:48 : Хеш-последовательность успешно получена
18.01.2020 20:53:45 : Дешифрование пароля успешно завершено
18.01.2020 20:53:49 : Хеш-последовательность успешно получена
18.01.2020 20:55:07 : Дешифрование пароля успешно завершено
18.01.2020 20:55:11 : Хеш-последовательность успешно получена
18.01.2020 20:56:26 : Дешифрование пароля успешно завершено
18.01.2020 20:56:31 : Хеш-последовательность успешно получена
18.01.2020 21:01:39 : Дешифрование пароля успешно завершено
18.01.2020 21:01:44 : Хеш-последовательность успешно получена
18.01.2020 21:03:25 : Дешифрование пароля успешно завершено
18.01.2020 21:03:35 : Хеш-последовательность успешно получена
18.01.2020 21:04:41 : Дешифрование пароля успешно завершено
18.01.2020 21:04:46 : Хеш-последовательность успешно получена
18.01.2020 21:11:10 : Дешифрование пароля успешно завершено
18.01.2020 21:11:23 : Хеш-последовательность успешно получена
18.01.2020 21:13:42 : Дешифрование пароля успешно завершено
18.01.2020 21:13:46 : Хеш-последовательность успешно получена
18.01.2020 21:27:51 : Дешифрование пароля успешно завершено
18.01.2020 21:29:36 : Дешифрование пароля успешно завершено
18.01.2020 21:29:40 : Хеш-последовательность успешно получена
18.01.2020 21:31:20 : Дешифрование пароля успешно завершено
18.01.2020 21:31:24 : Хеш-последовательность успешно получена
18.01.2020 21:37:28 : Дешифрование пароля успешно завершено
18.01.2020 21:37:37 : Хеш-последовательность успешно получена
18.01.2020 21:38:18 : Дешифрование пароля успешно завершено
18.01.2020 21:38:22 : Хеш-последовательность успешно получена
18.01.2020 21:57:39 : Дешифрование пароля успешно завершено
18.01.2020 21:57:43 : Хеш-последовательность успешно получена
18.01.2020 21:58:51 : Дешифрование пароля успешно завершено
18.01.2020 21:58:57 : Хеш-последовательность успешно получена
18.01.2020 22:00:03 : Дешифрование пароля успешно завершено
18.01.2020 22:00:07 : Хеш-последовательность успешно получена
18.01.2020 22:02:59 : Дешифрование пароля успешно завершено
18.01.2020 22:03:04 : Хеш-последовательность успешно получена
18.01.2020 22:03:29 : Дешифрование пароля успешно завершено
18.01.2020 22:03:33 : Хеш-последовательность успешно получена
18.01.2020 22:08:39 : Дешифрование пароля успешно завершено
18.01.2020 22:08:43 : Хеш-последовательность успешно получена
18.01.2020 22:10:10 : Дешифрование пароля успешно завершено
18.01.2020 22:10:14 : Хеш-последовательность успешно получена
18.01.2020 22:13:44 : Дешифрование пароля успешно завершено
18.01.2020 22:13:48 : Хеш-последовательность успешно получена
18.01.2020 22:19:15 : Дешифрование пароля успешно завершено
18.01.2020 22:19:19 : Хеш-последовательность успешно получена
18.01.2020 22:21:00 : Дешифрование пароля успешно завершено
18.01.2020 22:21:05 : Хеш-последовательность успешно получена
18.01.2020 22:21:08 : Дешифрование пароля успешно завершено
18.01.2020 22:22:13 : Дешифрование пароля успешно завершено
18.01.2020 22:22:21 : Хеш-последовательность успешно получена
18.01.2020 22:22:21 : Дешифрование пароля успешно завершено
18.01.2020 22:23:22 : Шифрование пароля успешно завершено
18.01.2020 22:23:29 : Дешифрование пароля успешно завершено
18.01.2020 22:23:33 : Хеш-последовательность успешно получена
18.01.2020 22:23:37 : Дешифрование пароля успешно завершено
18.01.2020 22:26:43 : Дешифрование пароля успешно завершено
18.01.2020 22:26:47 : Хеш-последовательность успешно получена
18.01.2020 22:26:50 : Дешифрование пароля успешно завершено
18.01.2020 22:29:26 : Дешифрование пароля успешно завершено
18.01.2020 22:29:33 : Хеш-последовательность успешно получена
18.01.2020 22:29:33 : Дешифрование пароля успешно завершено
18.01.2020 22:31:34 : Шифрование пароля успешно завершено
18.01.2020 22:35:26 : Дешифрование пароля успешно завершено
18.01.2020 22:35:31 : Хеш-последовательность успешно получена
18.01.2020 22:49:16 : Дешифрование пароля успешно завершено
18.01.2020 22:49:21 : Хеш-последовательность успешно получена
18.01.2020 22:52:19 : Дешифрование пароля успешно завершено
18.01.2020 22:52:23 : Хеш-последовательность успешно получена
18.01.2020 22:52:24 : Хеш-последовательность успешно получена
18.01.2020 22:53:23 : Дешифрование пароля успешно завершено
18.01.2020 22:53:27 : Хеш-последовательность успешно получена
18.01.2020 22:56:41 : Дешифрование пароля успешно завершено
18.01.2020 22:58:39 : Дешифрование пароля успешно завершено
18.01.2020 22:58:45 : Хеш-последовательность успешно получена
18.01.2020 23:01:34 : Дешифрование пароля успешно завершено
18.01.2020 23:01:39 : Хеш-последовательность успешно получена
18.01.2020 23:06:03 : Дешифрование пароля успешно завершено
18.01.2020 23:06:07 : Хеш-последовательность успешно получена
18.01.2020 23:11:46 : Дешифрование пароля успешно завершено
18.01.2020 23:11:56 : Хеш-последовательность успешно получена
18.01.2020 23:13:15 : Дешифрование пароля успешно завершено
18.01.2020 23:13:19 : Хеш-последовательность успешно получена
18.01.2020 23:25:27 : Дешифрование пароля успешно завершено
18.01.2020 23:25:31 : Хеш-последовательность успешно получена
18.01.2020 23:25:38 : Дешифрование пароля успешно завершено
18.01.2020 23:27:16 : Дешифрование пароля успешно завершено
18.01.2020 23:27:20 : Хеш-последовательность успешно получена
18.01.2020 23:27:26 : Дешифрование пароля успешно завершено
18.01.2020 23:31:54 : Дешифрование пароля успешно завершено
18.01.2020 23:31:59 : Хеш-последовательность успешно получена
18.01.2020 23:32:04 : Дешифрование пароля успешно завершено
18.01.2020 23:34:59 : Дешифрование пароля успешно завершено
18.01.2020 23:35:05 : Хеш-последовательность успешно получена
18.01.2020 23:35:09 : Дешифрование пароля успешно завершено
18.01.2020 23:47:03 : Дешифрование пароля успешно завершено
18.01.2020 23:47:07 : Хеш-последовательность успешно получена
18.01.2020 23:47:12 : Дешифрование пароля успешно завершено
18.01.2020 23:49:05 : Дешифрование пароля успешно завершено
18.01.2020 23:49:10 : Хеш-последовательность успешно получена
18.01.2020 23:49:15 : Дешифрование пароля успешно завершено
