28.03.2020 11:45:58 : Дешифрование пароля успешно завершено
28.03.2020 11:46:05 : Хеш-последовательность успешно получена
28.03.2020 11:46:18 : Дешифрование пароля успешно завершено
28.03.2020 11:46:22 : Хеш-последовательность успешно получена
28.03.2020 11:48:02 : Дешифрование пароля успешно завершено
28.03.2020 11:48:09 : Хеш-последовательность успешно получена
28.03.2020 11:56:41 : Дешифрование пароля успешно завершено
28.03.2020 11:56:46 : Хеш-последовательность успешно получена
28.03.2020 11:56:54 : System.NullReferenceException: Ссылка на объект не указывает на экземпляр объекта.
   в SZMK.PDO_F.SelectedColumnDGV() в C:\Users\thedr\Desktop\Works\SZMK\SZMK\SZMK\PDO_F.cs:строка 993
28.03.2020 11:57:07 : Дешифрование пароля успешно завершено
28.03.2020 11:57:11 : Хеш-последовательность успешно получена
28.03.2020 11:57:12 : Хеш-последовательность успешно получена
28.03.2020 12:08:13 : Дешифрование пароля успешно завершено
28.03.2020 12:08:19 : Хеш-последовательность успешно получена
28.03.2020 12:11:28 : Дешифрование пароля успешно завершено
28.03.2020 12:11:32 : Хеш-последовательность успешно получена
28.03.2020 12:11:42 : Дешифрование пароля успешно завершено
28.03.2020 12:11:46 : Хеш-последовательность успешно получена
28.03.2020 12:13:28 : Дешифрование пароля успешно завершено
28.03.2020 12:13:32 : Хеш-последовательность успешно получена
28.03.2020 12:14:04 : Дешифрование пароля успешно завершено
28.03.2020 12:14:08 : Хеш-последовательность успешно получена
28.03.2020 12:15:07 : Дешифрование пароля успешно завершено
28.03.2020 12:15:12 : Хеш-последовательность успешно получена
28.03.2020 12:17:54 : Дешифрование пароля успешно завершено
28.03.2020 12:17:59 : Хеш-последовательность успешно получена
28.03.2020 12:18:08 : Дешифрование пароля успешно завершено
28.03.2020 12:18:12 : Хеш-последовательность успешно получена
28.03.2020 12:18:27 : Дешифрование пароля успешно завершено
28.03.2020 12:18:31 : Хеш-последовательность успешно получена
28.03.2020 12:18:54 : Дешифрование пароля успешно завершено
28.03.2020 12:20:51 : Дешифрование пароля успешно завершено
28.03.2020 12:20:56 : Хеш-последовательность успешно получена
28.03.2020 12:21:03 : Дешифрование пароля успешно завершено
28.03.2020 12:21:07 : Хеш-последовательность успешно получена
28.03.2020 12:22:08 : Дешифрование пароля успешно завершено
28.03.2020 12:22:11 : Хеш-последовательность успешно получена
28.03.2020 12:22:26 : Дешифрование пароля успешно завершено
28.03.2020 12:22:30 : Хеш-последовательность успешно получена
28.03.2020 12:22:36 : Дешифрование пароля успешно завершено
28.03.2020 12:22:40 : Хеш-последовательность успешно получена
28.03.2020 12:32:00 : Дешифрование пароля успешно завершено
28.03.2020 12:35:39 : Дешифрование пароля успешно завершено
28.03.2020 12:35:47 : Хеш-последовательность успешно получена
28.03.2020 12:37:05 : Дешифрование пароля успешно завершено
28.03.2020 12:37:09 : Хеш-последовательность успешно получена
28.03.2020 12:37:22 : Дешифрование пароля успешно завершено
28.03.2020 12:37:27 : Хеш-последовательность успешно получена
28.03.2020 12:40:03 : Дешифрование пароля успешно завершено
28.03.2020 12:40:12 : Хеш-последовательность успешно получена
28.03.2020 12:40:26 : Дешифрование пароля успешно завершено
28.03.2020 12:40:29 : Хеш-последовательность успешно получена
28.03.2020 12:41:14 : Дешифрование пароля успешно завершено
28.03.2020 12:41:18 : Хеш-последовательность успешно получена
28.03.2020 12:42:03 : Дешифрование пароля успешно завершено
28.03.2020 12:42:07 : Хеш-последовательность успешно получена
28.03.2020 13:19:09 : Дешифрование пароля успешно завершено
28.03.2020 13:19:14 : Хеш-последовательность успешно получена
28.03.2020 13:19:15 : System.NullReferenceException: Ссылка на объект не указывает на экземпляр объекта.
   в SZMK.ARArhive_F.SelectedColumnDGV() в C:\Users\thedr\Desktop\Works\SZMK\SZMK\SZMK\ARArhive_F.cs:строка 1139
28.03.2020 13:20:52 : Дешифрование пароля успешно завершено
28.03.2020 13:20:57 : Хеш-последовательность успешно получена
28.03.2020 13:20:57 : Дешифрование пароля успешно завершено
28.03.2020 13:21:06 : Дешифрование пароля успешно завершено
28.03.2020 13:21:11 : Хеш-последовательность успешно получена
28.03.2020 13:21:59 : Дешифрование пароля успешно завершено
28.03.2020 13:22:03 : Хеш-последовательность успешно получена
28.03.2020 13:36:49 : Дешифрование пароля успешно завершено
28.03.2020 13:36:54 : Хеш-последовательность успешно получена
28.03.2020 13:39:10 : Дешифрование пароля успешно завершено
28.03.2020 13:39:14 : Хеш-последовательность успешно получена
28.03.2020 13:41:09 : Дешифрование пароля успешно завершено
28.03.2020 13:41:12 : Хеш-последовательность успешно получена
28.03.2020 13:41:27 : Дешифрование пароля успешно завершено
28.03.2020 13:41:31 : Хеш-последовательность успешно получена
28.03.2020 13:42:45 : Дешифрование пароля успешно завершено
28.03.2020 13:42:52 : Хеш-последовательность успешно получена
28.03.2020 13:43:03 : Дешифрование пароля успешно завершено
28.03.2020 13:43:07 : Хеш-последовательность успешно получена
28.03.2020 13:43:55 : Дешифрование пароля успешно завершено
28.03.2020 13:45:40 : Дешифрование пароля успешно завершено
28.03.2020 13:45:43 : Хеш-последовательность успешно получена
28.03.2020 13:46:28 : Дешифрование пароля успешно завершено
28.03.2020 13:46:32 : Хеш-последовательность успешно получена
28.03.2020 13:46:49 : Дешифрование пароля успешно завершено
28.03.2020 13:46:53 : Хеш-последовательность успешно получена
28.03.2020 13:47:05 : Дешифрование пароля успешно завершено
28.03.2020 13:47:09 : Хеш-последовательность успешно получена
28.03.2020 13:47:23 : Дешифрование пароля успешно завершено
28.03.2020 13:47:27 : Хеш-последовательность успешно получена
28.03.2020 13:48:25 : Дешифрование пароля успешно завершено
28.03.2020 13:48:29 : Хеш-последовательность успешно получена
28.03.2020 13:49:40 : Дешифрование пароля успешно завершено
28.03.2020 13:49:44 : Хеш-последовательность успешно получена
28.03.2020 13:51:19 : Дешифрование пароля успешно завершено
28.03.2020 13:51:25 : Хеш-последовательность успешно получена
28.03.2020 13:52:26 : Дешифрование пароля успешно завершено
28.03.2020 13:52:35 : Хеш-последовательность успешно получена
28.03.2020 13:52:45 : Дешифрование пароля успешно завершено
28.03.2020 13:52:49 : Хеш-последовательность успешно получена
28.03.2020 13:53:39 : Дешифрование пароля успешно завершено
28.03.2020 13:53:43 : Хеш-последовательность успешно получена
28.03.2020 13:56:45 : Дешифрование пароля успешно завершено
28.03.2020 13:56:52 : Хеш-последовательность успешно получена
28.03.2020 14:06:43 : Дешифрование пароля успешно завершено
28.03.2020 14:06:47 : Хеш-последовательность успешно получена
28.03.2020 14:09:03 : Дешифрование пароля успешно завершено
28.03.2020 14:09:08 : Хеш-последовательность успешно получена
28.03.2020 14:09:20 : Дешифрование пароля успешно завершено
28.03.2020 14:09:24 : Хеш-последовательность успешно получена
28.03.2020 14:09:35 : Дешифрование пароля успешно завершено
28.03.2020 14:09:39 : Хеш-последовательность успешно получена
28.03.2020 14:10:52 : Дешифрование пароля успешно завершено
28.03.2020 14:10:57 : Хеш-последовательность успешно получена
28.03.2020 14:11:07 : Дешифрование пароля успешно завершено
28.03.2020 14:11:12 : Хеш-последовательность успешно получена
28.03.2020 15:02:47 : Дешифрование пароля успешно завершено
28.03.2020 15:02:52 : Хеш-последовательность успешно получена
28.03.2020 15:03:01 : Дешифрование пароля успешно завершено
28.03.2020 15:03:05 : Хеш-последовательность успешно получена
28.03.2020 15:03:11 : Дешифрование пароля успешно завершено
28.03.2020 15:03:16 : Хеш-последовательность успешно получена
28.03.2020 15:03:26 : Дешифрование пароля успешно завершено
28.03.2020 15:03:30 : Хеш-последовательность успешно получена
28.03.2020 15:04:24 : Дешифрование пароля успешно завершено
28.03.2020 15:04:29 : Хеш-последовательность успешно получена
28.03.2020 15:06:02 : Дешифрование пароля успешно завершено
28.03.2020 15:06:06 : Хеш-последовательность успешно получена
28.03.2020 15:07:41 : Дешифрование пароля успешно завершено
28.03.2020 15:07:46 : Хеш-последовательность успешно получена
28.03.2020 15:09:30 : Дешифрование пароля успешно завершено
28.03.2020 15:09:35 : Хеш-последовательность успешно получена
28.03.2020 15:10:37 : Дешифрование пароля успешно завершено
28.03.2020 15:10:42 : Хеш-последовательность успешно получена
28.03.2020 15:11:19 : Дешифрование пароля успешно завершено
28.03.2020 15:11:25 : Хеш-последовательность успешно получена
28.03.2020 15:12:21 : Дешифрование пароля успешно завершено
28.03.2020 15:12:30 : Хеш-последовательность успешно получена
28.03.2020 15:13:15 : Дешифрование пароля успешно завершено
28.03.2020 15:13:21 : Хеш-последовательность успешно получена
28.03.2020 15:13:38 : Дешифрование пароля успешно завершено
28.03.2020 15:13:44 : Хеш-последовательность успешно получена
28.03.2020 15:15:33 : Дешифрование пароля успешно завершено
28.03.2020 15:15:44 : Дешифрование пароля успешно завершено
28.03.2020 15:15:49 : Хеш-последовательность успешно получена
28.03.2020 15:16:12 : Дешифрование пароля успешно завершено
28.03.2020 15:16:17 : Хеш-последовательность успешно получена
28.03.2020 15:16:23 : Дешифрование пароля успешно завершено
28.03.2020 15:16:27 : Хеш-последовательность успешно получена
28.03.2020 15:16:41 : Дешифрование пароля успешно завершено
28.03.2020 15:16:44 : Хеш-последовательность успешно получена
28.03.2020 15:16:54 : Дешифрование пароля успешно завершено
28.03.2020 15:16:58 : Хеш-последовательность успешно получена
28.03.2020 15:17:37 : Дешифрование пароля успешно завершено
28.03.2020 15:17:41 : Хеш-последовательность успешно получена
28.03.2020 15:17:53 : Дешифрование пароля успешно завершено
28.03.2020 15:17:57 : Хеш-последовательность успешно получена
28.03.2020 15:18:10 : Дешифрование пароля успешно завершено
28.03.2020 15:18:15 : Хеш-последовательность успешно получена
