02.01.2020 0:28:27 : Дешифрование пароля успешно завершено
02.01.2020 0:28:50 : Дешифрование пароля успешно завершено
02.01.2020 0:28:57 : Хеш-последовательность успешно получена
02.01.2020 0:43:33 : Дешифрование пароля успешно завершено
02.01.2020 20:24:16 : Дешифрование пароля успешно завершено
02.01.2020 20:24:22 : Хеш-последовательность успешно получена
02.01.2020 20:25:45 : Дешифрование пароля успешно завершено
02.01.2020 20:27:26 : Дешифрование пароля успешно завершено
02.01.2020 20:27:33 : Хеш-последовательность успешно получена
02.01.2020 20:27:34 : Хеш-последовательность успешно получена
02.01.2020 20:29:39 : Дешифрование пароля успешно завершено
02.01.2020 20:29:44 : Хеш-последовательность успешно получена
02.01.2020 20:32:36 : Дешифрование пароля успешно завершено
02.01.2020 20:32:42 : Хеш-последовательность успешно получена
02.01.2020 20:36:23 : Дешифрование пароля успешно завершено
02.01.2020 20:36:29 : Хеш-последовательность успешно получена
02.01.2020 20:45:54 : Дешифрование пароля успешно завершено
02.01.2020 20:46:02 : Хеш-последовательность успешно получена
02.01.2020 20:46:59 : Дешифрование пароля успешно завершено
02.01.2020 20:47:07 : Дешифрование пароля успешно завершено
02.01.2020 20:47:12 : Хеш-последовательность успешно получена
02.01.2020 20:47:55 : Дешифрование пароля успешно завершено
02.01.2020 20:48:00 : Хеш-последовательность успешно получена
02.01.2020 20:49:45 : Дешифрование пароля успешно завершено
02.01.2020 20:49:50 : Хеш-последовательность успешно получена
02.01.2020 21:01:42 : Дешифрование пароля успешно завершено
02.01.2020 21:01:48 : Хеш-последовательность успешно получена
02.01.2020 21:01:49 : Хеш-последовательность успешно получена
02.01.2020 21:04:07 : Дешифрование пароля успешно завершено
02.01.2020 21:04:13 : Хеш-последовательность успешно получена
02.01.2020 21:04:28 : Перебор значений по заданным параметрам успешно завершен
02.01.2020 21:04:33 : Получено пустое значение параметра поиска
02.01.2020 21:08:22 : Дешифрование пароля успешно завершено
02.01.2020 21:08:27 : Хеш-последовательность успешно получена
02.01.2020 21:08:47 : Перебор значений по заданным параметрам успешно завершен
02.01.2020 21:09:00 : Получено пустое значение параметра поиска
02.01.2020 21:09:09 : Перебор значений по заданным параметрам успешно завершен
02.01.2020 21:09:10 : Количество объектов по параметрам поиска 0
02.01.2020 21:10:02 : Дешифрование пароля успешно завершено
02.01.2020 21:10:10 : Хеш-последовательность успешно получена
02.01.2020 21:10:10 : Дешифрование пароля успешно завершено
02.01.2020 21:17:21 : Дешифрование пароля успешно завершено
02.01.2020 21:17:27 : Хеш-последовательность успешно получена
02.01.2020 21:17:28 : Дешифрование пароля успешно завершено
02.01.2020 21:37:30 : Дешифрование пароля успешно завершено
02.01.2020 21:37:39 : Хеш-последовательность успешно получена
02.01.2020 21:46:57 : Дешифрование пароля успешно завершено
02.01.2020 21:47:02 : Хеш-последовательность успешно получена
02.01.2020 21:47:12 : Перебор значений по заданным параметрам успешно завершен
02.01.2020 21:49:48 : Дешифрование пароля успешно завершено
02.01.2020 21:49:55 : Хеш-последовательность успешно получена
02.01.2020 21:49:55 : Дешифрование пароля успешно завершено
02.01.2020 21:50:25 : Дешифрование пароля успешно завершено
02.01.2020 21:50:30 : Хеш-последовательность успешно получена
