12.01.2020 12:08:41 : Дешифрование пароля успешно завершено
12.01.2020 12:09:28 : Дешифрование пароля успешно завершено
12.01.2020 12:09:37 : Дешифрование пароля успешно завершено
12.01.2020 12:10:10 : Дешифрование пароля успешно завершено
12.01.2020 12:10:29 : Хеш-последовательность успешно получена
12.01.2020 12:11:08 : Получено пустое значение параметра поиска
12.01.2020 12:11:09 : Получено пустое значение параметра поиска
12.01.2020 12:12:27 : Дешифрование пароля успешно завершено
12.01.2020 12:12:35 : Хеш-последовательность успешно получена
12.01.2020 12:14:40 : Дешифрование пароля успешно завершено
12.01.2020 12:14:48 : Хеш-последовательность успешно получена
12.01.2020 12:15:32 : Дешифрование пароля успешно завершено
12.01.2020 12:15:41 : Хеш-последовательность успешно получена
12.01.2020 12:52:41 : Дешифрование пароля успешно завершено
12.01.2020 12:52:54 : Хеш-последовательность успешно получена
12.01.2020 12:55:19 : Дешифрование пароля успешно завершено
12.01.2020 12:55:25 : Хеш-последовательность успешно получена
12.01.2020 13:04:05 : Дешифрование пароля успешно завершено
12.01.2020 13:04:12 : Хеш-последовательность успешно получена
12.01.2020 13:04:45 : Дешифрование пароля успешно завершено
12.01.2020 13:04:55 : Хеш-последовательность успешно получена
12.01.2020 13:07:15 : Дешифрование пароля успешно завершено
12.01.2020 13:07:20 : Хеш-последовательность успешно получена
12.01.2020 13:57:25 : Дешифрование пароля успешно завершено
12.01.2020 13:57:36 : Хеш-последовательность успешно получена
12.01.2020 13:57:38 : Хеш-последовательность успешно получена
12.01.2020 14:00:01 : Дешифрование пароля успешно завершено
12.01.2020 14:00:08 : Хеш-последовательность успешно получена
12.01.2020 14:02:09 : Дешифрование пароля успешно завершено
12.01.2020 14:02:16 : Хеш-последовательность успешно получена
12.01.2020 14:14:35 : Дешифрование пароля успешно завершено
12.01.2020 14:14:43 : Хеш-последовательность успешно получена
12.01.2020 14:21:44 : Дешифрование пароля успешно завершено
12.01.2020 14:21:50 : Хеш-последовательность успешно получена
12.01.2020 14:23:20 : Дешифрование пароля успешно завершено
12.01.2020 14:23:26 : Хеш-последовательность успешно получена
12.01.2020 14:25:41 : Дешифрование пароля успешно завершено
12.01.2020 14:25:52 : Хеш-последовательность успешно получена
12.01.2020 14:32:46 : Дешифрование пароля успешно завершено
12.01.2020 14:32:55 : Хеш-последовательность успешно получена
12.01.2020 14:32:57 : Хеш-последовательность успешно получена
12.01.2020 14:32:58 : Хеш-последовательность успешно получена
12.01.2020 14:33:03 : Хеш-последовательность успешно получена
12.01.2020 14:50:30 : Дешифрование пароля успешно завершено
12.01.2020 14:50:39 : Хеш-последовательность успешно получена
12.01.2020 14:52:05 : Дешифрование пароля успешно завершено
12.01.2020 14:53:08 : Хеш-последовательность успешно получена
12.01.2020 14:53:09 : Дешифрование пароля успешно завершено
12.01.2020 15:01:26 : Дешифрование пароля успешно завершено
12.01.2020 15:01:39 : Хеш-последовательность успешно получена
12.01.2020 15:05:06 : Дешифрование пароля успешно завершено
12.01.2020 15:05:16 : Хеш-последовательность успешно получена
12.01.2020 18:30:47 : Дешифрование пароля успешно завершено
12.01.2020 18:30:52 : Хеш-последовательность успешно получена
12.01.2020 18:30:57 : Хеш-последовательность успешно получена
12.01.2020 18:31:01 : Хеш-последовательность успешно получена
12.01.2020 18:31:01 : Дешифрование пароля успешно завершено
12.01.2020 18:31:36 : Обычно разрешается только одно использование адреса сокета (протокол/сетевой адрес/порт)
12.01.2020 18:31:43 : Ошибка запуска сервера
12.01.2020 18:31:52 : Закрытие сервера
12.01.2020 18:32:23 : Запущено слушание клиентов и найдена директория темповых файлов
12.01.2020 18:32:23 : Сервер успешно запущен
12.01.2020 18:32:31 : Сервер свернут в трей
12.01.2020 18:32:43 : Сервер развернут из трея
12.01.2020 18:32:45 : Закрытие сервера
12.01.2020 18:33:25 : Запущено слушание клиентов и найдена директория темповых файлов
12.01.2020 18:33:25 : Сервер успешно запущен
12.01.2020 18:33:30 : Сервер свернут в трей
12.01.2020 18:33:33 : Обычно разрешается только одно использование адреса сокета (протокол/сетевой адрес/порт)
12.01.2020 18:33:33 : Ошибка запуска сервера
12.01.2020 18:33:37 : Закрытие сервера
12.01.2020 18:33:39 : Сервер развернут из трея
12.01.2020 18:33:41 : Закрытие сервера
12.01.2020 18:47:59 : Дешифрование пароля успешно завершено
12.01.2020 18:48:04 : Хеш-последовательность успешно получена
12.01.2020 18:48:04 : Дешифрование пароля успешно завершено
12.01.2020 18:48:10 : Запущено слушание клиентов и найдена директория темповых файлов
12.01.2020 18:48:10 : Сервер успешно запущен
12.01.2020 18:48:34 : Закрытие сервера
12.01.2020 18:48:39 : Запущено слушание клиентов и найдена директория темповых файлов
12.01.2020 18:48:39 : Сервер успешно запущен
12.01.2020 18:48:41 : Обычно разрешается только одно использование адреса сокета (протокол/сетевой адрес/порт)
12.01.2020 18:48:42 : Ошибка запуска сервера
12.01.2020 18:48:46 : Сервер свернут в трей
12.01.2020 18:48:46 : Сервер свернут в трей
12.01.2020 18:48:53 : Сервер развернут из трея
12.01.2020 18:48:54 : Закрытие сервера
12.01.2020 18:48:56 : Сервер развернут из трея
12.01.2020 18:48:57 : Закрытие сервера
12.01.2020 18:49:40 : Запущено слушание клиентов и найдена директория темповых файлов
12.01.2020 18:49:40 : Сервер успешно запущен
12.01.2020 18:49:41 : Обычно разрешается только одно использование адреса сокета (протокол/сетевой адрес/порт)
12.01.2020 18:49:42 : Ошибка запуска сервера
12.01.2020 18:49:44 : Закрытие сервера
12.01.2020 18:52:43 : Дешифрование пароля успешно завершено
12.01.2020 18:52:48 : Хеш-последовательность успешно получена
12.01.2020 18:52:48 : Дешифрование пароля успешно завершено
12.01.2020 18:52:54 : Запущено слушание клиентов и найдена директория темповых файлов
12.01.2020 18:52:54 : Сервер успешно запущен
12.01.2020 18:53:03 : Закрытие сервера
12.01.2020 19:01:17 : Дешифрование пароля успешно завершено
12.01.2020 19:01:25 : Хеш-последовательность успешно получена
12.01.2020 19:01:25 : Дешифрование пароля успешно завершено
12.01.2020 19:04:01 : Дешифрование пароля успешно завершено
12.01.2020 19:08:06 : Хеш-последовательность успешно получена
12.01.2020 19:08:06 : Дешифрование пароля успешно завершено
12.01.2020 19:08:21 : Дешифрование пароля успешно завершено
12.01.2020 19:08:27 : Хеш-последовательность успешно получена
12.01.2020 19:08:27 : Дешифрование пароля успешно завершено
12.01.2020 19:08:35 : Запущено слушание клиентов и найдена директория темповых файлов
12.01.2020 19:08:35 : C:\Users\thedr\Desktop\Works\SZMK\SZMK\SZMK\bin\Debug
12.01.2020 19:08:36 : Закрытие сервера
12.01.2020 19:17:47 : Дешифрование пароля успешно завершено
12.01.2020 19:17:58 : Хеш-последовательность успешно получена
12.01.2020 19:17:58 : Дешифрование пароля успешно завершено
12.01.2020 19:20:25 : Дешифрование пароля успешно завершено
12.01.2020 19:20:31 : Хеш-последовательность успешно получена
12.01.2020 19:20:31 : Дешифрование пароля успешно завершено
12.01.2020 19:21:11 : Дешифрование пароля успешно завершено
12.01.2020 19:21:21 : Хеш-последовательность успешно получена
12.01.2020 19:21:21 : Дешифрование пароля успешно завершено
12.01.2020 19:23:37 : Дешифрование пароля успешно завершено
12.01.2020 19:23:42 : Хеш-последовательность успешно получена
12.01.2020 19:23:43 : Дешифрование пароля успешно завершено
12.01.2020 19:44:46 : Дешифрование пароля успешно завершено
12.01.2020 19:44:55 : Хеш-последовательность успешно получена
12.01.2020 19:44:56 : Дешифрование пароля успешно завершено
12.01.2020 19:47:39 : Дешифрование пароля успешно завершено
12.01.2020 19:47:45 : Хеш-последовательность успешно получена
12.01.2020 19:47:46 : Дешифрование пароля успешно завершено
12.01.2020 19:49:09 : Дешифрование пароля успешно завершено
12.01.2020 19:49:15 : Хеш-последовательность успешно получена
12.01.2020 19:49:15 : Дешифрование пароля успешно завершено
12.01.2020 19:49:20 : Запущено слушание клиентов и найдена директория темповых файлов
12.01.2020 19:49:20 : C:\Users\thedr\Desktop\Works\SZMK\SZMK\SZMK\bin\Debug
12.01.2020 19:49:22 : Сервер свернут в трей
12.01.2020 19:50:17 : Дешифрование пароля успешно завершено
12.01.2020 19:50:23 : Хеш-последовательность успешно получена
12.01.2020 19:50:24 : Дешифрование пароля успешно завершено
12.01.2020 19:50:24 : Была проведена проверка соединения пользователем Admin
12.01.2020 19:51:57 : Дешифрование пароля успешно завершено
12.01.2020 19:52:02 : Хеш-последовательность успешно получена
12.01.2020 19:52:02 : Дешифрование пароля успешно завершено
12.01.2020 19:52:02 : Была проведена проверка соединения пользователем Admin
12.01.2020 19:52:07 : Была проведена проверка соединения пользователем Admin
12.01.2020 19:53:31 : Дешифрование пароля успешно завершено
12.01.2020 19:53:39 : Дешифрование пароля успешно завершено
12.01.2020 19:53:50 : Хеш-последовательность успешно получена
12.01.2020 19:53:50 : Дешифрование пароля успешно завершено
12.01.2020 19:53:50 : Была проведена проверка соединения пользователем Admin
12.01.2020 19:53:55 : Была проведена проверка соединения пользователем Admin
12.01.2020 19:55:27 : Дешифрование пароля успешно завершено
12.01.2020 19:56:25 : Дешифрование пароля успешно завершено
12.01.2020 19:56:29 : Хеш-последовательность успешно получена
12.01.2020 19:56:29 : Дешифрование пароля успешно завершено
12.01.2020 19:56:29 : Была проведена проверка соединения пользователем Admin
12.01.2020 19:56:35 : Сервер развернут из трея
12.01.2020 19:56:37 : Закрытие сервера
